	.text
	.syntax unified
	.eabi_attribute	67, "2.09"	@ Tag_conformance
	.cpu	cortex-m23
	.eabi_attribute	6, 16	@ Tag_CPU_arch
	.eabi_attribute	7, 77	@ Tag_CPU_arch_profile
	.eabi_attribute	8, 0	@ Tag_ARM_ISA_use
	.eabi_attribute	9, 3	@ Tag_THUMB_ISA_use
	.eabi_attribute	34, 0	@ Tag_CPU_unaligned_access
	.eabi_attribute	17, 1	@ Tag_ABI_PCS_GOT_use
	.eabi_attribute	20, 2	@ Tag_ABI_FP_denormal
	.eabi_attribute	21, 0	@ Tag_ABI_FP_exceptions
	.eabi_attribute	23, 1	@ Tag_ABI_FP_number_model
	.eabi_attribute	24, 1	@ Tag_ABI_align_needed
	.eabi_attribute	25, 1	@ Tag_ABI_align_preserved
	.eabi_attribute	38, 1	@ Tag_ABI_FP_16bit_format
	.eabi_attribute	18, 2	@ Tag_ABI_PCS_wchar_t
	.eabi_attribute	26, 1	@ Tag_ABI_enum_size
	.eabi_attribute	14, 0	@ Tag_ABI_PCS_R9_use
	.file	"crc.c"
	.file	1 "C:\\Keil_v5\\ARM\\ARMCLANG\\Bin\\..\\include" "stdint.h"
	.file	2 "E:\\ROBOCON2024\\01. Coding\\Nuvoton\\demo_robot_3wheel\\SampleCode\\NuCodeGen\\DemoCodeGen\\KEIL" "../../../../Library/Device/Nuvoton/M251/Include/crc_reg.h"
	.section	.text.CRC_Open,"ax",%progbits
	.hidden	CRC_Open                        @ -- Begin function CRC_Open
	.globl	CRC_Open
	.p2align	2
	.type	CRC_Open,%function
	.code	16                              @ @CRC_Open
	.thumb_func
CRC_Open:
.Lfunc_begin0:
	.file	3 "E:\\ROBOCON2024\\01. Coding\\Nuvoton\\demo_robot_3wheel\\SampleCode\\NuCodeGen\\DemoCodeGen\\KEIL" "../../../../Library/StdDriver/src/crc.c"
	.loc	3 47 0                          @ ../../../../Library/StdDriver/src/crc.c:47:0
	.fnstart
	.cfi_sections .debug_frame
	.cfi_startproc
@ %bb.0:
	.pad	#16
	sub	sp, #16
	.cfi_def_cfa_offset 16
	str	r0, [sp, #12]
	str	r1, [sp, #8]
	str	r2, [sp, #4]
	str	r3, [sp]
.Ltmp0:
	.loc	3 48 17 prologue_end            @ ../../../../Library/StdDriver/src/crc.c:48:17
	ldr	r0, [sp, #4]
	ldr	r1, __arm_cp.0_0
	.loc	3 48 15 is_stmt 0               @ ../../../../Library/StdDriver/src/crc.c:48:15
	str	r0, [r1]
	.loc	3 49 16 is_stmt 1               @ ../../../../Library/StdDriver/src/crc.c:49:16
	ldr	r0, [sp, #12]
	.loc	3 49 26 is_stmt 0               @ ../../../../Library/StdDriver/src/crc.c:49:26
	ldr	r1, [sp, #8]
	.loc	3 49 24                         @ ../../../../Library/StdDriver/src/crc.c:49:24
	orrs	r0, r1
	.loc	3 49 41                         @ ../../../../Library/StdDriver/src/crc.c:49:41
	ldr	r1, [sp]
	.loc	3 49 39                         @ ../../../../Library/StdDriver/src/crc.c:49:39
	orrs	r0, r1
	movs	r1, #1
	.loc	3 49 52                         @ ../../../../Library/StdDriver/src/crc.c:49:52
	orrs	r0, r1
	ldr	r1, __arm_cp.0_1
	.loc	3 49 14                         @ ../../../../Library/StdDriver/src/crc.c:49:14
	str	r0, [r1]
	.loc	3 52 14 is_stmt 1               @ ../../../../Library/StdDriver/src/crc.c:52:14
	ldr	r0, [r1]
	movs	r2, #2
	orrs	r0, r2
	str	r0, [r1]
	.loc	3 53 1                          @ ../../../../Library/StdDriver/src/crc.c:53:1
	add	sp, #16
	bx	lr
.Ltmp1:
	.p2align	2
@ %bb.1:
	.loc	3 0 1 is_stmt 0                 @ ../../../../Library/StdDriver/src/crc.c:0:1
__arm_cp.0_0:
	.long	1073942536                      @ 0x40031008
.Lcpi_end0:
	.size	__arm_cp.0_0, .Lcpi_end0-__arm_cp.0_0
__arm_cp.0_1:
	.long	1073942528                      @ 0x40031000
.Lcpi_end1:
	.size	__arm_cp.0_1, .Lcpi_end1-__arm_cp.0_1
.Lfunc_end0:
	.size	CRC_Open, .Lfunc_end0-CRC_Open
	.cfi_endproc
	.cantunwind
	.fnend
                                        @ -- End function
	.section	.text.CRC_GetChecksum,"ax",%progbits
	.hidden	CRC_GetChecksum                 @ -- Begin function CRC_GetChecksum
	.globl	CRC_GetChecksum
	.p2align	2
	.type	CRC_GetChecksum,%function
	.code	16                              @ @CRC_GetChecksum
	.thumb_func
CRC_GetChecksum:
.Lfunc_begin1:
	.loc	3 63 0 is_stmt 1                @ ../../../../Library/StdDriver/src/crc.c:63:0
	.fnstart
	.cfi_startproc
@ %bb.0:
	.pad	#8
	sub	sp, #8
	.cfi_def_cfa_offset 8
	ldr	r0, __arm_cp.1_0
.Ltmp2:
	.loc	3 66 18 prologue_end            @ ../../../../Library/StdDriver/src/crc.c:66:18
	ldr	r0, [r0]
	movs	r1, #3
	lsls	r1, r1, #30
	.loc	3 66 22 is_stmt 0               @ ../../../../Library/StdDriver/src/crc.c:66:22
	ands	r0, r1
	str	r0, [sp]                        @ 4-byte Spill
	movs	r1, #1
	lsls	r1, r1, #31
	.loc	3 66 5                          @ ../../../../Library/StdDriver/src/crc.c:66:5
	cmp	r0, r1
	beq	.LBB1_4
	b	.LBB1_1
.LBB1_1:
	.loc	3 0 5                           @ ../../../../Library/StdDriver/src/crc.c:0:5
	ldr	r0, [sp]                        @ 4-byte Reload
	movs	r1, #3
	lsls	r1, r1, #30
	.loc	3 66 5                          @ ../../../../Library/StdDriver/src/crc.c:66:5
	cmp	r0, r1
	beq	.LBB1_5
	b	.LBB1_2
.LBB1_2:
	ldr	r0, [sp]                        @ 4-byte Reload
	cbz	r0, .LBB1_4
	b	.LBB1_3
.LBB1_3:
	.loc	3 0 5                           @ ../../../../Library/StdDriver/src/crc.c:0:5
	ldr	r0, [sp]                        @ 4-byte Reload
	movs	r1, #1
	lsls	r1, r1, #30
	.loc	3 66 5                          @ ../../../../Library/StdDriver/src/crc.c:66:5
	cmp	r0, r1
	beq	.LBB1_6
	b	.LBB1_7
.LBB1_4:
	.loc	3 0 5                           @ ../../../../Library/StdDriver/src/crc.c:0:5
	ldr	r0, __arm_cp.1_1
.Ltmp3:
	.loc	3 70 25 is_stmt 1               @ ../../../../Library/StdDriver/src/crc.c:70:25
	ldr	r0, [r0]
	.loc	3 70 34 is_stmt 0               @ ../../../../Library/StdDriver/src/crc.c:70:34
	uxth	r0, r0
	.loc	3 70 17                         @ ../../../../Library/StdDriver/src/crc.c:70:17
	str	r0, [sp, #4]
	.loc	3 71 13 is_stmt 1               @ ../../../../Library/StdDriver/src/crc.c:71:13
	b	.LBB1_8
.LBB1_5:
	.loc	3 0 13 is_stmt 0                @ ../../../../Library/StdDriver/src/crc.c:0:13
	ldr	r0, __arm_cp.1_1
	.loc	3 74 25 is_stmt 1               @ ../../../../Library/StdDriver/src/crc.c:74:25
	ldr	r0, [r0]
	.loc	3 74 17 is_stmt 0               @ ../../../../Library/StdDriver/src/crc.c:74:17
	str	r0, [sp, #4]
	.loc	3 75 13 is_stmt 1               @ ../../../../Library/StdDriver/src/crc.c:75:13
	b	.LBB1_8
.LBB1_6:
	.loc	3 0 13 is_stmt 0                @ ../../../../Library/StdDriver/src/crc.c:0:13
	ldr	r0, __arm_cp.1_1
	.loc	3 78 25 is_stmt 1               @ ../../../../Library/StdDriver/src/crc.c:78:25
	ldr	r0, [r0]
	.loc	3 78 34 is_stmt 0               @ ../../../../Library/StdDriver/src/crc.c:78:34
	uxtb	r0, r0
	.loc	3 78 17                         @ ../../../../Library/StdDriver/src/crc.c:78:17
	str	r0, [sp, #4]
	.loc	3 79 13 is_stmt 1               @ ../../../../Library/StdDriver/src/crc.c:79:13
	b	.LBB1_8
.LBB1_7:
	.loc	3 0 13 is_stmt 0                @ ../../../../Library/StdDriver/src/crc.c:0:13
	movs	r0, #0
	.loc	3 82 17 is_stmt 1               @ ../../../../Library/StdDriver/src/crc.c:82:17
	str	r0, [sp, #4]
	.loc	3 83 13                         @ ../../../../Library/StdDriver/src/crc.c:83:13
	b	.LBB1_8
.Ltmp4:
.LBB1_8:
	.loc	3 86 12                         @ ../../../../Library/StdDriver/src/crc.c:86:12
	ldr	r0, [sp, #4]
	.loc	3 86 5 is_stmt 0                @ ../../../../Library/StdDriver/src/crc.c:86:5
	add	sp, #8
	bx	lr
.Ltmp5:
	.p2align	2
@ %bb.9:
	.loc	3 0 5                           @ ../../../../Library/StdDriver/src/crc.c:0:5
__arm_cp.1_0:
	.long	1073942528                      @ 0x40031000
.Lcpi_end2:
	.size	__arm_cp.1_0, .Lcpi_end2-__arm_cp.1_0
__arm_cp.1_1:
	.long	1073942540                      @ 0x4003100c
.Lcpi_end3:
	.size	__arm_cp.1_1, .Lcpi_end3-__arm_cp.1_1
.Lfunc_end1:
	.size	CRC_GetChecksum, .Lfunc_end1-CRC_GetChecksum
	.cfi_endproc
	.cantunwind
	.fnend
                                        @ -- End function
	.section	.debug_abbrev,"",%progbits
	.byte	1                               @ Abbreviation Code
	.byte	17                              @ DW_TAG_compile_unit
	.byte	1                               @ DW_CHILDREN_yes
	.byte	37                              @ DW_AT_producer
	.byte	14                              @ DW_FORM_strp
	.byte	19                              @ DW_AT_language
	.byte	5                               @ DW_FORM_data2
	.byte	3                               @ DW_AT_name
	.byte	14                              @ DW_FORM_strp
	.byte	16                              @ DW_AT_stmt_list
	.byte	23                              @ DW_FORM_sec_offset
	.byte	27                              @ DW_AT_comp_dir
	.byte	14                              @ DW_FORM_strp
	.byte	17                              @ DW_AT_low_pc
	.byte	1                               @ DW_FORM_addr
	.byte	85                              @ DW_AT_ranges
	.byte	23                              @ DW_FORM_sec_offset
	.byte	0                               @ EOM(1)
	.byte	0                               @ EOM(2)
	.byte	2                               @ Abbreviation Code
	.byte	15                              @ DW_TAG_pointer_type
	.byte	0                               @ DW_CHILDREN_no
	.byte	73                              @ DW_AT_type
	.byte	19                              @ DW_FORM_ref4
	.byte	0                               @ EOM(1)
	.byte	0                               @ EOM(2)
	.byte	3                               @ Abbreviation Code
	.byte	22                              @ DW_TAG_typedef
	.byte	0                               @ DW_CHILDREN_no
	.byte	73                              @ DW_AT_type
	.byte	19                              @ DW_FORM_ref4
	.byte	3                               @ DW_AT_name
	.byte	14                              @ DW_FORM_strp
	.byte	58                              @ DW_AT_decl_file
	.byte	11                              @ DW_FORM_data1
	.byte	59                              @ DW_AT_decl_line
	.byte	11                              @ DW_FORM_data1
	.byte	0                               @ EOM(1)
	.byte	0                               @ EOM(2)
	.byte	4                               @ Abbreviation Code
	.byte	19                              @ DW_TAG_structure_type
	.byte	1                               @ DW_CHILDREN_yes
	.byte	11                              @ DW_AT_byte_size
	.byte	11                              @ DW_FORM_data1
	.byte	58                              @ DW_AT_decl_file
	.byte	11                              @ DW_FORM_data1
	.byte	59                              @ DW_AT_decl_line
	.byte	11                              @ DW_FORM_data1
	.byte	0                               @ EOM(1)
	.byte	0                               @ EOM(2)
	.byte	5                               @ Abbreviation Code
	.byte	13                              @ DW_TAG_member
	.byte	0                               @ DW_CHILDREN_no
	.byte	3                               @ DW_AT_name
	.byte	14                              @ DW_FORM_strp
	.byte	73                              @ DW_AT_type
	.byte	19                              @ DW_FORM_ref4
	.byte	58                              @ DW_AT_decl_file
	.byte	11                              @ DW_FORM_data1
	.byte	59                              @ DW_AT_decl_line
	.byte	11                              @ DW_FORM_data1
	.byte	56                              @ DW_AT_data_member_location
	.byte	11                              @ DW_FORM_data1
	.byte	0                               @ EOM(1)
	.byte	0                               @ EOM(2)
	.byte	6                               @ Abbreviation Code
	.byte	53                              @ DW_TAG_volatile_type
	.byte	0                               @ DW_CHILDREN_no
	.byte	73                              @ DW_AT_type
	.byte	19                              @ DW_FORM_ref4
	.byte	0                               @ EOM(1)
	.byte	0                               @ EOM(2)
	.byte	7                               @ Abbreviation Code
	.byte	36                              @ DW_TAG_base_type
	.byte	0                               @ DW_CHILDREN_no
	.byte	3                               @ DW_AT_name
	.byte	14                              @ DW_FORM_strp
	.byte	62                              @ DW_AT_encoding
	.byte	11                              @ DW_FORM_data1
	.byte	11                              @ DW_AT_byte_size
	.byte	11                              @ DW_FORM_data1
	.byte	0                               @ EOM(1)
	.byte	0                               @ EOM(2)
	.byte	8                               @ Abbreviation Code
	.byte	38                              @ DW_TAG_const_type
	.byte	0                               @ DW_CHILDREN_no
	.byte	73                              @ DW_AT_type
	.byte	19                              @ DW_FORM_ref4
	.byte	0                               @ EOM(1)
	.byte	0                               @ EOM(2)
	.byte	9                               @ Abbreviation Code
	.byte	46                              @ DW_TAG_subprogram
	.byte	1                               @ DW_CHILDREN_yes
	.byte	17                              @ DW_AT_low_pc
	.byte	1                               @ DW_FORM_addr
	.byte	18                              @ DW_AT_high_pc
	.byte	6                               @ DW_FORM_data4
	.byte	64                              @ DW_AT_frame_base
	.byte	24                              @ DW_FORM_exprloc
	.byte	3                               @ DW_AT_name
	.byte	14                              @ DW_FORM_strp
	.byte	58                              @ DW_AT_decl_file
	.byte	11                              @ DW_FORM_data1
	.byte	59                              @ DW_AT_decl_line
	.byte	11                              @ DW_FORM_data1
	.byte	39                              @ DW_AT_prototyped
	.byte	25                              @ DW_FORM_flag_present
	.byte	63                              @ DW_AT_external
	.byte	25                              @ DW_FORM_flag_present
	.byte	0                               @ EOM(1)
	.byte	0                               @ EOM(2)
	.byte	10                              @ Abbreviation Code
	.byte	5                               @ DW_TAG_formal_parameter
	.byte	0                               @ DW_CHILDREN_no
	.byte	2                               @ DW_AT_location
	.byte	24                              @ DW_FORM_exprloc
	.byte	3                               @ DW_AT_name
	.byte	14                              @ DW_FORM_strp
	.byte	58                              @ DW_AT_decl_file
	.byte	11                              @ DW_FORM_data1
	.byte	59                              @ DW_AT_decl_line
	.byte	11                              @ DW_FORM_data1
	.byte	73                              @ DW_AT_type
	.byte	19                              @ DW_FORM_ref4
	.byte	0                               @ EOM(1)
	.byte	0                               @ EOM(2)
	.byte	11                              @ Abbreviation Code
	.byte	46                              @ DW_TAG_subprogram
	.byte	1                               @ DW_CHILDREN_yes
	.byte	17                              @ DW_AT_low_pc
	.byte	1                               @ DW_FORM_addr
	.byte	18                              @ DW_AT_high_pc
	.byte	6                               @ DW_FORM_data4
	.byte	64                              @ DW_AT_frame_base
	.byte	24                              @ DW_FORM_exprloc
	.byte	3                               @ DW_AT_name
	.byte	14                              @ DW_FORM_strp
	.byte	58                              @ DW_AT_decl_file
	.byte	11                              @ DW_FORM_data1
	.byte	59                              @ DW_AT_decl_line
	.byte	11                              @ DW_FORM_data1
	.byte	39                              @ DW_AT_prototyped
	.byte	25                              @ DW_FORM_flag_present
	.byte	73                              @ DW_AT_type
	.byte	19                              @ DW_FORM_ref4
	.byte	63                              @ DW_AT_external
	.byte	25                              @ DW_FORM_flag_present
	.byte	0                               @ EOM(1)
	.byte	0                               @ EOM(2)
	.byte	12                              @ Abbreviation Code
	.byte	52                              @ DW_TAG_variable
	.byte	0                               @ DW_CHILDREN_no
	.byte	2                               @ DW_AT_location
	.byte	24                              @ DW_FORM_exprloc
	.byte	3                               @ DW_AT_name
	.byte	14                              @ DW_FORM_strp
	.byte	58                              @ DW_AT_decl_file
	.byte	11                              @ DW_FORM_data1
	.byte	59                              @ DW_AT_decl_line
	.byte	11                              @ DW_FORM_data1
	.byte	73                              @ DW_AT_type
	.byte	19                              @ DW_FORM_ref4
	.byte	0                               @ EOM(1)
	.byte	0                               @ EOM(2)
	.byte	0                               @ EOM(3)
	.section	.debug_info,"",%progbits
.Lcu_begin0:
	.long	.Ldebug_info_end0-.Ldebug_info_start0 @ Length of Unit
.Ldebug_info_start0:
	.short	4                               @ DWARF version number
	.long	.debug_abbrev                   @ Offset Into Abbrev. Section
	.byte	4                               @ Address Size (in bytes)
	.byte	1                               @ Abbrev [1] 0xb:0xeb DW_TAG_compile_unit
	.long	.Linfo_string0                  @ DW_AT_producer
	.short	12                              @ DW_AT_language
	.long	.Linfo_string1                  @ DW_AT_name
	.long	.Lline_table_start0             @ DW_AT_stmt_list
	.long	.Linfo_string2                  @ DW_AT_comp_dir
	.long	0                               @ DW_AT_low_pc
	.long	.Ldebug_ranges0                 @ DW_AT_ranges
	.byte	2                               @ Abbrev [2] 0x26:0x5 DW_TAG_pointer_type
	.long	43                              @ DW_AT_type
	.byte	3                               @ Abbrev [3] 0x2b:0xb DW_TAG_typedef
	.long	54                              @ DW_AT_type
	.long	.Linfo_string9                  @ DW_AT_name
	.byte	2                               @ DW_AT_decl_file
	.byte	103                             @ DW_AT_decl_line
	.byte	4                               @ Abbrev [4] 0x36:0x35 DW_TAG_structure_type
	.byte	16                              @ DW_AT_byte_size
	.byte	2                               @ DW_AT_decl_file
	.byte	28                              @ DW_AT_decl_line
	.byte	5                               @ Abbrev [5] 0x3a:0xc DW_TAG_member
	.long	.Linfo_string3                  @ DW_AT_name
	.long	107                             @ DW_AT_type
	.byte	2                               @ DW_AT_decl_file
	.byte	99                              @ DW_AT_decl_line
	.byte	0                               @ DW_AT_data_member_location
	.byte	5                               @ Abbrev [5] 0x46:0xc DW_TAG_member
	.long	.Linfo_string6                  @ DW_AT_name
	.long	107                             @ DW_AT_type
	.byte	2                               @ DW_AT_decl_file
	.byte	100                             @ DW_AT_decl_line
	.byte	4                               @ DW_AT_data_member_location
	.byte	5                               @ Abbrev [5] 0x52:0xc DW_TAG_member
	.long	.Linfo_string7                  @ DW_AT_name
	.long	107                             @ DW_AT_type
	.byte	2                               @ DW_AT_decl_file
	.byte	101                             @ DW_AT_decl_line
	.byte	8                               @ DW_AT_data_member_location
	.byte	5                               @ Abbrev [5] 0x5e:0xc DW_TAG_member
	.long	.Linfo_string8                  @ DW_AT_name
	.long	130                             @ DW_AT_type
	.byte	2                               @ DW_AT_decl_file
	.byte	102                             @ DW_AT_decl_line
	.byte	12                              @ DW_AT_data_member_location
	.byte	0                               @ End Of Children Mark
	.byte	6                               @ Abbrev [6] 0x6b:0x5 DW_TAG_volatile_type
	.long	112                             @ DW_AT_type
	.byte	3                               @ Abbrev [3] 0x70:0xb DW_TAG_typedef
	.long	123                             @ DW_AT_type
	.long	.Linfo_string5                  @ DW_AT_name
	.byte	1                               @ DW_AT_decl_file
	.byte	64                              @ DW_AT_decl_line
	.byte	7                               @ Abbrev [7] 0x7b:0x7 DW_TAG_base_type
	.long	.Linfo_string4                  @ DW_AT_name
	.byte	7                               @ DW_AT_encoding
	.byte	4                               @ DW_AT_byte_size
	.byte	8                               @ Abbrev [8] 0x82:0x5 DW_TAG_const_type
	.long	107                             @ DW_AT_type
	.byte	9                               @ Abbrev [9] 0x87:0x4a DW_TAG_subprogram
	.long	.Lfunc_begin0                   @ DW_AT_low_pc
	.long	.Lfunc_end0-.Lfunc_begin0       @ DW_AT_high_pc
	.byte	1                               @ DW_AT_frame_base
	.byte	93
	.long	.Linfo_string10                 @ DW_AT_name
	.byte	3                               @ DW_AT_decl_file
	.byte	46                              @ DW_AT_decl_line
                                        @ DW_AT_prototyped
                                        @ DW_AT_external
	.byte	10                              @ Abbrev [10] 0x98:0xe DW_TAG_formal_parameter
	.byte	2                               @ DW_AT_location
	.byte	145
	.byte	12
	.long	.Linfo_string12                 @ DW_AT_name
	.byte	3                               @ DW_AT_decl_file
	.byte	46                              @ DW_AT_decl_line
	.long	112                             @ DW_AT_type
	.byte	10                              @ Abbrev [10] 0xa6:0xe DW_TAG_formal_parameter
	.byte	2                               @ DW_AT_location
	.byte	145
	.byte	8
	.long	.Linfo_string13                 @ DW_AT_name
	.byte	3                               @ DW_AT_decl_file
	.byte	46                              @ DW_AT_decl_line
	.long	112                             @ DW_AT_type
	.byte	10                              @ Abbrev [10] 0xb4:0xe DW_TAG_formal_parameter
	.byte	2                               @ DW_AT_location
	.byte	145
	.byte	4
	.long	.Linfo_string14                 @ DW_AT_name
	.byte	3                               @ DW_AT_decl_file
	.byte	46                              @ DW_AT_decl_line
	.long	112                             @ DW_AT_type
	.byte	10                              @ Abbrev [10] 0xc2:0xe DW_TAG_formal_parameter
	.byte	2                               @ DW_AT_location
	.byte	145
	.byte	0
	.long	.Linfo_string15                 @ DW_AT_name
	.byte	3                               @ DW_AT_decl_file
	.byte	46                              @ DW_AT_decl_line
	.long	112                             @ DW_AT_type
	.byte	0                               @ End Of Children Mark
	.byte	11                              @ Abbrev [11] 0xd1:0x24 DW_TAG_subprogram
	.long	.Lfunc_begin1                   @ DW_AT_low_pc
	.long	.Lfunc_end1-.Lfunc_begin1       @ DW_AT_high_pc
	.byte	1                               @ DW_AT_frame_base
	.byte	93
	.long	.Linfo_string11                 @ DW_AT_name
	.byte	3                               @ DW_AT_decl_file
	.byte	62                              @ DW_AT_decl_line
                                        @ DW_AT_prototyped
	.long	112                             @ DW_AT_type
                                        @ DW_AT_external
	.byte	12                              @ Abbrev [12] 0xe6:0xe DW_TAG_variable
	.byte	2                               @ DW_AT_location
	.byte	145
	.byte	4
	.long	.Linfo_string16                 @ DW_AT_name
	.byte	3                               @ DW_AT_decl_file
	.byte	64                              @ DW_AT_decl_line
	.long	112                             @ DW_AT_type
	.byte	0                               @ End Of Children Mark
	.byte	0                               @ End Of Children Mark
.Ldebug_info_end0:
	.section	.debug_ranges,"",%progbits
.Ldebug_ranges0:
	.long	.Lfunc_begin0
	.long	.Lfunc_end0
	.long	.Lfunc_begin1
	.long	.Lfunc_end1
	.long	0
	.long	0
	.section	.debug_str,"MS",%progbits,1
.Linfo_string0:
	.asciz	"Component: Arm Compiler for Embedded 6.19 Tool: armclang [5e73cb00]" @ string offset=0
.Linfo_string1:
	.asciz	"../../../../Library/StdDriver/src\\crc.c" @ string offset=68
.Linfo_string2:
	.asciz	"E:\\ROBOCON2024\\01. Coding\\Nuvoton\\demo_robot_3wheel\\SampleCode\\NuCodeGen\\DemoCodeGen\\KEIL" @ string offset=108
.Linfo_string3:
	.asciz	"CTL"                           @ string offset=198
.Linfo_string4:
	.asciz	"unsigned int"                  @ string offset=202
.Linfo_string5:
	.asciz	"uint32_t"                      @ string offset=215
.Linfo_string6:
	.asciz	"DAT"                           @ string offset=224
.Linfo_string7:
	.asciz	"SEED"                          @ string offset=228
.Linfo_string8:
	.asciz	"CHECKSUM"                      @ string offset=233
.Linfo_string9:
	.asciz	"CRC_T"                         @ string offset=242
.Linfo_string10:
	.asciz	"CRC_Open"                      @ string offset=248
.Linfo_string11:
	.asciz	"CRC_GetChecksum"               @ string offset=257
.Linfo_string12:
	.asciz	"u32Mode"                       @ string offset=273
.Linfo_string13:
	.asciz	"u32Attribute"                  @ string offset=281
.Linfo_string14:
	.asciz	"u32Seed"                       @ string offset=294
.Linfo_string15:
	.asciz	"u32DataLen"                    @ string offset=302
.Linfo_string16:
	.asciz	"ret"                           @ string offset=313
	.ident	"Component: Arm Compiler for Embedded 6.19 Tool: armclang [5e73cb00]"
	.section	".note.GNU-stack","",%progbits
	.eabi_attribute	30, 6	@ Tag_ABI_optimization_goals
	.ARM_attribute	16, 1	@ Tag_AV_eba
	.section	.debug_line,"",%progbits
.Lline_table_start0:
