	.text
	.syntax unified
	.eabi_attribute	67, "2.09"	@ Tag_conformance
	.cpu	cortex-m23
	.eabi_attribute	6, 16	@ Tag_CPU_arch
	.eabi_attribute	7, 77	@ Tag_CPU_arch_profile
	.eabi_attribute	8, 0	@ Tag_ARM_ISA_use
	.eabi_attribute	9, 3	@ Tag_THUMB_ISA_use
	.eabi_attribute	34, 0	@ Tag_CPU_unaligned_access
	.eabi_attribute	17, 1	@ Tag_ABI_PCS_GOT_use
	.eabi_attribute	20, 2	@ Tag_ABI_FP_denormal
	.eabi_attribute	21, 0	@ Tag_ABI_FP_exceptions
	.eabi_attribute	23, 1	@ Tag_ABI_FP_number_model
	.eabi_attribute	24, 1	@ Tag_ABI_align_needed
	.eabi_attribute	25, 1	@ Tag_ABI_align_preserved
	.eabi_attribute	38, 1	@ Tag_ABI_FP_16bit_format
	.eabi_attribute	18, 2	@ Tag_ABI_PCS_wchar_t
	.eabi_attribute	26, 1	@ Tag_ABI_enum_size
	.eabi_attribute	14, 0	@ Tag_ABI_PCS_R9_use
	.file	"crypto.c"
	.file	1 "C:\\Keil_v5\\ARM\\ARMCLANG\\Bin\\..\\include" "stdint.h"
	.file	2 "E:\\ROBOCON2024\\01. Coding\\Nuvoton\\demo_robot_3wheel\\SampleCode\\NuCodeGen\\DemoCodeGen\\KEIL" "../../../../Library/StdDriver/src/crypto.c"
	.section	.text.AES_Open,"ax",%progbits
	.hidden	AES_Open                        @ -- Begin function AES_Open
	.globl	AES_Open
	.p2align	2
	.type	AES_Open,%function
	.code	16                              @ @AES_Open
	.thumb_func
AES_Open:
.Lfunc_begin0:
	.loc	2 72 0                          @ ../../../../Library/StdDriver/src/crypto.c:72:0
	.fnstart
	.cfi_sections .debug_frame
	.cfi_startproc
@ %bb.0:
	.save	{r4, lr}
	push	{r4, lr}
	.cfi_def_cfa_offset 8
	.cfi_offset lr, -4
	.cfi_offset r4, -8
	.pad	#16
	sub	sp, #16
	.cfi_def_cfa_offset 24
	ldr	r4, [sp, #28]
	ldr	r4, [sp, #24]
	str	r0, [sp, #12]
	str	r1, [sp, #8]
	str	r2, [sp, #4]
	str	r3, [sp]
.Ltmp0:
	.loc	2 73 22 prologue_end            @ ../../../../Library/StdDriver/src/crypto.c:73:22
	ldr	r0, [sp, #4]
	.loc	2 73 32 is_stmt 0               @ ../../../../Library/StdDriver/src/crypto.c:73:32
	lsls	r0, r0, #16
	.loc	2 74 22 is_stmt 1               @ ../../../../Library/StdDriver/src/crypto.c:74:22
	ldr	r1, [sp]
	.loc	2 74 32 is_stmt 0               @ ../../../../Library/StdDriver/src/crypto.c:74:32
	lsls	r1, r1, #8
	.loc	2 73 62 is_stmt 1               @ ../../../../Library/StdDriver/src/crypto.c:73:62
	orrs	r0, r1
	.loc	2 75 22                         @ ../../../../Library/StdDriver/src/crypto.c:75:22
	ldr	r1, [sp, #24]
	.loc	2 75 33 is_stmt 0               @ ../../../../Library/StdDriver/src/crypto.c:75:33
	lsls	r1, r1, #2
	.loc	2 74 60 is_stmt 1               @ ../../../../Library/StdDriver/src/crypto.c:74:60
	orrs	r0, r1
	.loc	2 76 22                         @ ../../../../Library/StdDriver/src/crypto.c:76:22
	ldr	r1, [sp, #28]
	.loc	2 76 34 is_stmt 0               @ ../../../../Library/StdDriver/src/crypto.c:76:34
	lsls	r1, r1, #22
	.loc	2 75 60 is_stmt 1               @ ../../../../Library/StdDriver/src/crypto.c:75:60
	orrs	r0, r1
	.loc	2 73 5                          @ ../../../../Library/StdDriver/src/crypto.c:73:5
	ldr	r2, [sp, #12]
	movw	r1, #256
	.loc	2 73 19 is_stmt 0               @ ../../../../Library/StdDriver/src/crypto.c:73:19
	str	r0, [r2, r1]
	.loc	2 77 33 is_stmt 1               @ ../../../../Library/StdDriver/src/crypto.c:77:33
	ldr	r0, [sp, #12]
	.loc	2 77 39 is_stmt 0               @ ../../../../Library/StdDriver/src/crypto.c:77:39
	ldr	r0, [r0, r1]
	.loc	2 77 19                         @ ../../../../Library/StdDriver/src/crypto.c:77:19
	ldr	r1, [sp, #8]
	.loc	2 77 5                          @ ../../../../Library/StdDriver/src/crypto.c:77:5
	lsls	r2, r1, #2
	ldr	r1, __arm_cp.0_0
	.loc	2 77 31                         @ ../../../../Library/StdDriver/src/crypto.c:77:31
	str	r0, [r1, r2]
	.loc	2 78 1 is_stmt 1                @ ../../../../Library/StdDriver/src/crypto.c:78:1
	add	sp, #16
	pop	{r4, pc}
.Ltmp1:
	.p2align	2
@ %bb.1:
	.loc	2 0 1 is_stmt 0                 @ ../../../../Library/StdDriver/src/crypto.c:0:1
__arm_cp.0_0:
	.long	g_AES_au32CTL
.Lcpi_end0:
	.size	__arm_cp.0_0, .Lcpi_end0-__arm_cp.0_0
.Lfunc_end0:
	.size	AES_Open, .Lfunc_end0-AES_Open
	.cfi_endproc
	.cantunwind
	.fnend
                                        @ -- End function
	.section	.text.AES_Start,"ax",%progbits
	.hidden	AES_Start                       @ -- Begin function AES_Start
	.globl	AES_Start
	.p2align	2
	.type	AES_Start,%function
	.code	16                              @ @AES_Start
	.thumb_func
AES_Start:
.Lfunc_begin1:
	.loc	2 91 0 is_stmt 1                @ ../../../../Library/StdDriver/src/crypto.c:91:0
	.fnstart
	.cfi_startproc
@ %bb.0:
	.pad	#12
	sub	sp, #12
	.cfi_def_cfa_offset 12
	str	r0, [sp, #8]
	str	r1, [sp, #4]
	str	r2, [sp]
.Ltmp2:
	.loc	2 92 35 prologue_end            @ ../../../../Library/StdDriver/src/crypto.c:92:35
	ldr	r0, [sp, #4]
	.loc	2 92 21 is_stmt 0               @ ../../../../Library/StdDriver/src/crypto.c:92:21
	lsls	r1, r0, #2
	ldr	r0, __arm_cp.1_0
	ldr	r0, [r0, r1]
	.loc	2 92 5                          @ ../../../../Library/StdDriver/src/crypto.c:92:5
	ldr	r1, [sp, #8]
	movw	r2, #256
	.loc	2 92 19                         @ ../../../../Library/StdDriver/src/crypto.c:92:19
	str	r0, [r1, r2]
	.loc	2 93 48 is_stmt 1               @ ../../../../Library/StdDriver/src/crypto.c:93:48
	ldr	r0, [sp]
	.loc	2 93 59 is_stmt 0               @ ../../../../Library/StdDriver/src/crypto.c:93:59
	lsls	r0, r0, #5
	.loc	2 93 5                          @ ../../../../Library/StdDriver/src/crypto.c:93:5
	ldr	r1, [sp, #8]
	.loc	2 93 19                         @ ../../../../Library/StdDriver/src/crypto.c:93:19
	ldr	r3, [r1, r2]
	.loc	2 93 45                         @ ../../../../Library/StdDriver/src/crypto.c:93:45
	orrs	r0, r3
	movs	r3, #1
	.loc	2 93 19                         @ ../../../../Library/StdDriver/src/crypto.c:93:19
	orrs	r0, r3
	str	r0, [r1, r2]
	.loc	2 94 1 is_stmt 1                @ ../../../../Library/StdDriver/src/crypto.c:94:1
	add	sp, #12
	bx	lr
.Ltmp3:
	.p2align	2
@ %bb.1:
	.loc	2 0 1 is_stmt 0                 @ ../../../../Library/StdDriver/src/crypto.c:0:1
__arm_cp.1_0:
	.long	g_AES_au32CTL
.Lcpi_end1:
	.size	__arm_cp.1_0, .Lcpi_end1-__arm_cp.1_0
.Lfunc_end1:
	.size	AES_Start, .Lfunc_end1-AES_Start
	.cfi_endproc
	.cantunwind
	.fnend
                                        @ -- End function
	.section	.text.AES_SetKey,"ax",%progbits
	.hidden	AES_SetKey                      @ -- Begin function AES_SetKey
	.globl	AES_SetKey
	.p2align	1
	.type	AES_SetKey,%function
	.code	16                              @ @AES_SetKey
	.thumb_func
AES_SetKey:
.Lfunc_begin2:
	.loc	2 107 0 is_stmt 1               @ ../../../../Library/StdDriver/src/crypto.c:107:0
	.fnstart
	.cfi_startproc
@ %bb.0:
	.pad	#28
	sub	sp, #28
	.cfi_def_cfa_offset 28
	str	r0, [sp, #24]
	str	r1, [sp, #20]
	str	r2, [sp, #16]
	str	r3, [sp, #12]
.Ltmp4:
	.loc	2 110 32 prologue_end           @ ../../../../Library/StdDriver/src/crypto.c:110:32
	ldr	r0, [sp, #24]
	.loc	2 110 52 is_stmt 0              @ ../../../../Library/StdDriver/src/crypto.c:110:52
	ldr	r2, [sp, #20]
	movs	r1, #60
	.loc	2 110 63                        @ ../../../../Library/StdDriver/src/crypto.c:110:63
	muls	r1, r2, r1
	.loc	2 110 38                        @ ../../../../Library/StdDriver/src/crypto.c:110:38
	adds	r0, r0, r1
	movw	r1, #272
	.loc	2 110 49                        @ ../../../../Library/StdDriver/src/crypto.c:110:49
	adds	r0, r0, r1
	.loc	2 110 19                        @ ../../../../Library/StdDriver/src/crypto.c:110:19
	str	r0, [sp]
	.loc	2 111 21 is_stmt 1              @ ../../../../Library/StdDriver/src/crypto.c:111:21
	ldr	r0, [sp, #12]
	.loc	2 111 32 is_stmt 0              @ ../../../../Library/StdDriver/src/crypto.c:111:32
	lsls	r0, r0, #1
	.loc	2 111 19                        @ ../../../../Library/StdDriver/src/crypto.c:111:19
	adds	r0, r0, #4
	.loc	2 111 13                        @ ../../../../Library/StdDriver/src/crypto.c:111:13
	str	r0, [sp, #4]
	movs	r0, #0
.Ltmp5:
	.loc	2 113 17 is_stmt 1              @ ../../../../Library/StdDriver/src/crypto.c:113:17
	str	r0, [sp, #8]
	.loc	2 113 10 is_stmt 0              @ ../../../../Library/StdDriver/src/crypto.c:113:10
	b	.LBB2_1
.LBB2_1:                                @ =>This Inner Loop Header: Depth=1
.Ltmp6:
	.loc	2 113 23                        @ ../../../../Library/StdDriver/src/crypto.c:113:23
	ldr	r0, [sp, #8]
	.loc	2 113 32                        @ ../../../../Library/StdDriver/src/crypto.c:113:32
	ldr	r1, [sp, #4]
.Ltmp7:
	.loc	2 113 5                         @ ../../../../Library/StdDriver/src/crypto.c:113:5
	cmp	r0, r1
	bhs	.LBB2_4
	b	.LBB2_2
.LBB2_2:                                @   in Loop: Header=BB2_1 Depth=1
.Ltmp8:
	.loc	2 115 9 is_stmt 1               @ ../../../../Library/StdDriver/src/crypto.c:115:9
	ldr	r0, [sp, #16]
	ldr	r1, [sp, #8]
	lsls	r1, r1, #2
	ldr	r0, [r0, r1]
	ldr	r1, [sp]
	str	r0, [r1]
	.loc	2 116 23                        @ ../../../../Library/StdDriver/src/crypto.c:116:23
	ldr	r0, [sp]
	adds	r0, r0, #4
	str	r0, [sp]
	.loc	2 117 5                         @ ../../../../Library/StdDriver/src/crypto.c:117:5
	b	.LBB2_3
.Ltmp9:
.LBB2_3:                                @   in Loop: Header=BB2_1 Depth=1
	.loc	2 113 47                        @ ../../../../Library/StdDriver/src/crypto.c:113:47
	ldr	r0, [sp, #8]
	adds	r0, r0, #1
	str	r0, [sp, #8]
	.loc	2 113 5 is_stmt 0               @ ../../../../Library/StdDriver/src/crypto.c:113:5
	b	.LBB2_1
.Ltmp10:
.LBB2_4:
	.loc	2 118 1 is_stmt 1               @ ../../../../Library/StdDriver/src/crypto.c:118:1
	add	sp, #28
	bx	lr
.Ltmp11:
.Lfunc_end2:
	.size	AES_SetKey, .Lfunc_end2-AES_SetKey
	.cfi_endproc
	.cantunwind
	.fnend
                                        @ -- End function
	.section	.text.AES_SetInitVect,"ax",%progbits
	.hidden	AES_SetInitVect                 @ -- Begin function AES_SetInitVect
	.globl	AES_SetInitVect
	.p2align	1
	.type	AES_SetInitVect,%function
	.code	16                              @ @AES_SetInitVect
	.thumb_func
AES_SetInitVect:
.Lfunc_begin3:
	.loc	2 127 0                         @ ../../../../Library/StdDriver/src/crypto.c:127:0
	.fnstart
	.cfi_startproc
@ %bb.0:
	.pad	#20
	sub	sp, #20
	.cfi_def_cfa_offset 20
	str	r0, [sp, #16]
	str	r1, [sp, #12]
	str	r2, [sp, #8]
.Ltmp12:
	.loc	2 130 32 prologue_end           @ ../../../../Library/StdDriver/src/crypto.c:130:32
	ldr	r0, [sp, #16]
	.loc	2 130 51 is_stmt 0              @ ../../../../Library/StdDriver/src/crypto.c:130:51
	ldr	r2, [sp, #12]
	movs	r1, #60
	.loc	2 130 62                        @ ../../../../Library/StdDriver/src/crypto.c:130:62
	muls	r1, r2, r1
	.loc	2 130 38                        @ ../../../../Library/StdDriver/src/crypto.c:130:38
	adds	r0, r0, r1
	movw	r1, #304
	.loc	2 130 48                        @ ../../../../Library/StdDriver/src/crypto.c:130:48
	adds	r0, r0, r1
	.loc	2 130 19                        @ ../../../../Library/StdDriver/src/crypto.c:130:19
	str	r0, [sp]
	movs	r0, #0
.Ltmp13:
	.loc	2 132 17 is_stmt 1              @ ../../../../Library/StdDriver/src/crypto.c:132:17
	str	r0, [sp, #4]
	.loc	2 132 10 is_stmt 0              @ ../../../../Library/StdDriver/src/crypto.c:132:10
	b	.LBB3_1
.LBB3_1:                                @ =>This Inner Loop Header: Depth=1
.Ltmp14:
	.loc	2 132 23                        @ ../../../../Library/StdDriver/src/crypto.c:132:23
	ldr	r0, [sp, #4]
.Ltmp15:
	.loc	2 132 5                         @ ../../../../Library/StdDriver/src/crypto.c:132:5
	cmp	r0, #3
	bhi	.LBB3_4
	b	.LBB3_2
.LBB3_2:                                @   in Loop: Header=BB3_1 Depth=1
.Ltmp16:
	.loc	2 134 9 is_stmt 1               @ ../../../../Library/StdDriver/src/crypto.c:134:9
	ldr	r0, [sp, #8]
	ldr	r1, [sp, #4]
	lsls	r1, r1, #2
	ldr	r0, [r0, r1]
	ldr	r1, [sp]
	str	r0, [r1]
	.loc	2 135 23                        @ ../../../../Library/StdDriver/src/crypto.c:135:23
	ldr	r0, [sp]
	adds	r0, r0, #4
	str	r0, [sp]
	.loc	2 136 5                         @ ../../../../Library/StdDriver/src/crypto.c:136:5
	b	.LBB3_3
.Ltmp17:
.LBB3_3:                                @   in Loop: Header=BB3_1 Depth=1
	.loc	2 132 42                        @ ../../../../Library/StdDriver/src/crypto.c:132:42
	ldr	r0, [sp, #4]
	adds	r0, r0, #1
	str	r0, [sp, #4]
	.loc	2 132 5 is_stmt 0               @ ../../../../Library/StdDriver/src/crypto.c:132:5
	b	.LBB3_1
.Ltmp18:
.LBB3_4:
	.loc	2 137 1 is_stmt 1               @ ../../../../Library/StdDriver/src/crypto.c:137:1
	add	sp, #20
	bx	lr
.Ltmp19:
.Lfunc_end3:
	.size	AES_SetInitVect, .Lfunc_end3-AES_SetInitVect
	.cfi_endproc
	.cantunwind
	.fnend
                                        @ -- End function
	.section	.text.AES_SetDMATransfer,"ax",%progbits
	.hidden	AES_SetDMATransfer              @ -- Begin function AES_SetDMATransfer
	.globl	AES_SetDMATransfer
	.p2align	1
	.type	AES_SetDMATransfer,%function
	.code	16                              @ @AES_SetDMATransfer
	.thumb_func
AES_SetDMATransfer:
.Lfunc_begin4:
	.loc	2 149 0                         @ ../../../../Library/StdDriver/src/crypto.c:149:0
	.fnstart
	.cfi_startproc
@ %bb.0:
	.save	{r4, lr}
	push	{r4, lr}
	.cfi_def_cfa_offset 8
	.cfi_offset lr, -4
	.cfi_offset r4, -8
	.pad	#20
	sub	sp, #20
	.cfi_def_cfa_offset 28
	ldr	r4, [sp, #28]
	str	r0, [sp, #16]
	str	r1, [sp, #12]
	str	r2, [sp, #8]
	str	r3, [sp, #4]
.Ltmp20:
	.loc	2 152 29 prologue_end           @ ../../../../Library/StdDriver/src/crypto.c:152:29
	ldr	r0, [sp, #16]
	.loc	2 152 48 is_stmt 0              @ ../../../../Library/StdDriver/src/crypto.c:152:48
	ldr	r3, [sp, #12]
	movs	r1, #60
	.loc	2 152 59                        @ ../../../../Library/StdDriver/src/crypto.c:152:59
	mov	r2, r1
	muls	r2, r3, r2
	.loc	2 152 35                        @ ../../../../Library/StdDriver/src/crypto.c:152:35
	adds	r0, r0, r2
	movw	r2, #320
	.loc	2 152 45                        @ ../../../../Library/StdDriver/src/crypto.c:152:45
	adds	r0, r0, r2
	.loc	2 152 16                        @ ../../../../Library/StdDriver/src/crypto.c:152:16
	str	r0, [sp]
	.loc	2 153 5 is_stmt 1               @ ../../../../Library/StdDriver/src/crypto.c:153:5
	ldr	r0, [sp, #8]
	ldr	r2, [sp]
	str	r0, [r2]
	.loc	2 155 29                        @ ../../../../Library/StdDriver/src/crypto.c:155:29
	ldr	r0, [sp, #16]
	.loc	2 155 48 is_stmt 0              @ ../../../../Library/StdDriver/src/crypto.c:155:48
	ldr	r3, [sp, #12]
	.loc	2 155 59                        @ ../../../../Library/StdDriver/src/crypto.c:155:59
	mov	r2, r1
	muls	r2, r3, r2
	.loc	2 155 35                        @ ../../../../Library/StdDriver/src/crypto.c:155:35
	adds	r0, r0, r2
	movw	r2, #324
	.loc	2 155 45                        @ ../../../../Library/StdDriver/src/crypto.c:155:45
	adds	r0, r0, r2
	.loc	2 155 16                        @ ../../../../Library/StdDriver/src/crypto.c:155:16
	str	r0, [sp]
	.loc	2 156 5 is_stmt 1               @ ../../../../Library/StdDriver/src/crypto.c:156:5
	ldr	r0, [sp, #4]
	ldr	r2, [sp]
	str	r0, [r2]
	.loc	2 158 29                        @ ../../../../Library/StdDriver/src/crypto.c:158:29
	ldr	r0, [sp, #16]
	.loc	2 158 46 is_stmt 0              @ ../../../../Library/StdDriver/src/crypto.c:158:46
	ldr	r2, [sp, #12]
	.loc	2 158 57                        @ ../../../../Library/StdDriver/src/crypto.c:158:57
	muls	r1, r2, r1
	.loc	2 158 35                        @ ../../../../Library/StdDriver/src/crypto.c:158:35
	adds	r0, r0, r1
	movw	r1, #328
	.loc	2 158 43                        @ ../../../../Library/StdDriver/src/crypto.c:158:43
	adds	r0, r0, r1
	.loc	2 158 16                        @ ../../../../Library/StdDriver/src/crypto.c:158:16
	str	r0, [sp]
	.loc	2 159 5 is_stmt 1               @ ../../../../Library/StdDriver/src/crypto.c:159:5
	ldr	r0, [sp, #28]
	ldr	r1, [sp]
	str	r0, [r1]
	.loc	2 160 1                         @ ../../../../Library/StdDriver/src/crypto.c:160:1
	add	sp, #20
	pop	{r4, pc}
.Ltmp21:
.Lfunc_end4:
	.size	AES_SetDMATransfer, .Lfunc_end4-AES_SetDMATransfer
	.cfi_endproc
	.cantunwind
	.fnend
                                        @ -- End function
	.type	g_AES_au32CTL,%object           @ @g_AES_au32CTL
	.section	.bss.g_AES_au32CTL,"aw",%nobits
	.p2align	2, 0x0
g_AES_au32CTL:
	.zero	4
	.size	g_AES_au32CTL, 4

	.file	3 "E:\\ROBOCON2024\\01. Coding\\Nuvoton\\demo_robot_3wheel\\SampleCode\\NuCodeGen\\DemoCodeGen\\KEIL" "../../../../Library/Device/Nuvoton/M251/Include/crypto_reg.h"
	.section	.debug_abbrev,"",%progbits
	.byte	1                               @ Abbreviation Code
	.byte	17                              @ DW_TAG_compile_unit
	.byte	1                               @ DW_CHILDREN_yes
	.byte	37                              @ DW_AT_producer
	.byte	14                              @ DW_FORM_strp
	.byte	19                              @ DW_AT_language
	.byte	5                               @ DW_FORM_data2
	.byte	3                               @ DW_AT_name
	.byte	14                              @ DW_FORM_strp
	.byte	16                              @ DW_AT_stmt_list
	.byte	23                              @ DW_FORM_sec_offset
	.byte	27                              @ DW_AT_comp_dir
	.byte	14                              @ DW_FORM_strp
	.byte	17                              @ DW_AT_low_pc
	.byte	1                               @ DW_FORM_addr
	.byte	85                              @ DW_AT_ranges
	.byte	23                              @ DW_FORM_sec_offset
	.byte	0                               @ EOM(1)
	.byte	0                               @ EOM(2)
	.byte	2                               @ Abbreviation Code
	.byte	52                              @ DW_TAG_variable
	.byte	0                               @ DW_CHILDREN_no
	.byte	3                               @ DW_AT_name
	.byte	14                              @ DW_FORM_strp
	.byte	73                              @ DW_AT_type
	.byte	19                              @ DW_FORM_ref4
	.byte	58                              @ DW_AT_decl_file
	.byte	11                              @ DW_FORM_data1
	.byte	59                              @ DW_AT_decl_line
	.byte	11                              @ DW_FORM_data1
	.byte	2                               @ DW_AT_location
	.byte	24                              @ DW_FORM_exprloc
	.byte	0                               @ EOM(1)
	.byte	0                               @ EOM(2)
	.byte	3                               @ Abbreviation Code
	.byte	1                               @ DW_TAG_array_type
	.byte	1                               @ DW_CHILDREN_yes
	.byte	73                              @ DW_AT_type
	.byte	19                              @ DW_FORM_ref4
	.byte	0                               @ EOM(1)
	.byte	0                               @ EOM(2)
	.byte	4                               @ Abbreviation Code
	.byte	33                              @ DW_TAG_subrange_type
	.byte	0                               @ DW_CHILDREN_no
	.byte	73                              @ DW_AT_type
	.byte	19                              @ DW_FORM_ref4
	.byte	55                              @ DW_AT_count
	.byte	11                              @ DW_FORM_data1
	.byte	0                               @ EOM(1)
	.byte	0                               @ EOM(2)
	.byte	5                               @ Abbreviation Code
	.byte	22                              @ DW_TAG_typedef
	.byte	0                               @ DW_CHILDREN_no
	.byte	73                              @ DW_AT_type
	.byte	19                              @ DW_FORM_ref4
	.byte	3                               @ DW_AT_name
	.byte	14                              @ DW_FORM_strp
	.byte	58                              @ DW_AT_decl_file
	.byte	11                              @ DW_FORM_data1
	.byte	59                              @ DW_AT_decl_line
	.byte	11                              @ DW_FORM_data1
	.byte	0                               @ EOM(1)
	.byte	0                               @ EOM(2)
	.byte	6                               @ Abbreviation Code
	.byte	36                              @ DW_TAG_base_type
	.byte	0                               @ DW_CHILDREN_no
	.byte	3                               @ DW_AT_name
	.byte	14                              @ DW_FORM_strp
	.byte	62                              @ DW_AT_encoding
	.byte	11                              @ DW_FORM_data1
	.byte	11                              @ DW_AT_byte_size
	.byte	11                              @ DW_FORM_data1
	.byte	0                               @ EOM(1)
	.byte	0                               @ EOM(2)
	.byte	7                               @ Abbreviation Code
	.byte	36                              @ DW_TAG_base_type
	.byte	0                               @ DW_CHILDREN_no
	.byte	3                               @ DW_AT_name
	.byte	14                              @ DW_FORM_strp
	.byte	11                              @ DW_AT_byte_size
	.byte	11                              @ DW_FORM_data1
	.byte	62                              @ DW_AT_encoding
	.byte	11                              @ DW_FORM_data1
	.byte	0                               @ EOM(1)
	.byte	0                               @ EOM(2)
	.byte	8                               @ Abbreviation Code
	.byte	15                              @ DW_TAG_pointer_type
	.byte	0                               @ DW_CHILDREN_no
	.byte	73                              @ DW_AT_type
	.byte	19                              @ DW_FORM_ref4
	.byte	0                               @ EOM(1)
	.byte	0                               @ EOM(2)
	.byte	9                               @ Abbreviation Code
	.byte	53                              @ DW_TAG_volatile_type
	.byte	0                               @ DW_CHILDREN_no
	.byte	73                              @ DW_AT_type
	.byte	19                              @ DW_FORM_ref4
	.byte	0                               @ EOM(1)
	.byte	0                               @ EOM(2)
	.byte	10                              @ Abbreviation Code
	.byte	46                              @ DW_TAG_subprogram
	.byte	1                               @ DW_CHILDREN_yes
	.byte	17                              @ DW_AT_low_pc
	.byte	1                               @ DW_FORM_addr
	.byte	18                              @ DW_AT_high_pc
	.byte	6                               @ DW_FORM_data4
	.byte	64                              @ DW_AT_frame_base
	.byte	24                              @ DW_FORM_exprloc
	.byte	3                               @ DW_AT_name
	.byte	14                              @ DW_FORM_strp
	.byte	58                              @ DW_AT_decl_file
	.byte	11                              @ DW_FORM_data1
	.byte	59                              @ DW_AT_decl_line
	.byte	11                              @ DW_FORM_data1
	.byte	39                              @ DW_AT_prototyped
	.byte	25                              @ DW_FORM_flag_present
	.byte	63                              @ DW_AT_external
	.byte	25                              @ DW_FORM_flag_present
	.byte	0                               @ EOM(1)
	.byte	0                               @ EOM(2)
	.byte	11                              @ Abbreviation Code
	.byte	5                               @ DW_TAG_formal_parameter
	.byte	0                               @ DW_CHILDREN_no
	.byte	2                               @ DW_AT_location
	.byte	24                              @ DW_FORM_exprloc
	.byte	3                               @ DW_AT_name
	.byte	14                              @ DW_FORM_strp
	.byte	58                              @ DW_AT_decl_file
	.byte	11                              @ DW_FORM_data1
	.byte	59                              @ DW_AT_decl_line
	.byte	11                              @ DW_FORM_data1
	.byte	73                              @ DW_AT_type
	.byte	19                              @ DW_FORM_ref4
	.byte	0                               @ EOM(1)
	.byte	0                               @ EOM(2)
	.byte	12                              @ Abbreviation Code
	.byte	52                              @ DW_TAG_variable
	.byte	0                               @ DW_CHILDREN_no
	.byte	2                               @ DW_AT_location
	.byte	24                              @ DW_FORM_exprloc
	.byte	3                               @ DW_AT_name
	.byte	14                              @ DW_FORM_strp
	.byte	58                              @ DW_AT_decl_file
	.byte	11                              @ DW_FORM_data1
	.byte	59                              @ DW_AT_decl_line
	.byte	11                              @ DW_FORM_data1
	.byte	73                              @ DW_AT_type
	.byte	19                              @ DW_FORM_ref4
	.byte	0                               @ EOM(1)
	.byte	0                               @ EOM(2)
	.byte	13                              @ Abbreviation Code
	.byte	22                              @ DW_TAG_typedef
	.byte	0                               @ DW_CHILDREN_no
	.byte	73                              @ DW_AT_type
	.byte	19                              @ DW_FORM_ref4
	.byte	3                               @ DW_AT_name
	.byte	14                              @ DW_FORM_strp
	.byte	58                              @ DW_AT_decl_file
	.byte	11                              @ DW_FORM_data1
	.byte	59                              @ DW_AT_decl_line
	.byte	5                               @ DW_FORM_data2
	.byte	0                               @ EOM(1)
	.byte	0                               @ EOM(2)
	.byte	14                              @ Abbreviation Code
	.byte	19                              @ DW_TAG_structure_type
	.byte	1                               @ DW_CHILDREN_yes
	.byte	11                              @ DW_AT_byte_size
	.byte	5                               @ DW_FORM_data2
	.byte	58                              @ DW_AT_decl_file
	.byte	11                              @ DW_FORM_data1
	.byte	59                              @ DW_AT_decl_line
	.byte	11                              @ DW_FORM_data1
	.byte	0                               @ EOM(1)
	.byte	0                               @ EOM(2)
	.byte	15                              @ Abbreviation Code
	.byte	13                              @ DW_TAG_member
	.byte	0                               @ DW_CHILDREN_no
	.byte	3                               @ DW_AT_name
	.byte	14                              @ DW_FORM_strp
	.byte	73                              @ DW_AT_type
	.byte	19                              @ DW_FORM_ref4
	.byte	58                              @ DW_AT_decl_file
	.byte	11                              @ DW_FORM_data1
	.byte	59                              @ DW_AT_decl_line
	.byte	5                               @ DW_FORM_data2
	.byte	56                              @ DW_AT_data_member_location
	.byte	11                              @ DW_FORM_data1
	.byte	0                               @ EOM(1)
	.byte	0                               @ EOM(2)
	.byte	16                              @ Abbreviation Code
	.byte	13                              @ DW_TAG_member
	.byte	0                               @ DW_CHILDREN_no
	.byte	3                               @ DW_AT_name
	.byte	14                              @ DW_FORM_strp
	.byte	73                              @ DW_AT_type
	.byte	19                              @ DW_FORM_ref4
	.byte	58                              @ DW_AT_decl_file
	.byte	11                              @ DW_FORM_data1
	.byte	59                              @ DW_AT_decl_line
	.byte	5                               @ DW_FORM_data2
	.byte	56                              @ DW_AT_data_member_location
	.byte	5                               @ DW_FORM_data2
	.byte	0                               @ EOM(1)
	.byte	0                               @ EOM(2)
	.byte	17                              @ Abbreviation Code
	.byte	38                              @ DW_TAG_const_type
	.byte	0                               @ DW_CHILDREN_no
	.byte	73                              @ DW_AT_type
	.byte	19                              @ DW_FORM_ref4
	.byte	0                               @ EOM(1)
	.byte	0                               @ EOM(2)
	.byte	0                               @ EOM(3)
	.section	.debug_info,"",%progbits
.Lcu_begin0:
	.long	.Ldebug_info_end0-.Ldebug_info_start0 @ Length of Unit
.Ldebug_info_start0:
	.short	4                               @ DWARF version number
	.long	.debug_abbrev                   @ Offset Into Abbrev. Section
	.byte	4                               @ Address Size (in bytes)
	.byte	1                               @ Abbrev [1] 0xb:0x351 DW_TAG_compile_unit
	.long	.Linfo_string0                  @ DW_AT_producer
	.short	12                              @ DW_AT_language
	.long	.Linfo_string1                  @ DW_AT_name
	.long	.Lline_table_start0             @ DW_AT_stmt_list
	.long	.Linfo_string2                  @ DW_AT_comp_dir
	.long	0                               @ DW_AT_low_pc
	.long	.Ldebug_ranges0                 @ DW_AT_ranges
	.byte	2                               @ Abbrev [2] 0x26:0x11 DW_TAG_variable
	.long	.Linfo_string3                  @ DW_AT_name
	.long	55                              @ DW_AT_type
	.byte	2                               @ DW_AT_decl_file
	.byte	42                              @ DW_AT_decl_line
	.byte	5                               @ DW_AT_location
	.byte	3
	.long	g_AES_au32CTL
	.byte	3                               @ Abbrev [3] 0x37:0xc DW_TAG_array_type
	.long	67                              @ DW_AT_type
	.byte	4                               @ Abbrev [4] 0x3c:0x6 DW_TAG_subrange_type
	.long	85                              @ DW_AT_type
	.byte	1                               @ DW_AT_count
	.byte	0                               @ End Of Children Mark
	.byte	5                               @ Abbrev [5] 0x43:0xb DW_TAG_typedef
	.long	78                              @ DW_AT_type
	.long	.Linfo_string5                  @ DW_AT_name
	.byte	1                               @ DW_AT_decl_file
	.byte	64                              @ DW_AT_decl_line
	.byte	6                               @ Abbrev [6] 0x4e:0x7 DW_TAG_base_type
	.long	.Linfo_string4                  @ DW_AT_name
	.byte	7                               @ DW_AT_encoding
	.byte	4                               @ DW_AT_byte_size
	.byte	7                               @ Abbrev [7] 0x55:0x7 DW_TAG_base_type
	.long	.Linfo_string6                  @ DW_AT_name
	.byte	8                               @ DW_AT_byte_size
	.byte	7                               @ DW_AT_encoding
	.byte	8                               @ Abbrev [8] 0x5c:0x5 DW_TAG_pointer_type
	.long	97                              @ DW_AT_type
	.byte	9                               @ Abbrev [9] 0x61:0x5 DW_TAG_volatile_type
	.long	78                              @ DW_AT_type
	.byte	10                              @ Abbrev [10] 0x66:0x66 DW_TAG_subprogram
	.long	.Lfunc_begin0                   @ DW_AT_low_pc
	.long	.Lfunc_end0-.Lfunc_begin0       @ DW_AT_high_pc
	.byte	1                               @ DW_AT_frame_base
	.byte	93
	.long	.Linfo_string7                  @ DW_AT_name
	.byte	2                               @ DW_AT_decl_file
	.byte	70                              @ DW_AT_decl_line
                                        @ DW_AT_prototyped
                                        @ DW_AT_external
	.byte	11                              @ Abbrev [11] 0x77:0xe DW_TAG_formal_parameter
	.byte	2                               @ DW_AT_location
	.byte	145
	.byte	12
	.long	.Linfo_string12                 @ DW_AT_name
	.byte	2                               @ DW_AT_decl_file
	.byte	70                              @ DW_AT_decl_line
	.long	570                             @ DW_AT_type
	.byte	11                              @ Abbrev [11] 0x85:0xe DW_TAG_formal_parameter
	.byte	2                               @ DW_AT_location
	.byte	145
	.byte	8
	.long	.Linfo_string28                 @ DW_AT_name
	.byte	2                               @ DW_AT_decl_file
	.byte	70                              @ DW_AT_decl_line
	.long	67                              @ DW_AT_type
	.byte	11                              @ Abbrev [11] 0x93:0xe DW_TAG_formal_parameter
	.byte	2                               @ DW_AT_location
	.byte	145
	.byte	4
	.long	.Linfo_string29                 @ DW_AT_name
	.byte	2                               @ DW_AT_decl_file
	.byte	70                              @ DW_AT_decl_line
	.long	67                              @ DW_AT_type
	.byte	11                              @ Abbrev [11] 0xa1:0xe DW_TAG_formal_parameter
	.byte	2                               @ DW_AT_location
	.byte	145
	.byte	0
	.long	.Linfo_string30                 @ DW_AT_name
	.byte	2                               @ DW_AT_decl_file
	.byte	71                              @ DW_AT_decl_line
	.long	67                              @ DW_AT_type
	.byte	11                              @ Abbrev [11] 0xaf:0xe DW_TAG_formal_parameter
	.byte	2                               @ DW_AT_location
	.byte	145
	.byte	24
	.long	.Linfo_string31                 @ DW_AT_name
	.byte	2                               @ DW_AT_decl_file
	.byte	71                              @ DW_AT_decl_line
	.long	67                              @ DW_AT_type
	.byte	11                              @ Abbrev [11] 0xbd:0xe DW_TAG_formal_parameter
	.byte	2                               @ DW_AT_location
	.byte	145
	.byte	28
	.long	.Linfo_string32                 @ DW_AT_name
	.byte	2                               @ DW_AT_decl_file
	.byte	71                              @ DW_AT_decl_line
	.long	67                              @ DW_AT_type
	.byte	0                               @ End Of Children Mark
	.byte	10                              @ Abbrev [10] 0xcc:0x3c DW_TAG_subprogram
	.long	.Lfunc_begin1                   @ DW_AT_low_pc
	.long	.Lfunc_end1-.Lfunc_begin1       @ DW_AT_high_pc
	.byte	1                               @ DW_AT_frame_base
	.byte	93
	.long	.Linfo_string8                  @ DW_AT_name
	.byte	2                               @ DW_AT_decl_file
	.byte	90                              @ DW_AT_decl_line
                                        @ DW_AT_prototyped
                                        @ DW_AT_external
	.byte	11                              @ Abbrev [11] 0xdd:0xe DW_TAG_formal_parameter
	.byte	2                               @ DW_AT_location
	.byte	145
	.byte	8
	.long	.Linfo_string12                 @ DW_AT_name
	.byte	2                               @ DW_AT_decl_file
	.byte	90                              @ DW_AT_decl_line
	.long	570                             @ DW_AT_type
	.byte	11                              @ Abbrev [11] 0xeb:0xe DW_TAG_formal_parameter
	.byte	2                               @ DW_AT_location
	.byte	145
	.byte	4
	.long	.Linfo_string28                 @ DW_AT_name
	.byte	2                               @ DW_AT_decl_file
	.byte	90                              @ DW_AT_decl_line
	.long	67                              @ DW_AT_type
	.byte	11                              @ Abbrev [11] 0xf9:0xe DW_TAG_formal_parameter
	.byte	2                               @ DW_AT_location
	.byte	145
	.byte	0
	.long	.Linfo_string33                 @ DW_AT_name
	.byte	2                               @ DW_AT_decl_file
	.byte	90                              @ DW_AT_decl_line
	.long	67                              @ DW_AT_type
	.byte	0                               @ End Of Children Mark
	.byte	10                              @ Abbrev [10] 0x108:0x74 DW_TAG_subprogram
	.long	.Lfunc_begin2                   @ DW_AT_low_pc
	.long	.Lfunc_end2-.Lfunc_begin2       @ DW_AT_high_pc
	.byte	1                               @ DW_AT_frame_base
	.byte	93
	.long	.Linfo_string9                  @ DW_AT_name
	.byte	2                               @ DW_AT_decl_file
	.byte	106                             @ DW_AT_decl_line
                                        @ DW_AT_prototyped
                                        @ DW_AT_external
	.byte	11                              @ Abbrev [11] 0x119:0xe DW_TAG_formal_parameter
	.byte	2                               @ DW_AT_location
	.byte	145
	.byte	24
	.long	.Linfo_string12                 @ DW_AT_name
	.byte	2                               @ DW_AT_decl_file
	.byte	106                             @ DW_AT_decl_line
	.long	570                             @ DW_AT_type
	.byte	11                              @ Abbrev [11] 0x127:0xe DW_TAG_formal_parameter
	.byte	2                               @ DW_AT_location
	.byte	145
	.byte	20
	.long	.Linfo_string28                 @ DW_AT_name
	.byte	2                               @ DW_AT_decl_file
	.byte	106                             @ DW_AT_decl_line
	.long	67                              @ DW_AT_type
	.byte	11                              @ Abbrev [11] 0x135:0xe DW_TAG_formal_parameter
	.byte	2                               @ DW_AT_location
	.byte	145
	.byte	16
	.long	.Linfo_string34                 @ DW_AT_name
	.byte	2                               @ DW_AT_decl_file
	.byte	106                             @ DW_AT_decl_line
	.long	854                             @ DW_AT_type
	.byte	11                              @ Abbrev [11] 0x143:0xe DW_TAG_formal_parameter
	.byte	2                               @ DW_AT_location
	.byte	145
	.byte	12
	.long	.Linfo_string31                 @ DW_AT_name
	.byte	2                               @ DW_AT_decl_file
	.byte	106                             @ DW_AT_decl_line
	.long	67                              @ DW_AT_type
	.byte	12                              @ Abbrev [12] 0x151:0xe DW_TAG_variable
	.byte	2                               @ DW_AT_location
	.byte	145
	.byte	8
	.long	.Linfo_string35                 @ DW_AT_name
	.byte	2                               @ DW_AT_decl_file
	.byte	108                             @ DW_AT_decl_line
	.long	67                              @ DW_AT_type
	.byte	12                              @ Abbrev [12] 0x15f:0xe DW_TAG_variable
	.byte	2                               @ DW_AT_location
	.byte	145
	.byte	4
	.long	.Linfo_string36                 @ DW_AT_name
	.byte	2                               @ DW_AT_decl_file
	.byte	108                             @ DW_AT_decl_line
	.long	67                              @ DW_AT_type
	.byte	12                              @ Abbrev [12] 0x16d:0xe DW_TAG_variable
	.byte	2                               @ DW_AT_location
	.byte	145
	.byte	0
	.long	.Linfo_string37                 @ DW_AT_name
	.byte	2                               @ DW_AT_decl_file
	.byte	108                             @ DW_AT_decl_line
	.long	67                              @ DW_AT_type
	.byte	0                               @ End Of Children Mark
	.byte	10                              @ Abbrev [10] 0x17c:0x58 DW_TAG_subprogram
	.long	.Lfunc_begin3                   @ DW_AT_low_pc
	.long	.Lfunc_end3-.Lfunc_begin3       @ DW_AT_high_pc
	.byte	1                               @ DW_AT_frame_base
	.byte	93
	.long	.Linfo_string10                 @ DW_AT_name
	.byte	2                               @ DW_AT_decl_file
	.byte	126                             @ DW_AT_decl_line
                                        @ DW_AT_prototyped
                                        @ DW_AT_external
	.byte	11                              @ Abbrev [11] 0x18d:0xe DW_TAG_formal_parameter
	.byte	2                               @ DW_AT_location
	.byte	145
	.byte	16
	.long	.Linfo_string12                 @ DW_AT_name
	.byte	2                               @ DW_AT_decl_file
	.byte	126                             @ DW_AT_decl_line
	.long	570                             @ DW_AT_type
	.byte	11                              @ Abbrev [11] 0x19b:0xe DW_TAG_formal_parameter
	.byte	2                               @ DW_AT_location
	.byte	145
	.byte	12
	.long	.Linfo_string28                 @ DW_AT_name
	.byte	2                               @ DW_AT_decl_file
	.byte	126                             @ DW_AT_decl_line
	.long	67                              @ DW_AT_type
	.byte	11                              @ Abbrev [11] 0x1a9:0xe DW_TAG_formal_parameter
	.byte	2                               @ DW_AT_location
	.byte	145
	.byte	8
	.long	.Linfo_string38                 @ DW_AT_name
	.byte	2                               @ DW_AT_decl_file
	.byte	126                             @ DW_AT_decl_line
	.long	854                             @ DW_AT_type
	.byte	12                              @ Abbrev [12] 0x1b7:0xe DW_TAG_variable
	.byte	2                               @ DW_AT_location
	.byte	145
	.byte	4
	.long	.Linfo_string35                 @ DW_AT_name
	.byte	2                               @ DW_AT_decl_file
	.byte	128                             @ DW_AT_decl_line
	.long	67                              @ DW_AT_type
	.byte	12                              @ Abbrev [12] 0x1c5:0xe DW_TAG_variable
	.byte	2                               @ DW_AT_location
	.byte	145
	.byte	0
	.long	.Linfo_string37                 @ DW_AT_name
	.byte	2                               @ DW_AT_decl_file
	.byte	128                             @ DW_AT_decl_line
	.long	67                              @ DW_AT_type
	.byte	0                               @ End Of Children Mark
	.byte	10                              @ Abbrev [10] 0x1d4:0x66 DW_TAG_subprogram
	.long	.Lfunc_begin4                   @ DW_AT_low_pc
	.long	.Lfunc_end4-.Lfunc_begin4       @ DW_AT_high_pc
	.byte	1                               @ DW_AT_frame_base
	.byte	93
	.long	.Linfo_string11                 @ DW_AT_name
	.byte	2                               @ DW_AT_decl_file
	.byte	147                             @ DW_AT_decl_line
                                        @ DW_AT_prototyped
                                        @ DW_AT_external
	.byte	11                              @ Abbrev [11] 0x1e5:0xe DW_TAG_formal_parameter
	.byte	2                               @ DW_AT_location
	.byte	145
	.byte	16
	.long	.Linfo_string12                 @ DW_AT_name
	.byte	2                               @ DW_AT_decl_file
	.byte	147                             @ DW_AT_decl_line
	.long	570                             @ DW_AT_type
	.byte	11                              @ Abbrev [11] 0x1f3:0xe DW_TAG_formal_parameter
	.byte	2                               @ DW_AT_location
	.byte	145
	.byte	12
	.long	.Linfo_string28                 @ DW_AT_name
	.byte	2                               @ DW_AT_decl_file
	.byte	147                             @ DW_AT_decl_line
	.long	67                              @ DW_AT_type
	.byte	11                              @ Abbrev [11] 0x201:0xe DW_TAG_formal_parameter
	.byte	2                               @ DW_AT_location
	.byte	145
	.byte	8
	.long	.Linfo_string39                 @ DW_AT_name
	.byte	2                               @ DW_AT_decl_file
	.byte	147                             @ DW_AT_decl_line
	.long	67                              @ DW_AT_type
	.byte	11                              @ Abbrev [11] 0x20f:0xe DW_TAG_formal_parameter
	.byte	2                               @ DW_AT_location
	.byte	145
	.byte	4
	.long	.Linfo_string40                 @ DW_AT_name
	.byte	2                               @ DW_AT_decl_file
	.byte	148                             @ DW_AT_decl_line
	.long	67                              @ DW_AT_type
	.byte	11                              @ Abbrev [11] 0x21d:0xe DW_TAG_formal_parameter
	.byte	2                               @ DW_AT_location
	.byte	145
	.byte	28
	.long	.Linfo_string41                 @ DW_AT_name
	.byte	2                               @ DW_AT_decl_file
	.byte	148                             @ DW_AT_decl_line
	.long	67                              @ DW_AT_type
	.byte	12                              @ Abbrev [12] 0x22b:0xe DW_TAG_variable
	.byte	2                               @ DW_AT_location
	.byte	145
	.byte	0
	.long	.Linfo_string42                 @ DW_AT_name
	.byte	2                               @ DW_AT_decl_file
	.byte	150                             @ DW_AT_decl_line
	.long	67                              @ DW_AT_type
	.byte	0                               @ End Of Children Mark
	.byte	8                               @ Abbrev [8] 0x23a:0x5 DW_TAG_pointer_type
	.long	575                             @ DW_AT_type
	.byte	13                              @ Abbrev [13] 0x23f:0xc DW_TAG_typedef
	.long	587                             @ DW_AT_type
	.long	.Linfo_string27                 @ DW_AT_name
	.byte	3                               @ DW_AT_decl_file
	.short	271                             @ DW_AT_decl_line
	.byte	14                              @ Abbrev [14] 0x24b:0xc5 DW_TAG_structure_type
	.short	332                             @ DW_AT_byte_size
	.byte	3                               @ DW_AT_decl_file
	.byte	28                              @ DW_AT_decl_line
	.byte	15                              @ Abbrev [15] 0x250:0xd DW_TAG_member
	.long	.Linfo_string13                 @ DW_AT_name
	.long	784                             @ DW_AT_type
	.byte	3                               @ DW_AT_decl_file
	.short	256                             @ DW_AT_decl_line
	.byte	0                               @ DW_AT_data_member_location
	.byte	15                              @ Abbrev [15] 0x25d:0xd DW_TAG_member
	.long	.Linfo_string14                 @ DW_AT_name
	.long	784                             @ DW_AT_type
	.byte	3                               @ DW_AT_decl_file
	.short	257                             @ DW_AT_decl_line
	.byte	4                               @ DW_AT_data_member_location
	.byte	15                              @ Abbrev [15] 0x26a:0xd DW_TAG_member
	.long	.Linfo_string15                 @ DW_AT_name
	.long	789                             @ DW_AT_type
	.byte	3                               @ DW_AT_decl_file
	.short	258                             @ DW_AT_decl_line
	.byte	8                               @ DW_AT_data_member_location
	.byte	15                              @ Abbrev [15] 0x277:0xd DW_TAG_member
	.long	.Linfo_string16                 @ DW_AT_name
	.long	806                             @ DW_AT_type
	.byte	3                               @ DW_AT_decl_file
	.short	259                             @ DW_AT_decl_line
	.byte	80                              @ DW_AT_data_member_location
	.byte	15                              @ Abbrev [15] 0x284:0xd DW_TAG_member
	.long	.Linfo_string17                 @ DW_AT_name
	.long	818                             @ DW_AT_type
	.byte	3                               @ DW_AT_decl_file
	.short	260                             @ DW_AT_decl_line
	.byte	96                              @ DW_AT_data_member_location
	.byte	16                              @ Abbrev [16] 0x291:0xe DW_TAG_member
	.long	.Linfo_string18                 @ DW_AT_name
	.long	784                             @ DW_AT_type
	.byte	3                               @ DW_AT_decl_file
	.short	261                             @ DW_AT_decl_line
	.short	256                             @ DW_AT_data_member_location
	.byte	16                              @ Abbrev [16] 0x29f:0xe DW_TAG_member
	.long	.Linfo_string19                 @ DW_AT_name
	.long	801                             @ DW_AT_type
	.byte	3                               @ DW_AT_decl_file
	.short	262                             @ DW_AT_decl_line
	.short	260                             @ DW_AT_data_member_location
	.byte	16                              @ Abbrev [16] 0x2ad:0xe DW_TAG_member
	.long	.Linfo_string20                 @ DW_AT_name
	.long	784                             @ DW_AT_type
	.byte	3                               @ DW_AT_decl_file
	.short	263                             @ DW_AT_decl_line
	.short	264                             @ DW_AT_data_member_location
	.byte	16                              @ Abbrev [16] 0x2bb:0xe DW_TAG_member
	.long	.Linfo_string21                 @ DW_AT_name
	.long	801                             @ DW_AT_type
	.byte	3                               @ DW_AT_decl_file
	.short	264                             @ DW_AT_decl_line
	.short	268                             @ DW_AT_data_member_location
	.byte	16                              @ Abbrev [16] 0x2c9:0xe DW_TAG_member
	.long	.Linfo_string22                 @ DW_AT_name
	.long	830                             @ DW_AT_type
	.byte	3                               @ DW_AT_decl_file
	.short	265                             @ DW_AT_decl_line
	.short	272                             @ DW_AT_data_member_location
	.byte	16                              @ Abbrev [16] 0x2d7:0xe DW_TAG_member
	.long	.Linfo_string23                 @ DW_AT_name
	.long	842                             @ DW_AT_type
	.byte	3                               @ DW_AT_decl_file
	.short	266                             @ DW_AT_decl_line
	.short	304                             @ DW_AT_data_member_location
	.byte	16                              @ Abbrev [16] 0x2e5:0xe DW_TAG_member
	.long	.Linfo_string24                 @ DW_AT_name
	.long	784                             @ DW_AT_type
	.byte	3                               @ DW_AT_decl_file
	.short	267                             @ DW_AT_decl_line
	.short	320                             @ DW_AT_data_member_location
	.byte	16                              @ Abbrev [16] 0x2f3:0xe DW_TAG_member
	.long	.Linfo_string25                 @ DW_AT_name
	.long	784                             @ DW_AT_type
	.byte	3                               @ DW_AT_decl_file
	.short	268                             @ DW_AT_decl_line
	.short	324                             @ DW_AT_data_member_location
	.byte	16                              @ Abbrev [16] 0x301:0xe DW_TAG_member
	.long	.Linfo_string26                 @ DW_AT_name
	.long	784                             @ DW_AT_type
	.byte	3                               @ DW_AT_decl_file
	.short	269                             @ DW_AT_decl_line
	.short	328                             @ DW_AT_data_member_location
	.byte	0                               @ End Of Children Mark
	.byte	9                               @ Abbrev [9] 0x310:0x5 DW_TAG_volatile_type
	.long	67                              @ DW_AT_type
	.byte	3                               @ Abbrev [3] 0x315:0xc DW_TAG_array_type
	.long	801                             @ DW_AT_type
	.byte	4                               @ Abbrev [4] 0x31a:0x6 DW_TAG_subrange_type
	.long	85                              @ DW_AT_type
	.byte	18                              @ DW_AT_count
	.byte	0                               @ End Of Children Mark
	.byte	17                              @ Abbrev [17] 0x321:0x5 DW_TAG_const_type
	.long	784                             @ DW_AT_type
	.byte	3                               @ Abbrev [3] 0x326:0xc DW_TAG_array_type
	.long	801                             @ DW_AT_type
	.byte	4                               @ Abbrev [4] 0x32b:0x6 DW_TAG_subrange_type
	.long	85                              @ DW_AT_type
	.byte	4                               @ DW_AT_count
	.byte	0                               @ End Of Children Mark
	.byte	3                               @ Abbrev [3] 0x332:0xc DW_TAG_array_type
	.long	801                             @ DW_AT_type
	.byte	4                               @ Abbrev [4] 0x337:0x6 DW_TAG_subrange_type
	.long	85                              @ DW_AT_type
	.byte	40                              @ DW_AT_count
	.byte	0                               @ End Of Children Mark
	.byte	3                               @ Abbrev [3] 0x33e:0xc DW_TAG_array_type
	.long	784                             @ DW_AT_type
	.byte	4                               @ Abbrev [4] 0x343:0x6 DW_TAG_subrange_type
	.long	85                              @ DW_AT_type
	.byte	8                               @ DW_AT_count
	.byte	0                               @ End Of Children Mark
	.byte	3                               @ Abbrev [3] 0x34a:0xc DW_TAG_array_type
	.long	784                             @ DW_AT_type
	.byte	4                               @ Abbrev [4] 0x34f:0x6 DW_TAG_subrange_type
	.long	85                              @ DW_AT_type
	.byte	4                               @ DW_AT_count
	.byte	0                               @ End Of Children Mark
	.byte	8                               @ Abbrev [8] 0x356:0x5 DW_TAG_pointer_type
	.long	67                              @ DW_AT_type
	.byte	0                               @ End Of Children Mark
.Ldebug_info_end0:
	.section	.debug_ranges,"",%progbits
.Ldebug_ranges0:
	.long	.Lfunc_begin0
	.long	.Lfunc_end0
	.long	.Lfunc_begin1
	.long	.Lfunc_end1
	.long	.Lfunc_begin2
	.long	.Lfunc_end2
	.long	.Lfunc_begin3
	.long	.Lfunc_end3
	.long	.Lfunc_begin4
	.long	.Lfunc_end4
	.long	0
	.long	0
	.section	.debug_str,"MS",%progbits,1
.Linfo_string0:
	.asciz	"Component: Arm Compiler for Embedded 6.19 Tool: armclang [5e73cb00]" @ string offset=0
.Linfo_string1:
	.asciz	"../../../../Library/StdDriver/src\\crypto.c" @ string offset=68
.Linfo_string2:
	.asciz	"E:\\ROBOCON2024\\01. Coding\\Nuvoton\\demo_robot_3wheel\\SampleCode\\NuCodeGen\\DemoCodeGen\\KEIL" @ string offset=111
.Linfo_string3:
	.asciz	"g_AES_au32CTL"                 @ string offset=201
.Linfo_string4:
	.asciz	"unsigned int"                  @ string offset=215
.Linfo_string5:
	.asciz	"uint32_t"                      @ string offset=228
.Linfo_string6:
	.asciz	"__ARRAY_SIZE_TYPE__"           @ string offset=237
.Linfo_string7:
	.asciz	"AES_Open"                      @ string offset=257
.Linfo_string8:
	.asciz	"AES_Start"                     @ string offset=266
.Linfo_string9:
	.asciz	"AES_SetKey"                    @ string offset=276
.Linfo_string10:
	.asciz	"AES_SetInitVect"               @ string offset=287
.Linfo_string11:
	.asciz	"AES_SetDMATransfer"            @ string offset=303
.Linfo_string12:
	.asciz	"crpt"                          @ string offset=322
.Linfo_string13:
	.asciz	"INTEN"                         @ string offset=327
.Linfo_string14:
	.asciz	"INTSTS"                        @ string offset=333
.Linfo_string15:
	.asciz	"RESERVE0"                      @ string offset=340
.Linfo_string16:
	.asciz	"AES_FDBCK"                     @ string offset=349
.Linfo_string17:
	.asciz	"RESERVE1"                      @ string offset=359
.Linfo_string18:
	.asciz	"AES_CTL"                       @ string offset=368
.Linfo_string19:
	.asciz	"AES_STS"                       @ string offset=376
.Linfo_string20:
	.asciz	"AES_DATIN"                     @ string offset=384
.Linfo_string21:
	.asciz	"AES_DATOUT"                    @ string offset=394
.Linfo_string22:
	.asciz	"AES_KEY"                       @ string offset=405
.Linfo_string23:
	.asciz	"AES_IV"                        @ string offset=413
.Linfo_string24:
	.asciz	"AES_SADDR"                     @ string offset=420
.Linfo_string25:
	.asciz	"AES_DADDR"                     @ string offset=430
.Linfo_string26:
	.asciz	"AES_CNT"                       @ string offset=440
.Linfo_string27:
	.asciz	"CRPT_T"                        @ string offset=448
.Linfo_string28:
	.asciz	"u32Channel"                    @ string offset=455
.Linfo_string29:
	.asciz	"u32EncDec"                     @ string offset=466
.Linfo_string30:
	.asciz	"u32OpMode"                     @ string offset=476
.Linfo_string31:
	.asciz	"u32KeySize"                    @ string offset=486
.Linfo_string32:
	.asciz	"u32SwapType"                   @ string offset=497
.Linfo_string33:
	.asciz	"u32DMAMode"                    @ string offset=509
.Linfo_string34:
	.asciz	"au32Keys"                      @ string offset=520
.Linfo_string35:
	.asciz	"u32Idx"                        @ string offset=529
.Linfo_string36:
	.asciz	"u32Wcnt"                       @ string offset=536
.Linfo_string37:
	.asciz	"u32KeyRegAddr"                 @ string offset=544
.Linfo_string38:
	.asciz	"au32IV"                        @ string offset=558
.Linfo_string39:
	.asciz	"u32SrcAddr"                    @ string offset=565
.Linfo_string40:
	.asciz	"u32DstAddr"                    @ string offset=576
.Linfo_string41:
	.asciz	"u32TransCnt"                   @ string offset=587
.Linfo_string42:
	.asciz	"u32RegAddr"                    @ string offset=599
	.ident	"Component: Arm Compiler for Embedded 6.19 Tool: armclang [5e73cb00]"
	.section	".note.GNU-stack","",%progbits
	.eabi_attribute	30, 6	@ Tag_ABI_optimization_goals
	.ARM_attribute	16, 1	@ Tag_AV_eba
	.section	.debug_line,"",%progbits
.Lline_table_start0:
