	.text
	.syntax unified
	.eabi_attribute	67, "2.09"	@ Tag_conformance
	.cpu	cortex-m23
	.eabi_attribute	6, 16	@ Tag_CPU_arch
	.eabi_attribute	7, 77	@ Tag_CPU_arch_profile
	.eabi_attribute	8, 0	@ Tag_ARM_ISA_use
	.eabi_attribute	9, 3	@ Tag_THUMB_ISA_use
	.eabi_attribute	34, 0	@ Tag_CPU_unaligned_access
	.eabi_attribute	17, 1	@ Tag_ABI_PCS_GOT_use
	.eabi_attribute	20, 2	@ Tag_ABI_FP_denormal
	.eabi_attribute	21, 0	@ Tag_ABI_FP_exceptions
	.eabi_attribute	23, 1	@ Tag_ABI_FP_number_model
	.eabi_attribute	24, 1	@ Tag_ABI_align_needed
	.eabi_attribute	25, 1	@ Tag_ABI_align_preserved
	.eabi_attribute	38, 1	@ Tag_ABI_FP_16bit_format
	.eabi_attribute	18, 2	@ Tag_ABI_PCS_wchar_t
	.eabi_attribute	26, 1	@ Tag_ABI_enum_size
	.eabi_attribute	14, 0	@ Tag_ABI_PCS_R9_use
	.file	"periph_conf.c"
	.file	1 "E:\\ROBOCON2024\\01. Coding\\Nuvoton\\demo_robot_3wheel\\SampleCode\\NuCodeGen\\DemoCodeGen\\KEIL" "../../../../Library/Device/Nuvoton/M251/Include/M251.h"
	.file	2 "C:\\Keil_v5\\ARM\\ARMCLANG\\Bin\\..\\include" "stdint.h"
	.file	3 "E:\\ROBOCON2024\\01. Coding\\Nuvoton\\demo_robot_3wheel\\SampleCode\\NuCodeGen\\DemoCodeGen\\KEIL" "../../../../Library/Device/Nuvoton/M251/Include/gpio_reg.h"
	.file	4 "E:\\ROBOCON2024\\01. Coding\\Nuvoton\\demo_robot_3wheel\\SampleCode\\NuCodeGen\\DemoCodeGen\\KEIL" "../../../../Library/Device/Nuvoton/M251/Include/uart_reg.h"
	.file	5 "E:\\ROBOCON2024\\01. Coding\\Nuvoton\\demo_robot_3wheel\\SampleCode\\NuCodeGen\\DemoCodeGen\\KEIL" "../../../../Library/CMSIS/Include\\core_cm23.h"
	.section	.text.GPIO_Init,"ax",%progbits
	.hidden	GPIO_Init                       @ -- Begin function GPIO_Init
	.globl	GPIO_Init
	.p2align	2
	.type	GPIO_Init,%function
	.code	16                              @ @GPIO_Init
	.thumb_func
GPIO_Init:
.Lfunc_begin0:
	.file	6 "E:\\ROBOCON2024\\01. Coding\\Nuvoton\\demo_robot_3wheel\\SampleCode\\NuCodeGen\\DemoCodeGen\\KEIL" "../periph_conf.c"
	.loc	6 16 0                          @ ../periph_conf.c:16:0
	.fnstart
	.cfi_sections .debug_frame
	.cfi_startproc
@ %bb.0:
	.pad	#4
	sub	sp, #4
	.cfi_def_cfa_offset 4
	movs	r0, #0
.Ltmp0:
	.loc	6 17 20 prologue_end            @ ../periph_conf.c:17:20
	str	r0, [sp]
	ldr	r1, __arm_cp.0_0
	.loc	6 20 16                         @ ../periph_conf.c:20:16
	str	r0, [r1]
	ldr	r2, __arm_cp.0_1
	movw	r1, #16384
	.loc	6 27 14                         @ ../periph_conf.c:27:14
	str	r1, [r2]
	ldr	r1, __arm_cp.0_2
	.loc	6 34 16                         @ ../periph_conf.c:34:16
	str	r0, [r1]
	movs	r1, #1
	lsls	r1, r1, #28
	ldr	r2, __arm_cp.0_3
	.loc	6 41 14                         @ ../periph_conf.c:41:14
	str	r1, [r2]
	ldr	r1, __arm_cp.0_4
	.loc	6 48 14                         @ ../periph_conf.c:48:14
	str	r0, [r1]
	ldr	r1, __arm_cp.0_5
	.loc	6 55 17                         @ ../periph_conf.c:55:17
	str	r0, [r1]
	ldr	r2, __arm_cp.0_6
	.loc	6 62 15                         @ ../periph_conf.c:62:15
	str	r0, [r2]
	.loc	6 69 15                         @ ../periph_conf.c:69:15
	ldr	r1, [r2]
	str	r1, [r2]
	ldr	r1, __arm_cp.0_7
	.loc	6 76 17                         @ ../periph_conf.c:76:17
	str	r0, [r1]
	ldr	r1, __arm_cp.0_8
	.loc	6 83 15                         @ ../periph_conf.c:83:15
	str	r0, [r1]
	.loc	6 89 1                          @ ../periph_conf.c:89:1
	add	sp, #4
	bx	lr
.Ltmp1:
	.p2align	2
@ %bb.1:
	.loc	6 0 1 is_stmt 0                 @ ../periph_conf.c:0:1
__arm_cp.0_0:
	.long	1073758276                      @ 0x40004044
.Lcpi_end0:
	.size	__arm_cp.0_0, .Lcpi_end0-__arm_cp.0_0
__arm_cp.0_1:
	.long	1073758280                      @ 0x40004048
.Lcpi_end1:
	.size	__arm_cp.0_1, .Lcpi_end1-__arm_cp.0_1
__arm_cp.0_2:
	.long	1073758284                      @ 0x4000404c
.Lcpi_end2:
	.size	__arm_cp.0_2, .Lcpi_end2-__arm_cp.0_2
__arm_cp.0_3:
	.long	1073758272                      @ 0x40004040
.Lcpi_end3:
	.size	__arm_cp.0_3, .Lcpi_end3-__arm_cp.0_3
__arm_cp.0_4:
	.long	1073758292                      @ 0x40004054
.Lcpi_end4:
	.size	__arm_cp.0_4, .Lcpi_end4-__arm_cp.0_4
__arm_cp.0_5:
	.long	1073758296                      @ 0x40004058
.Lcpi_end5:
	.size	__arm_cp.0_5, .Lcpi_end5-__arm_cp.0_5
__arm_cp.0_6:
	.long	1073758300                      @ 0x4000405c
.Lcpi_end6:
	.size	__arm_cp.0_6, .Lcpi_end6-__arm_cp.0_6
__arm_cp.0_7:
	.long	1073758312                      @ 0x40004068
.Lcpi_end7:
	.size	__arm_cp.0_7, .Lcpi_end7-__arm_cp.0_7
__arm_cp.0_8:
	.long	1073758320                      @ 0x40004070
.Lcpi_end8:
	.size	__arm_cp.0_8, .Lcpi_end8-__arm_cp.0_8
.Lfunc_end0:
	.size	GPIO_Init, .Lfunc_end0-GPIO_Init
	.cfi_endproc
	.cantunwind
	.fnend
                                        @ -- End function
	.section	.text.UART0_Init,"ax",%progbits
	.hidden	UART0_Init                      @ -- Begin function UART0_Init
	.globl	UART0_Init
	.p2align	2
	.type	UART0_Init,%function
	.code	16                              @ @UART0_Init
	.thumb_func
UART0_Init:
.Lfunc_begin1:
	.loc	6 91 0 is_stmt 1                @ ../periph_conf.c:91:0
	.fnstart
	.cfi_startproc
@ %bb.0:
	.save	{r7, lr}
	push	{r7, lr}
	.cfi_def_cfa_offset 8
	.cfi_offset lr, -4
	.cfi_offset r7, -8
	.pad	#8
	sub	sp, #8
	.cfi_def_cfa_offset 16
	ldr	r0, __arm_cp.1_0
	str	r0, [sp, #4]                    @ 4-byte Spill
	movw	r1, #9600
.Ltmp2:
	.loc	6 94 5 prologue_end             @ ../periph_conf.c:94:5
	bl	UART_Open
	ldr	r0, [sp, #4]                    @ 4-byte Reload
	ldr	r2, __arm_cp.1_1
	.loc	6 97 27                         @ ../periph_conf.c:97:27
	ldr	r1, [r2]
	movs	r3, #240
	.loc	6 97 32 is_stmt 0               @ ../periph_conf.c:97:32
	bics	r1, r3
	.loc	6 97 17                         @ ../periph_conf.c:97:17
	str	r1, [r2]
	movs	r1, #1
	.loc	6 100 5 is_stmt 1               @ ../periph_conf.c:100:5
	bl	UART_EnableInt
	movs	r0, #36
	.loc	6 102 5                         @ ../periph_conf.c:102:5
	bl	__NVIC_EnableIRQ
	.loc	6 104 1                         @ ../periph_conf.c:104:1
	add	sp, #8
	pop	{r7, pc}
.Ltmp3:
	.p2align	2
@ %bb.1:
	.loc	6 0 1 is_stmt 0                 @ ../periph_conf.c:0:1
__arm_cp.1_0:
	.long	1074200576                      @ 0x40070000
.Lcpi_end9:
	.size	__arm_cp.1_0, .Lcpi_end9-__arm_cp.1_0
__arm_cp.1_1:
	.long	1074200584                      @ 0x40070008
.Lcpi_end10:
	.size	__arm_cp.1_1, .Lcpi_end10-__arm_cp.1_1
.Lfunc_end1:
	.size	UART0_Init, .Lfunc_end1-UART0_Init
	.cfi_endproc
	.cantunwind
	.fnend
                                        @ -- End function
	.section	.text.__NVIC_EnableIRQ,"ax",%progbits
	.p2align	2                               @ -- Begin function __NVIC_EnableIRQ
	.type	__NVIC_EnableIRQ,%function
	.code	16                              @ @__NVIC_EnableIRQ
	.thumb_func
__NVIC_EnableIRQ:
.Lfunc_begin2:
	.loc	5 1276 0 is_stmt 1              @ ../../../../Library/CMSIS/Include\core_cm23.h:1276:0
	.fnstart
	.cfi_startproc
@ %bb.0:
	.pad	#4
	sub	sp, #4
	.cfi_def_cfa_offset 4
	mov	r1, r0
                                        @ kill: def $r0 killed $r1
	mov	r0, sp
	strb	r1, [r0]
.Ltmp4:
	.loc	5 1277 17 prologue_end          @ ../../../../Library/CMSIS/Include\core_cm23.h:1277:17
	movs	r1, #0
	ldrsb	r0, [r0, r1]
.Ltmp5:
	.loc	5 1277 7 is_stmt 0              @ ../../../../Library/CMSIS/Include\core_cm23.h:1277:7
	cmp	r0, #0
	bmi	.LBB2_2
	b	.LBB2_1
.LBB2_1:
.Ltmp6:
	.loc	5 1279 93 is_stmt 1             @ ../../../../Library/CMSIS/Include\core_cm23.h:1279:93
	movs	r1, #0
	mov	r0, sp
	ldrsb	r1, [r0, r1]
	movs	r0, #31
	.loc	5 1279 99 is_stmt 0             @ ../../../../Library/CMSIS/Include\core_cm23.h:1279:99
	mov	r2, r1
	ands	r2, r0
	movs	r0, #1
	.loc	5 1279 69                       @ ../../../../Library/CMSIS/Include\core_cm23.h:1279:69
	lsls	r0, r2
	.loc	5 1279 5                        @ ../../../../Library/CMSIS/Include\core_cm23.h:1279:5
	lsrs	r1, r1, #5
	lsls	r1, r1, #2
	ldr	r2, __arm_cp.2_0
	.loc	5 1279 52                       @ ../../../../Library/CMSIS/Include\core_cm23.h:1279:52
	str	r0, [r1, r2]
	.loc	5 1280 3 is_stmt 1              @ ../../../../Library/CMSIS/Include\core_cm23.h:1280:3
	b	.LBB2_2
.Ltmp7:
.LBB2_2:
	.loc	5 1281 1                        @ ../../../../Library/CMSIS/Include\core_cm23.h:1281:1
	add	sp, #4
	bx	lr
.Ltmp8:
	.p2align	2
@ %bb.3:
	.loc	5 0 1 is_stmt 0                 @ ../../../../Library/CMSIS/Include\core_cm23.h:0:1
__arm_cp.2_0:
	.long	3758153984                      @ 0xe000e100
.Lcpi_end11:
	.size	__arm_cp.2_0, .Lcpi_end11-__arm_cp.2_0
.Lfunc_end2:
	.size	__NVIC_EnableIRQ, .Lfunc_end2-__NVIC_EnableIRQ
	.cfi_endproc
	.cantunwind
	.fnend
                                        @ -- End function
	.section	.text.UART1_Init,"ax",%progbits
	.hidden	UART1_Init                      @ -- Begin function UART1_Init
	.globl	UART1_Init
	.p2align	2
	.type	UART1_Init,%function
	.code	16                              @ @UART1_Init
	.thumb_func
UART1_Init:
.Lfunc_begin3:
	.loc	6 107 0 is_stmt 1               @ ../periph_conf.c:107:0
	.fnstart
	.cfi_startproc
@ %bb.0:
	.save	{r7, lr}
	push	{r7, lr}
	.cfi_def_cfa_offset 8
	.cfi_offset lr, -4
	.cfi_offset r7, -8
	ldr	r0, __arm_cp.3_0
	movw	r1, #57600
.Ltmp9:
	.loc	6 110 5 prologue_end            @ ../periph_conf.c:110:5
	bl	UART_Open
	ldr	r1, __arm_cp.3_1
	.loc	6 113 27                        @ ../periph_conf.c:113:27
	ldr	r0, [r1]
	movs	r2, #240
	.loc	6 113 32 is_stmt 0              @ ../periph_conf.c:113:32
	bics	r0, r2
	.loc	6 113 17                        @ ../periph_conf.c:113:17
	str	r0, [r1]
	.loc	6 115 1 is_stmt 1               @ ../periph_conf.c:115:1
	pop	{r7, pc}
.Ltmp10:
	.p2align	2
@ %bb.1:
	.loc	6 0 1 is_stmt 0                 @ ../periph_conf.c:0:1
__arm_cp.3_0:
	.long	1074204672                      @ 0x40071000
.Lcpi_end12:
	.size	__arm_cp.3_0, .Lcpi_end12-__arm_cp.3_0
__arm_cp.3_1:
	.long	1074204680                      @ 0x40071008
.Lcpi_end13:
	.size	__arm_cp.3_1, .Lcpi_end13-__arm_cp.3_1
.Lfunc_end3:
	.size	UART1_Init, .Lfunc_end3-UART1_Init
	.cfi_endproc
	.cantunwind
	.fnend
                                        @ -- End function
	.section	.text.UART2_Init,"ax",%progbits
	.hidden	UART2_Init                      @ -- Begin function UART2_Init
	.globl	UART2_Init
	.p2align	2
	.type	UART2_Init,%function
	.code	16                              @ @UART2_Init
	.thumb_func
UART2_Init:
.Lfunc_begin4:
	.loc	6 118 0 is_stmt 1               @ ../periph_conf.c:118:0
	.fnstart
	.cfi_startproc
@ %bb.0:
	.save	{r7, lr}
	push	{r7, lr}
	.cfi_def_cfa_offset 8
	.cfi_offset lr, -4
	.cfi_offset r7, -8
	.pad	#8
	sub	sp, #8
	.cfi_def_cfa_offset 16
	movs	r0, #225
	lsls	r1, r0, #9
	ldr	r0, __arm_cp.4_0
.Ltmp11:
	.loc	6 121 5 prologue_end            @ ../periph_conf.c:121:5
	str	r0, [sp, #4]                    @ 4-byte Spill
	bl	UART_Open
	ldr	r0, [sp, #4]                    @ 4-byte Reload
	ldr	r2, __arm_cp.4_1
	.loc	6 124 27                        @ ../periph_conf.c:124:27
	ldr	r1, [r2]
	movs	r3, #240
	.loc	6 124 32 is_stmt 0              @ ../periph_conf.c:124:32
	bics	r1, r3
	.loc	6 124 17                        @ ../periph_conf.c:124:17
	str	r1, [r2]
	movs	r1, #1
	.loc	6 127 5 is_stmt 1               @ ../periph_conf.c:127:5
	bl	UART_EnableInt
	movs	r0, #48
	.loc	6 129 5                         @ ../periph_conf.c:129:5
	bl	__NVIC_EnableIRQ
	.loc	6 131 1                         @ ../periph_conf.c:131:1
	add	sp, #8
	pop	{r7, pc}
.Ltmp12:
	.p2align	2
@ %bb.1:
	.loc	6 0 1 is_stmt 0                 @ ../periph_conf.c:0:1
__arm_cp.4_0:
	.long	1074208768                      @ 0x40072000
.Lcpi_end14:
	.size	__arm_cp.4_0, .Lcpi_end14-__arm_cp.4_0
__arm_cp.4_1:
	.long	1074208776                      @ 0x40072008
.Lcpi_end15:
	.size	__arm_cp.4_1, .Lcpi_end15-__arm_cp.4_1
.Lfunc_end4:
	.size	UART2_Init, .Lfunc_end4-UART2_Init
	.cfi_endproc
	.cantunwind
	.fnend
                                        @ -- End function
	.section	.text.Periph_Init,"ax",%progbits
	.hidden	Periph_Init                     @ -- Begin function Periph_Init
	.globl	Periph_Init
	.p2align	1
	.type	Periph_Init,%function
	.code	16                              @ @Periph_Init
	.thumb_func
Periph_Init:
.Lfunc_begin5:
	.loc	6 134 0 is_stmt 1               @ ../periph_conf.c:134:0
	.fnstart
	.cfi_startproc
@ %bb.0:
	.save	{r7, lr}
	push	{r7, lr}
	.cfi_def_cfa_offset 8
	.cfi_offset lr, -4
	.cfi_offset r7, -8
.Ltmp13:
	.loc	6 136 5 prologue_end            @ ../periph_conf.c:136:5
	bl	UART0_Init
	.loc	6 138 5                         @ ../periph_conf.c:138:5
	bl	UART1_Init
	.loc	6 140 5                         @ ../periph_conf.c:140:5
	bl	UART2_Init
	.loc	6 142 5                         @ ../periph_conf.c:142:5
	bl	GPIO_Init
	.loc	6 144 1                         @ ../periph_conf.c:144:1
	pop	{r7, pc}
.Ltmp14:
.Lfunc_end5:
	.size	Periph_Init, .Lfunc_end5-Periph_Init
	.cfi_endproc
	.cantunwind
	.fnend
                                        @ -- End function
	.section	.debug_abbrev,"",%progbits
	.byte	1                               @ Abbreviation Code
	.byte	17                              @ DW_TAG_compile_unit
	.byte	1                               @ DW_CHILDREN_yes
	.byte	37                              @ DW_AT_producer
	.byte	14                              @ DW_FORM_strp
	.byte	19                              @ DW_AT_language
	.byte	5                               @ DW_FORM_data2
	.byte	3                               @ DW_AT_name
	.byte	14                              @ DW_FORM_strp
	.byte	16                              @ DW_AT_stmt_list
	.byte	23                              @ DW_FORM_sec_offset
	.byte	27                              @ DW_AT_comp_dir
	.byte	14                              @ DW_FORM_strp
	.byte	17                              @ DW_AT_low_pc
	.byte	1                               @ DW_FORM_addr
	.byte	85                              @ DW_AT_ranges
	.byte	23                              @ DW_FORM_sec_offset
	.byte	0                               @ EOM(1)
	.byte	0                               @ EOM(2)
	.byte	2                               @ Abbreviation Code
	.byte	4                               @ DW_TAG_enumeration_type
	.byte	1                               @ DW_CHILDREN_yes
	.byte	73                              @ DW_AT_type
	.byte	19                              @ DW_FORM_ref4
	.byte	3                               @ DW_AT_name
	.byte	14                              @ DW_FORM_strp
	.byte	11                              @ DW_AT_byte_size
	.byte	11                              @ DW_FORM_data1
	.byte	58                              @ DW_AT_decl_file
	.byte	11                              @ DW_FORM_data1
	.byte	59                              @ DW_AT_decl_line
	.byte	11                              @ DW_FORM_data1
	.byte	0                               @ EOM(1)
	.byte	0                               @ EOM(2)
	.byte	3                               @ Abbreviation Code
	.byte	40                              @ DW_TAG_enumerator
	.byte	0                               @ DW_CHILDREN_no
	.byte	3                               @ DW_AT_name
	.byte	14                              @ DW_FORM_strp
	.byte	28                              @ DW_AT_const_value
	.byte	13                              @ DW_FORM_sdata
	.byte	0                               @ EOM(1)
	.byte	0                               @ EOM(2)
	.byte	4                               @ Abbreviation Code
	.byte	36                              @ DW_TAG_base_type
	.byte	0                               @ DW_CHILDREN_no
	.byte	3                               @ DW_AT_name
	.byte	14                              @ DW_FORM_strp
	.byte	62                              @ DW_AT_encoding
	.byte	11                              @ DW_FORM_data1
	.byte	11                              @ DW_AT_byte_size
	.byte	11                              @ DW_FORM_data1
	.byte	0                               @ EOM(1)
	.byte	0                               @ EOM(2)
	.byte	5                               @ Abbreviation Code
	.byte	15                              @ DW_TAG_pointer_type
	.byte	0                               @ DW_CHILDREN_no
	.byte	73                              @ DW_AT_type
	.byte	19                              @ DW_FORM_ref4
	.byte	0                               @ EOM(1)
	.byte	0                               @ EOM(2)
	.byte	6                               @ Abbreviation Code
	.byte	22                              @ DW_TAG_typedef
	.byte	0                               @ DW_CHILDREN_no
	.byte	73                              @ DW_AT_type
	.byte	19                              @ DW_FORM_ref4
	.byte	3                               @ DW_AT_name
	.byte	14                              @ DW_FORM_strp
	.byte	58                              @ DW_AT_decl_file
	.byte	11                              @ DW_FORM_data1
	.byte	59                              @ DW_AT_decl_line
	.byte	11                              @ DW_FORM_data1
	.byte	0                               @ EOM(1)
	.byte	0                               @ EOM(2)
	.byte	7                               @ Abbreviation Code
	.byte	19                              @ DW_TAG_structure_type
	.byte	1                               @ DW_CHILDREN_yes
	.byte	11                              @ DW_AT_byte_size
	.byte	11                              @ DW_FORM_data1
	.byte	58                              @ DW_AT_decl_file
	.byte	11                              @ DW_FORM_data1
	.byte	59                              @ DW_AT_decl_line
	.byte	11                              @ DW_FORM_data1
	.byte	0                               @ EOM(1)
	.byte	0                               @ EOM(2)
	.byte	8                               @ Abbreviation Code
	.byte	13                              @ DW_TAG_member
	.byte	0                               @ DW_CHILDREN_no
	.byte	3                               @ DW_AT_name
	.byte	14                              @ DW_FORM_strp
	.byte	73                              @ DW_AT_type
	.byte	19                              @ DW_FORM_ref4
	.byte	58                              @ DW_AT_decl_file
	.byte	11                              @ DW_FORM_data1
	.byte	59                              @ DW_AT_decl_line
	.byte	11                              @ DW_FORM_data1
	.byte	56                              @ DW_AT_data_member_location
	.byte	11                              @ DW_FORM_data1
	.byte	0                               @ EOM(1)
	.byte	0                               @ EOM(2)
	.byte	9                               @ Abbreviation Code
	.byte	53                              @ DW_TAG_volatile_type
	.byte	0                               @ DW_CHILDREN_no
	.byte	73                              @ DW_AT_type
	.byte	19                              @ DW_FORM_ref4
	.byte	0                               @ EOM(1)
	.byte	0                               @ EOM(2)
	.byte	10                              @ Abbreviation Code
	.byte	38                              @ DW_TAG_const_type
	.byte	0                               @ DW_CHILDREN_no
	.byte	73                              @ DW_AT_type
	.byte	19                              @ DW_FORM_ref4
	.byte	0                               @ EOM(1)
	.byte	0                               @ EOM(2)
	.byte	11                              @ Abbreviation Code
	.byte	1                               @ DW_TAG_array_type
	.byte	1                               @ DW_CHILDREN_yes
	.byte	73                              @ DW_AT_type
	.byte	19                              @ DW_FORM_ref4
	.byte	0                               @ EOM(1)
	.byte	0                               @ EOM(2)
	.byte	12                              @ Abbreviation Code
	.byte	33                              @ DW_TAG_subrange_type
	.byte	0                               @ DW_CHILDREN_no
	.byte	73                              @ DW_AT_type
	.byte	19                              @ DW_FORM_ref4
	.byte	55                              @ DW_AT_count
	.byte	11                              @ DW_FORM_data1
	.byte	0                               @ EOM(1)
	.byte	0                               @ EOM(2)
	.byte	13                              @ Abbreviation Code
	.byte	36                              @ DW_TAG_base_type
	.byte	0                               @ DW_CHILDREN_no
	.byte	3                               @ DW_AT_name
	.byte	14                              @ DW_FORM_strp
	.byte	11                              @ DW_AT_byte_size
	.byte	11                              @ DW_FORM_data1
	.byte	62                              @ DW_AT_encoding
	.byte	11                              @ DW_FORM_data1
	.byte	0                               @ EOM(1)
	.byte	0                               @ EOM(2)
	.byte	14                              @ Abbreviation Code
	.byte	22                              @ DW_TAG_typedef
	.byte	0                               @ DW_CHILDREN_no
	.byte	73                              @ DW_AT_type
	.byte	19                              @ DW_FORM_ref4
	.byte	3                               @ DW_AT_name
	.byte	14                              @ DW_FORM_strp
	.byte	58                              @ DW_AT_decl_file
	.byte	11                              @ DW_FORM_data1
	.byte	59                              @ DW_AT_decl_line
	.byte	5                               @ DW_FORM_data2
	.byte	0                               @ EOM(1)
	.byte	0                               @ EOM(2)
	.byte	15                              @ Abbreviation Code
	.byte	13                              @ DW_TAG_member
	.byte	0                               @ DW_CHILDREN_no
	.byte	3                               @ DW_AT_name
	.byte	14                              @ DW_FORM_strp
	.byte	73                              @ DW_AT_type
	.byte	19                              @ DW_FORM_ref4
	.byte	58                              @ DW_AT_decl_file
	.byte	11                              @ DW_FORM_data1
	.byte	59                              @ DW_AT_decl_line
	.byte	5                               @ DW_FORM_data2
	.byte	56                              @ DW_AT_data_member_location
	.byte	11                              @ DW_FORM_data1
	.byte	0                               @ EOM(1)
	.byte	0                               @ EOM(2)
	.byte	16                              @ Abbreviation Code
	.byte	19                              @ DW_TAG_structure_type
	.byte	1                               @ DW_CHILDREN_yes
	.byte	11                              @ DW_AT_byte_size
	.byte	5                               @ DW_FORM_data2
	.byte	58                              @ DW_AT_decl_file
	.byte	11                              @ DW_FORM_data1
	.byte	59                              @ DW_AT_decl_line
	.byte	5                               @ DW_FORM_data2
	.byte	0                               @ EOM(1)
	.byte	0                               @ EOM(2)
	.byte	17                              @ Abbreviation Code
	.byte	13                              @ DW_TAG_member
	.byte	0                               @ DW_CHILDREN_no
	.byte	3                               @ DW_AT_name
	.byte	14                              @ DW_FORM_strp
	.byte	73                              @ DW_AT_type
	.byte	19                              @ DW_FORM_ref4
	.byte	58                              @ DW_AT_decl_file
	.byte	11                              @ DW_FORM_data1
	.byte	59                              @ DW_AT_decl_line
	.byte	5                               @ DW_FORM_data2
	.byte	56                              @ DW_AT_data_member_location
	.byte	5                               @ DW_FORM_data2
	.byte	0                               @ EOM(1)
	.byte	0                               @ EOM(2)
	.byte	18                              @ Abbreviation Code
	.byte	46                              @ DW_TAG_subprogram
	.byte	1                               @ DW_CHILDREN_yes
	.byte	17                              @ DW_AT_low_pc
	.byte	1                               @ DW_FORM_addr
	.byte	18                              @ DW_AT_high_pc
	.byte	6                               @ DW_FORM_data4
	.byte	64                              @ DW_AT_frame_base
	.byte	24                              @ DW_FORM_exprloc
	.byte	3                               @ DW_AT_name
	.byte	14                              @ DW_FORM_strp
	.byte	58                              @ DW_AT_decl_file
	.byte	11                              @ DW_FORM_data1
	.byte	59                              @ DW_AT_decl_line
	.byte	11                              @ DW_FORM_data1
	.byte	63                              @ DW_AT_external
	.byte	25                              @ DW_FORM_flag_present
	.byte	0                               @ EOM(1)
	.byte	0                               @ EOM(2)
	.byte	19                              @ Abbreviation Code
	.byte	52                              @ DW_TAG_variable
	.byte	0                               @ DW_CHILDREN_no
	.byte	2                               @ DW_AT_location
	.byte	24                              @ DW_FORM_exprloc
	.byte	3                               @ DW_AT_name
	.byte	14                              @ DW_FORM_strp
	.byte	58                              @ DW_AT_decl_file
	.byte	11                              @ DW_FORM_data1
	.byte	59                              @ DW_AT_decl_line
	.byte	11                              @ DW_FORM_data1
	.byte	73                              @ DW_AT_type
	.byte	19                              @ DW_FORM_ref4
	.byte	0                               @ EOM(1)
	.byte	0                               @ EOM(2)
	.byte	20                              @ Abbreviation Code
	.byte	46                              @ DW_TAG_subprogram
	.byte	0                               @ DW_CHILDREN_no
	.byte	17                              @ DW_AT_low_pc
	.byte	1                               @ DW_FORM_addr
	.byte	18                              @ DW_AT_high_pc
	.byte	6                               @ DW_FORM_data4
	.byte	64                              @ DW_AT_frame_base
	.byte	24                              @ DW_FORM_exprloc
	.byte	3                               @ DW_AT_name
	.byte	14                              @ DW_FORM_strp
	.byte	58                              @ DW_AT_decl_file
	.byte	11                              @ DW_FORM_data1
	.byte	59                              @ DW_AT_decl_line
	.byte	11                              @ DW_FORM_data1
	.byte	63                              @ DW_AT_external
	.byte	25                              @ DW_FORM_flag_present
	.byte	0                               @ EOM(1)
	.byte	0                               @ EOM(2)
	.byte	21                              @ Abbreviation Code
	.byte	46                              @ DW_TAG_subprogram
	.byte	1                               @ DW_CHILDREN_yes
	.byte	17                              @ DW_AT_low_pc
	.byte	1                               @ DW_FORM_addr
	.byte	18                              @ DW_AT_high_pc
	.byte	6                               @ DW_FORM_data4
	.byte	64                              @ DW_AT_frame_base
	.byte	24                              @ DW_FORM_exprloc
	.byte	3                               @ DW_AT_name
	.byte	14                              @ DW_FORM_strp
	.byte	58                              @ DW_AT_decl_file
	.byte	11                              @ DW_FORM_data1
	.byte	59                              @ DW_AT_decl_line
	.byte	5                               @ DW_FORM_data2
	.byte	39                              @ DW_AT_prototyped
	.byte	25                              @ DW_FORM_flag_present
	.byte	0                               @ EOM(1)
	.byte	0                               @ EOM(2)
	.byte	22                              @ Abbreviation Code
	.byte	5                               @ DW_TAG_formal_parameter
	.byte	0                               @ DW_CHILDREN_no
	.byte	2                               @ DW_AT_location
	.byte	24                              @ DW_FORM_exprloc
	.byte	3                               @ DW_AT_name
	.byte	14                              @ DW_FORM_strp
	.byte	58                              @ DW_AT_decl_file
	.byte	11                              @ DW_FORM_data1
	.byte	59                              @ DW_AT_decl_line
	.byte	5                               @ DW_FORM_data2
	.byte	73                              @ DW_AT_type
	.byte	19                              @ DW_FORM_ref4
	.byte	0                               @ EOM(1)
	.byte	0                               @ EOM(2)
	.byte	23                              @ Abbreviation Code
	.byte	46                              @ DW_TAG_subprogram
	.byte	0                               @ DW_CHILDREN_no
	.byte	17                              @ DW_AT_low_pc
	.byte	1                               @ DW_FORM_addr
	.byte	18                              @ DW_AT_high_pc
	.byte	6                               @ DW_FORM_data4
	.byte	64                              @ DW_AT_frame_base
	.byte	24                              @ DW_FORM_exprloc
	.byte	3                               @ DW_AT_name
	.byte	14                              @ DW_FORM_strp
	.byte	58                              @ DW_AT_decl_file
	.byte	11                              @ DW_FORM_data1
	.byte	59                              @ DW_AT_decl_line
	.byte	11                              @ DW_FORM_data1
	.byte	39                              @ DW_AT_prototyped
	.byte	25                              @ DW_FORM_flag_present
	.byte	63                              @ DW_AT_external
	.byte	25                              @ DW_FORM_flag_present
	.byte	0                               @ EOM(1)
	.byte	0                               @ EOM(2)
	.byte	0                               @ EOM(3)
	.section	.debug_info,"",%progbits
.Lcu_begin0:
	.long	.Ldebug_info_end0-.Ldebug_info_start0 @ Length of Unit
.Ldebug_info_start0:
	.short	4                               @ DWARF version number
	.long	.debug_abbrev                   @ Offset Into Abbrev. Section
	.byte	4                               @ Address Size (in bytes)
	.byte	1                               @ Abbrev [1] 0xb:0x551 DW_TAG_compile_unit
	.long	.Linfo_string0                  @ DW_AT_producer
	.short	12                              @ DW_AT_language
	.long	.Linfo_string1                  @ DW_AT_name
	.long	.Lline_table_start0             @ DW_AT_stmt_list
	.long	.Linfo_string2                  @ DW_AT_comp_dir
	.long	0                               @ DW_AT_low_pc
	.long	.Ldebug_ranges0                 @ DW_AT_ranges
	.byte	2                               @ Abbrev [2] 0x26:0x1ab DW_TAG_enumeration_type
	.long	465                             @ DW_AT_type
	.long	.Linfo_string73                 @ DW_AT_name
	.byte	1                               @ DW_AT_byte_size
	.byte	1                               @ DW_AT_decl_file
	.byte	76                              @ DW_AT_decl_line
	.byte	3                               @ Abbrev [3] 0x32:0x6 DW_TAG_enumerator
	.long	.Linfo_string4                  @ DW_AT_name
	.byte	114                             @ DW_AT_const_value
	.byte	3                               @ Abbrev [3] 0x38:0x6 DW_TAG_enumerator
	.long	.Linfo_string5                  @ DW_AT_name
	.byte	115                             @ DW_AT_const_value
	.byte	3                               @ Abbrev [3] 0x3e:0x6 DW_TAG_enumerator
	.long	.Linfo_string6                  @ DW_AT_name
	.byte	123                             @ DW_AT_const_value
	.byte	3                               @ Abbrev [3] 0x44:0x6 DW_TAG_enumerator
	.long	.Linfo_string7                  @ DW_AT_name
	.byte	126                             @ DW_AT_const_value
	.byte	3                               @ Abbrev [3] 0x4a:0x6 DW_TAG_enumerator
	.long	.Linfo_string8                  @ DW_AT_name
	.byte	127                             @ DW_AT_const_value
	.byte	3                               @ Abbrev [3] 0x50:0x6 DW_TAG_enumerator
	.long	.Linfo_string9                  @ DW_AT_name
	.byte	0                               @ DW_AT_const_value
	.byte	3                               @ Abbrev [3] 0x56:0x6 DW_TAG_enumerator
	.long	.Linfo_string10                 @ DW_AT_name
	.byte	1                               @ DW_AT_const_value
	.byte	3                               @ Abbrev [3] 0x5c:0x6 DW_TAG_enumerator
	.long	.Linfo_string11                 @ DW_AT_name
	.byte	2                               @ DW_AT_const_value
	.byte	3                               @ Abbrev [3] 0x62:0x6 DW_TAG_enumerator
	.long	.Linfo_string12                 @ DW_AT_name
	.byte	3                               @ DW_AT_const_value
	.byte	3                               @ Abbrev [3] 0x68:0x6 DW_TAG_enumerator
	.long	.Linfo_string13                 @ DW_AT_name
	.byte	4                               @ DW_AT_const_value
	.byte	3                               @ Abbrev [3] 0x6e:0x6 DW_TAG_enumerator
	.long	.Linfo_string14                 @ DW_AT_name
	.byte	5                               @ DW_AT_const_value
	.byte	3                               @ Abbrev [3] 0x74:0x6 DW_TAG_enumerator
	.long	.Linfo_string15                 @ DW_AT_name
	.byte	6                               @ DW_AT_const_value
	.byte	3                               @ Abbrev [3] 0x7a:0x6 DW_TAG_enumerator
	.long	.Linfo_string16                 @ DW_AT_name
	.byte	7                               @ DW_AT_const_value
	.byte	3                               @ Abbrev [3] 0x80:0x6 DW_TAG_enumerator
	.long	.Linfo_string17                 @ DW_AT_name
	.byte	8                               @ DW_AT_const_value
	.byte	3                               @ Abbrev [3] 0x86:0x6 DW_TAG_enumerator
	.long	.Linfo_string18                 @ DW_AT_name
	.byte	9                               @ DW_AT_const_value
	.byte	3                               @ Abbrev [3] 0x8c:0x6 DW_TAG_enumerator
	.long	.Linfo_string19                 @ DW_AT_name
	.byte	10                              @ DW_AT_const_value
	.byte	3                               @ Abbrev [3] 0x92:0x6 DW_TAG_enumerator
	.long	.Linfo_string20                 @ DW_AT_name
	.byte	11                              @ DW_AT_const_value
	.byte	3                               @ Abbrev [3] 0x98:0x6 DW_TAG_enumerator
	.long	.Linfo_string21                 @ DW_AT_name
	.byte	12                              @ DW_AT_const_value
	.byte	3                               @ Abbrev [3] 0x9e:0x6 DW_TAG_enumerator
	.long	.Linfo_string22                 @ DW_AT_name
	.byte	13                              @ DW_AT_const_value
	.byte	3                               @ Abbrev [3] 0xa4:0x6 DW_TAG_enumerator
	.long	.Linfo_string23                 @ DW_AT_name
	.byte	14                              @ DW_AT_const_value
	.byte	3                               @ Abbrev [3] 0xaa:0x6 DW_TAG_enumerator
	.long	.Linfo_string24                 @ DW_AT_name
	.byte	15                              @ DW_AT_const_value
	.byte	3                               @ Abbrev [3] 0xb0:0x6 DW_TAG_enumerator
	.long	.Linfo_string25                 @ DW_AT_name
	.byte	16                              @ DW_AT_const_value
	.byte	3                               @ Abbrev [3] 0xb6:0x6 DW_TAG_enumerator
	.long	.Linfo_string26                 @ DW_AT_name
	.byte	17                              @ DW_AT_const_value
	.byte	3                               @ Abbrev [3] 0xbc:0x6 DW_TAG_enumerator
	.long	.Linfo_string27                 @ DW_AT_name
	.byte	18                              @ DW_AT_const_value
	.byte	3                               @ Abbrev [3] 0xc2:0x6 DW_TAG_enumerator
	.long	.Linfo_string28                 @ DW_AT_name
	.byte	19                              @ DW_AT_const_value
	.byte	3                               @ Abbrev [3] 0xc8:0x6 DW_TAG_enumerator
	.long	.Linfo_string29                 @ DW_AT_name
	.byte	20                              @ DW_AT_const_value
	.byte	3                               @ Abbrev [3] 0xce:0x6 DW_TAG_enumerator
	.long	.Linfo_string30                 @ DW_AT_name
	.byte	21                              @ DW_AT_const_value
	.byte	3                               @ Abbrev [3] 0xd4:0x6 DW_TAG_enumerator
	.long	.Linfo_string31                 @ DW_AT_name
	.byte	22                              @ DW_AT_const_value
	.byte	3                               @ Abbrev [3] 0xda:0x6 DW_TAG_enumerator
	.long	.Linfo_string32                 @ DW_AT_name
	.byte	23                              @ DW_AT_const_value
	.byte	3                               @ Abbrev [3] 0xe0:0x6 DW_TAG_enumerator
	.long	.Linfo_string33                 @ DW_AT_name
	.byte	24                              @ DW_AT_const_value
	.byte	3                               @ Abbrev [3] 0xe6:0x6 DW_TAG_enumerator
	.long	.Linfo_string34                 @ DW_AT_name
	.byte	25                              @ DW_AT_const_value
	.byte	3                               @ Abbrev [3] 0xec:0x6 DW_TAG_enumerator
	.long	.Linfo_string35                 @ DW_AT_name
	.byte	26                              @ DW_AT_const_value
	.byte	3                               @ Abbrev [3] 0xf2:0x6 DW_TAG_enumerator
	.long	.Linfo_string36                 @ DW_AT_name
	.byte	27                              @ DW_AT_const_value
	.byte	3                               @ Abbrev [3] 0xf8:0x6 DW_TAG_enumerator
	.long	.Linfo_string37                 @ DW_AT_name
	.byte	28                              @ DW_AT_const_value
	.byte	3                               @ Abbrev [3] 0xfe:0x6 DW_TAG_enumerator
	.long	.Linfo_string38                 @ DW_AT_name
	.byte	29                              @ DW_AT_const_value
	.byte	3                               @ Abbrev [3] 0x104:0x6 DW_TAG_enumerator
	.long	.Linfo_string39                 @ DW_AT_name
	.byte	30                              @ DW_AT_const_value
	.byte	3                               @ Abbrev [3] 0x10a:0x6 DW_TAG_enumerator
	.long	.Linfo_string40                 @ DW_AT_name
	.byte	31                              @ DW_AT_const_value
	.byte	3                               @ Abbrev [3] 0x110:0x6 DW_TAG_enumerator
	.long	.Linfo_string41                 @ DW_AT_name
	.byte	32                              @ DW_AT_const_value
	.byte	3                               @ Abbrev [3] 0x116:0x6 DW_TAG_enumerator
	.long	.Linfo_string42                 @ DW_AT_name
	.byte	33                              @ DW_AT_const_value
	.byte	3                               @ Abbrev [3] 0x11c:0x6 DW_TAG_enumerator
	.long	.Linfo_string43                 @ DW_AT_name
	.byte	34                              @ DW_AT_const_value
	.byte	3                               @ Abbrev [3] 0x122:0x6 DW_TAG_enumerator
	.long	.Linfo_string44                 @ DW_AT_name
	.byte	35                              @ DW_AT_const_value
	.byte	3                               @ Abbrev [3] 0x128:0x6 DW_TAG_enumerator
	.long	.Linfo_string45                 @ DW_AT_name
	.byte	36                              @ DW_AT_const_value
	.byte	3                               @ Abbrev [3] 0x12e:0x6 DW_TAG_enumerator
	.long	.Linfo_string46                 @ DW_AT_name
	.byte	37                              @ DW_AT_const_value
	.byte	3                               @ Abbrev [3] 0x134:0x6 DW_TAG_enumerator
	.long	.Linfo_string47                 @ DW_AT_name
	.byte	38                              @ DW_AT_const_value
	.byte	3                               @ Abbrev [3] 0x13a:0x6 DW_TAG_enumerator
	.long	.Linfo_string48                 @ DW_AT_name
	.byte	39                              @ DW_AT_const_value
	.byte	3                               @ Abbrev [3] 0x140:0x6 DW_TAG_enumerator
	.long	.Linfo_string49                 @ DW_AT_name
	.byte	40                              @ DW_AT_const_value
	.byte	3                               @ Abbrev [3] 0x146:0x6 DW_TAG_enumerator
	.long	.Linfo_string50                 @ DW_AT_name
	.byte	41                              @ DW_AT_const_value
	.byte	3                               @ Abbrev [3] 0x14c:0x6 DW_TAG_enumerator
	.long	.Linfo_string51                 @ DW_AT_name
	.byte	42                              @ DW_AT_const_value
	.byte	3                               @ Abbrev [3] 0x152:0x6 DW_TAG_enumerator
	.long	.Linfo_string52                 @ DW_AT_name
	.byte	43                              @ DW_AT_const_value
	.byte	3                               @ Abbrev [3] 0x158:0x6 DW_TAG_enumerator
	.long	.Linfo_string53                 @ DW_AT_name
	.byte	44                              @ DW_AT_const_value
	.byte	3                               @ Abbrev [3] 0x15e:0x6 DW_TAG_enumerator
	.long	.Linfo_string54                 @ DW_AT_name
	.byte	45                              @ DW_AT_const_value
	.byte	3                               @ Abbrev [3] 0x164:0x6 DW_TAG_enumerator
	.long	.Linfo_string55                 @ DW_AT_name
	.byte	46                              @ DW_AT_const_value
	.byte	3                               @ Abbrev [3] 0x16a:0x6 DW_TAG_enumerator
	.long	.Linfo_string56                 @ DW_AT_name
	.byte	47                              @ DW_AT_const_value
	.byte	3                               @ Abbrev [3] 0x170:0x6 DW_TAG_enumerator
	.long	.Linfo_string57                 @ DW_AT_name
	.byte	48                              @ DW_AT_const_value
	.byte	3                               @ Abbrev [3] 0x176:0x6 DW_TAG_enumerator
	.long	.Linfo_string58                 @ DW_AT_name
	.byte	49                              @ DW_AT_const_value
	.byte	3                               @ Abbrev [3] 0x17c:0x6 DW_TAG_enumerator
	.long	.Linfo_string59                 @ DW_AT_name
	.byte	50                              @ DW_AT_const_value
	.byte	3                               @ Abbrev [3] 0x182:0x6 DW_TAG_enumerator
	.long	.Linfo_string60                 @ DW_AT_name
	.byte	51                              @ DW_AT_const_value
	.byte	3                               @ Abbrev [3] 0x188:0x6 DW_TAG_enumerator
	.long	.Linfo_string61                 @ DW_AT_name
	.byte	52                              @ DW_AT_const_value
	.byte	3                               @ Abbrev [3] 0x18e:0x6 DW_TAG_enumerator
	.long	.Linfo_string62                 @ DW_AT_name
	.byte	53                              @ DW_AT_const_value
	.byte	3                               @ Abbrev [3] 0x194:0x6 DW_TAG_enumerator
	.long	.Linfo_string63                 @ DW_AT_name
	.byte	54                              @ DW_AT_const_value
	.byte	3                               @ Abbrev [3] 0x19a:0x6 DW_TAG_enumerator
	.long	.Linfo_string64                 @ DW_AT_name
	.byte	55                              @ DW_AT_const_value
	.byte	3                               @ Abbrev [3] 0x1a0:0x6 DW_TAG_enumerator
	.long	.Linfo_string65                 @ DW_AT_name
	.byte	56                              @ DW_AT_const_value
	.byte	3                               @ Abbrev [3] 0x1a6:0x6 DW_TAG_enumerator
	.long	.Linfo_string66                 @ DW_AT_name
	.byte	57                              @ DW_AT_const_value
	.byte	3                               @ Abbrev [3] 0x1ac:0x6 DW_TAG_enumerator
	.long	.Linfo_string67                 @ DW_AT_name
	.byte	58                              @ DW_AT_const_value
	.byte	3                               @ Abbrev [3] 0x1b2:0x6 DW_TAG_enumerator
	.long	.Linfo_string68                 @ DW_AT_name
	.byte	59                              @ DW_AT_const_value
	.byte	3                               @ Abbrev [3] 0x1b8:0x6 DW_TAG_enumerator
	.long	.Linfo_string69                 @ DW_AT_name
	.byte	60                              @ DW_AT_const_value
	.byte	3                               @ Abbrev [3] 0x1be:0x6 DW_TAG_enumerator
	.long	.Linfo_string70                 @ DW_AT_name
	.byte	61                              @ DW_AT_const_value
	.byte	3                               @ Abbrev [3] 0x1c4:0x6 DW_TAG_enumerator
	.long	.Linfo_string71                 @ DW_AT_name
	.byte	62                              @ DW_AT_const_value
	.byte	3                               @ Abbrev [3] 0x1ca:0x6 DW_TAG_enumerator
	.long	.Linfo_string72                 @ DW_AT_name
	.byte	63                              @ DW_AT_const_value
	.byte	0                               @ End Of Children Mark
	.byte	4                               @ Abbrev [4] 0x1d1:0x7 DW_TAG_base_type
	.long	.Linfo_string3                  @ DW_AT_name
	.byte	6                               @ DW_AT_encoding
	.byte	1                               @ DW_AT_byte_size
	.byte	5                               @ Abbrev [5] 0x1d8:0x5 DW_TAG_pointer_type
	.long	477                             @ DW_AT_type
	.byte	6                               @ Abbrev [6] 0x1dd:0xb DW_TAG_typedef
	.long	488                             @ DW_AT_type
	.long	.Linfo_string89                 @ DW_AT_name
	.byte	3                               @ DW_AT_decl_file
	.byte	224                             @ DW_AT_decl_line
	.byte	7                               @ Abbrev [7] 0x1e8:0xa1 DW_TAG_structure_type
	.byte	52                              @ DW_AT_byte_size
	.byte	3                               @ DW_AT_decl_file
	.byte	28                              @ DW_AT_decl_line
	.byte	8                               @ Abbrev [8] 0x1ec:0xc DW_TAG_member
	.long	.Linfo_string74                 @ DW_AT_name
	.long	649                             @ DW_AT_type
	.byte	3                               @ DW_AT_decl_file
	.byte	209                             @ DW_AT_decl_line
	.byte	0                               @ DW_AT_data_member_location
	.byte	8                               @ Abbrev [8] 0x1f8:0xc DW_TAG_member
	.long	.Linfo_string77                 @ DW_AT_name
	.long	649                             @ DW_AT_type
	.byte	3                               @ DW_AT_decl_file
	.byte	210                             @ DW_AT_decl_line
	.byte	4                               @ DW_AT_data_member_location
	.byte	8                               @ Abbrev [8] 0x204:0xc DW_TAG_member
	.long	.Linfo_string78                 @ DW_AT_name
	.long	649                             @ DW_AT_type
	.byte	3                               @ DW_AT_decl_file
	.byte	211                             @ DW_AT_decl_line
	.byte	8                               @ DW_AT_data_member_location
	.byte	8                               @ Abbrev [8] 0x210:0xc DW_TAG_member
	.long	.Linfo_string79                 @ DW_AT_name
	.long	649                             @ DW_AT_type
	.byte	3                               @ DW_AT_decl_file
	.byte	212                             @ DW_AT_decl_line
	.byte	12                              @ DW_AT_data_member_location
	.byte	8                               @ Abbrev [8] 0x21c:0xc DW_TAG_member
	.long	.Linfo_string80                 @ DW_AT_name
	.long	672                             @ DW_AT_type
	.byte	3                               @ DW_AT_decl_file
	.byte	213                             @ DW_AT_decl_line
	.byte	16                              @ DW_AT_data_member_location
	.byte	8                               @ Abbrev [8] 0x228:0xc DW_TAG_member
	.long	.Linfo_string81                 @ DW_AT_name
	.long	649                             @ DW_AT_type
	.byte	3                               @ DW_AT_decl_file
	.byte	214                             @ DW_AT_decl_line
	.byte	20                              @ DW_AT_data_member_location
	.byte	8                               @ Abbrev [8] 0x234:0xc DW_TAG_member
	.long	.Linfo_string82                 @ DW_AT_name
	.long	649                             @ DW_AT_type
	.byte	3                               @ DW_AT_decl_file
	.byte	215                             @ DW_AT_decl_line
	.byte	24                              @ DW_AT_data_member_location
	.byte	8                               @ Abbrev [8] 0x240:0xc DW_TAG_member
	.long	.Linfo_string83                 @ DW_AT_name
	.long	649                             @ DW_AT_type
	.byte	3                               @ DW_AT_decl_file
	.byte	216                             @ DW_AT_decl_line
	.byte	28                              @ DW_AT_data_member_location
	.byte	8                               @ Abbrev [8] 0x24c:0xc DW_TAG_member
	.long	.Linfo_string84                 @ DW_AT_name
	.long	649                             @ DW_AT_type
	.byte	3                               @ DW_AT_decl_file
	.byte	217                             @ DW_AT_decl_line
	.byte	32                              @ DW_AT_data_member_location
	.byte	8                               @ Abbrev [8] 0x258:0xc DW_TAG_member
	.long	.Linfo_string85                 @ DW_AT_name
	.long	649                             @ DW_AT_type
	.byte	3                               @ DW_AT_decl_file
	.byte	218                             @ DW_AT_decl_line
	.byte	36                              @ DW_AT_data_member_location
	.byte	8                               @ Abbrev [8] 0x264:0xc DW_TAG_member
	.long	.Linfo_string86                 @ DW_AT_name
	.long	649                             @ DW_AT_type
	.byte	3                               @ DW_AT_decl_file
	.byte	219                             @ DW_AT_decl_line
	.byte	40                              @ DW_AT_data_member_location
	.byte	8                               @ Abbrev [8] 0x270:0xc DW_TAG_member
	.long	.Linfo_string12                 @ DW_AT_name
	.long	677                             @ DW_AT_type
	.byte	3                               @ DW_AT_decl_file
	.byte	221                             @ DW_AT_decl_line
	.byte	44                              @ DW_AT_data_member_location
	.byte	8                               @ Abbrev [8] 0x27c:0xc DW_TAG_member
	.long	.Linfo_string88                 @ DW_AT_name
	.long	649                             @ DW_AT_type
	.byte	3                               @ DW_AT_decl_file
	.byte	223                             @ DW_AT_decl_line
	.byte	48                              @ DW_AT_data_member_location
	.byte	0                               @ End Of Children Mark
	.byte	9                               @ Abbrev [9] 0x289:0x5 DW_TAG_volatile_type
	.long	654                             @ DW_AT_type
	.byte	6                               @ Abbrev [6] 0x28e:0xb DW_TAG_typedef
	.long	665                             @ DW_AT_type
	.long	.Linfo_string76                 @ DW_AT_name
	.byte	2                               @ DW_AT_decl_file
	.byte	64                              @ DW_AT_decl_line
	.byte	4                               @ Abbrev [4] 0x299:0x7 DW_TAG_base_type
	.long	.Linfo_string75                 @ DW_AT_name
	.byte	7                               @ DW_AT_encoding
	.byte	4                               @ DW_AT_byte_size
	.byte	10                              @ Abbrev [10] 0x2a0:0x5 DW_TAG_const_type
	.long	649                             @ DW_AT_type
	.byte	11                              @ Abbrev [11] 0x2a5:0xc DW_TAG_array_type
	.long	672                             @ DW_AT_type
	.byte	12                              @ Abbrev [12] 0x2aa:0x6 DW_TAG_subrange_type
	.long	689                             @ DW_AT_type
	.byte	1                               @ DW_AT_count
	.byte	0                               @ End Of Children Mark
	.byte	13                              @ Abbrev [13] 0x2b1:0x7 DW_TAG_base_type
	.long	.Linfo_string87                 @ DW_AT_name
	.byte	8                               @ DW_AT_byte_size
	.byte	7                               @ DW_AT_encoding
	.byte	5                               @ Abbrev [5] 0x2b8:0x5 DW_TAG_pointer_type
	.long	701                             @ DW_AT_type
	.byte	14                              @ Abbrev [14] 0x2bd:0xc DW_TAG_typedef
	.long	713                             @ DW_AT_type
	.long	.Linfo_string108                @ DW_AT_name
	.byte	4                               @ DW_AT_decl_file
	.short	868                             @ DW_AT_decl_line
	.byte	7                               @ Abbrev [7] 0x2c9:0xfc DW_TAG_structure_type
	.byte	76                              @ DW_AT_byte_size
	.byte	4                               @ DW_AT_decl_file
	.byte	28                              @ DW_AT_decl_line
	.byte	15                              @ Abbrev [15] 0x2cd:0xd DW_TAG_member
	.long	.Linfo_string90                 @ DW_AT_name
	.long	649                             @ DW_AT_type
	.byte	4                               @ DW_AT_decl_file
	.short	848                             @ DW_AT_decl_line
	.byte	0                               @ DW_AT_data_member_location
	.byte	15                              @ Abbrev [15] 0x2da:0xd DW_TAG_member
	.long	.Linfo_string83                 @ DW_AT_name
	.long	649                             @ DW_AT_type
	.byte	4                               @ DW_AT_decl_file
	.short	849                             @ DW_AT_decl_line
	.byte	4                               @ DW_AT_data_member_location
	.byte	15                              @ Abbrev [15] 0x2e7:0xd DW_TAG_member
	.long	.Linfo_string91                 @ DW_AT_name
	.long	649                             @ DW_AT_type
	.byte	4                               @ DW_AT_decl_file
	.short	850                             @ DW_AT_decl_line
	.byte	8                               @ DW_AT_data_member_location
	.byte	15                              @ Abbrev [15] 0x2f4:0xd DW_TAG_member
	.long	.Linfo_string92                 @ DW_AT_name
	.long	649                             @ DW_AT_type
	.byte	4                               @ DW_AT_decl_file
	.short	851                             @ DW_AT_decl_line
	.byte	12                              @ DW_AT_data_member_location
	.byte	15                              @ Abbrev [15] 0x301:0xd DW_TAG_member
	.long	.Linfo_string93                 @ DW_AT_name
	.long	649                             @ DW_AT_type
	.byte	4                               @ DW_AT_decl_file
	.short	852                             @ DW_AT_decl_line
	.byte	16                              @ DW_AT_data_member_location
	.byte	15                              @ Abbrev [15] 0x30e:0xd DW_TAG_member
	.long	.Linfo_string94                 @ DW_AT_name
	.long	649                             @ DW_AT_type
	.byte	4                               @ DW_AT_decl_file
	.short	853                             @ DW_AT_decl_line
	.byte	20                              @ DW_AT_data_member_location
	.byte	15                              @ Abbrev [15] 0x31b:0xd DW_TAG_member
	.long	.Linfo_string95                 @ DW_AT_name
	.long	649                             @ DW_AT_type
	.byte	4                               @ DW_AT_decl_file
	.short	854                             @ DW_AT_decl_line
	.byte	24                              @ DW_AT_data_member_location
	.byte	15                              @ Abbrev [15] 0x328:0xd DW_TAG_member
	.long	.Linfo_string96                 @ DW_AT_name
	.long	649                             @ DW_AT_type
	.byte	4                               @ DW_AT_decl_file
	.short	855                             @ DW_AT_decl_line
	.byte	28                              @ DW_AT_data_member_location
	.byte	15                              @ Abbrev [15] 0x335:0xd DW_TAG_member
	.long	.Linfo_string97                 @ DW_AT_name
	.long	649                             @ DW_AT_type
	.byte	4                               @ DW_AT_decl_file
	.short	856                             @ DW_AT_decl_line
	.byte	32                              @ DW_AT_data_member_location
	.byte	15                              @ Abbrev [15] 0x342:0xd DW_TAG_member
	.long	.Linfo_string98                 @ DW_AT_name
	.long	649                             @ DW_AT_type
	.byte	4                               @ DW_AT_decl_file
	.short	857                             @ DW_AT_decl_line
	.byte	36                              @ DW_AT_data_member_location
	.byte	15                              @ Abbrev [15] 0x34f:0xd DW_TAG_member
	.long	.Linfo_string99                 @ DW_AT_name
	.long	649                             @ DW_AT_type
	.byte	4                               @ DW_AT_decl_file
	.short	858                             @ DW_AT_decl_line
	.byte	40                              @ DW_AT_data_member_location
	.byte	15                              @ Abbrev [15] 0x35c:0xd DW_TAG_member
	.long	.Linfo_string100                @ DW_AT_name
	.long	649                             @ DW_AT_type
	.byte	4                               @ DW_AT_decl_file
	.short	859                             @ DW_AT_decl_line
	.byte	44                              @ DW_AT_data_member_location
	.byte	15                              @ Abbrev [15] 0x369:0xd DW_TAG_member
	.long	.Linfo_string101                @ DW_AT_name
	.long	649                             @ DW_AT_type
	.byte	4                               @ DW_AT_decl_file
	.short	860                             @ DW_AT_decl_line
	.byte	48                              @ DW_AT_data_member_location
	.byte	15                              @ Abbrev [15] 0x376:0xd DW_TAG_member
	.long	.Linfo_string102                @ DW_AT_name
	.long	649                             @ DW_AT_type
	.byte	4                               @ DW_AT_decl_file
	.short	861                             @ DW_AT_decl_line
	.byte	52                              @ DW_AT_data_member_location
	.byte	15                              @ Abbrev [15] 0x383:0xd DW_TAG_member
	.long	.Linfo_string103                @ DW_AT_name
	.long	649                             @ DW_AT_type
	.byte	4                               @ DW_AT_decl_file
	.short	862                             @ DW_AT_decl_line
	.byte	56                              @ DW_AT_data_member_location
	.byte	15                              @ Abbrev [15] 0x390:0xd DW_TAG_member
	.long	.Linfo_string104                @ DW_AT_name
	.long	649                             @ DW_AT_type
	.byte	4                               @ DW_AT_decl_file
	.short	863                             @ DW_AT_decl_line
	.byte	60                              @ DW_AT_data_member_location
	.byte	15                              @ Abbrev [15] 0x39d:0xd DW_TAG_member
	.long	.Linfo_string105                @ DW_AT_name
	.long	649                             @ DW_AT_type
	.byte	4                               @ DW_AT_decl_file
	.short	864                             @ DW_AT_decl_line
	.byte	64                              @ DW_AT_data_member_location
	.byte	15                              @ Abbrev [15] 0x3aa:0xd DW_TAG_member
	.long	.Linfo_string106                @ DW_AT_name
	.long	649                             @ DW_AT_type
	.byte	4                               @ DW_AT_decl_file
	.short	865                             @ DW_AT_decl_line
	.byte	68                              @ DW_AT_data_member_location
	.byte	15                              @ Abbrev [15] 0x3b7:0xd DW_TAG_member
	.long	.Linfo_string107                @ DW_AT_name
	.long	649                             @ DW_AT_type
	.byte	4                               @ DW_AT_decl_file
	.short	866                             @ DW_AT_decl_line
	.byte	72                              @ DW_AT_data_member_location
	.byte	0                               @ End Of Children Mark
	.byte	6                               @ Abbrev [6] 0x3c5:0xb DW_TAG_typedef
	.long	976                             @ DW_AT_type
	.long	.Linfo_string110                @ DW_AT_name
	.byte	2                               @ DW_AT_decl_file
	.byte	58                              @ DW_AT_decl_line
	.byte	4                               @ Abbrev [4] 0x3d0:0x7 DW_TAG_base_type
	.long	.Linfo_string109                @ DW_AT_name
	.byte	5                               @ DW_AT_encoding
	.byte	4                               @ DW_AT_byte_size
	.byte	5                               @ Abbrev [5] 0x3d7:0x5 DW_TAG_pointer_type
	.long	988                             @ DW_AT_type
	.byte	14                              @ Abbrev [14] 0x3dc:0xc DW_TAG_typedef
	.long	1000                            @ DW_AT_type
	.long	.Linfo_string124                @ DW_AT_name
	.byte	5                               @ DW_AT_decl_file
	.short	366                             @ DW_AT_decl_line
	.byte	16                              @ Abbrev [16] 0x3e8:0xb9 DW_TAG_structure_type
	.short	1264                            @ DW_AT_byte_size
	.byte	5                               @ DW_AT_decl_file
	.short	351                             @ DW_AT_decl_line
	.byte	15                              @ Abbrev [15] 0x3ee:0xd DW_TAG_member
	.long	.Linfo_string111                @ DW_AT_name
	.long	1185                            @ DW_AT_type
	.byte	5                               @ DW_AT_decl_file
	.short	353                             @ DW_AT_decl_line
	.byte	0                               @ DW_AT_data_member_location
	.byte	15                              @ Abbrev [15] 0x3fb:0xd DW_TAG_member
	.long	.Linfo_string112                @ DW_AT_name
	.long	1197                            @ DW_AT_type
	.byte	5                               @ DW_AT_decl_file
	.short	354                             @ DW_AT_decl_line
	.byte	64                              @ DW_AT_data_member_location
	.byte	15                              @ Abbrev [15] 0x408:0xd DW_TAG_member
	.long	.Linfo_string113                @ DW_AT_name
	.long	1185                            @ DW_AT_type
	.byte	5                               @ DW_AT_decl_file
	.short	355                             @ DW_AT_decl_line
	.byte	128                             @ DW_AT_data_member_location
	.byte	15                              @ Abbrev [15] 0x415:0xd DW_TAG_member
	.long	.Linfo_string114                @ DW_AT_name
	.long	1197                            @ DW_AT_type
	.byte	5                               @ DW_AT_decl_file
	.short	356                             @ DW_AT_decl_line
	.byte	192                             @ DW_AT_data_member_location
	.byte	17                              @ Abbrev [17] 0x422:0xe DW_TAG_member
	.long	.Linfo_string115                @ DW_AT_name
	.long	1185                            @ DW_AT_type
	.byte	5                               @ DW_AT_decl_file
	.short	357                             @ DW_AT_decl_line
	.short	256                             @ DW_AT_data_member_location
	.byte	17                              @ Abbrev [17] 0x430:0xe DW_TAG_member
	.long	.Linfo_string116                @ DW_AT_name
	.long	1197                            @ DW_AT_type
	.byte	5                               @ DW_AT_decl_file
	.short	358                             @ DW_AT_decl_line
	.short	320                             @ DW_AT_data_member_location
	.byte	17                              @ Abbrev [17] 0x43e:0xe DW_TAG_member
	.long	.Linfo_string117                @ DW_AT_name
	.long	1185                            @ DW_AT_type
	.byte	5                               @ DW_AT_decl_file
	.short	359                             @ DW_AT_decl_line
	.short	384                             @ DW_AT_data_member_location
	.byte	17                              @ Abbrev [17] 0x44c:0xe DW_TAG_member
	.long	.Linfo_string118                @ DW_AT_name
	.long	1197                            @ DW_AT_type
	.byte	5                               @ DW_AT_decl_file
	.short	360                             @ DW_AT_decl_line
	.short	448                             @ DW_AT_data_member_location
	.byte	17                              @ Abbrev [17] 0x45a:0xe DW_TAG_member
	.long	.Linfo_string119                @ DW_AT_name
	.long	1185                            @ DW_AT_type
	.byte	5                               @ DW_AT_decl_file
	.short	361                             @ DW_AT_decl_line
	.short	512                             @ DW_AT_data_member_location
	.byte	17                              @ Abbrev [17] 0x468:0xe DW_TAG_member
	.long	.Linfo_string120                @ DW_AT_name
	.long	1197                            @ DW_AT_type
	.byte	5                               @ DW_AT_decl_file
	.short	362                             @ DW_AT_decl_line
	.short	576                             @ DW_AT_data_member_location
	.byte	17                              @ Abbrev [17] 0x476:0xe DW_TAG_member
	.long	.Linfo_string121                @ DW_AT_name
	.long	1185                            @ DW_AT_type
	.byte	5                               @ DW_AT_decl_file
	.short	363                             @ DW_AT_decl_line
	.short	640                             @ DW_AT_data_member_location
	.byte	17                              @ Abbrev [17] 0x484:0xe DW_TAG_member
	.long	.Linfo_string122                @ DW_AT_name
	.long	1197                            @ DW_AT_type
	.byte	5                               @ DW_AT_decl_file
	.short	364                             @ DW_AT_decl_line
	.short	704                             @ DW_AT_data_member_location
	.byte	17                              @ Abbrev [17] 0x492:0xe DW_TAG_member
	.long	.Linfo_string123                @ DW_AT_name
	.long	1209                            @ DW_AT_type
	.byte	5                               @ DW_AT_decl_file
	.short	365                             @ DW_AT_decl_line
	.short	768                             @ DW_AT_data_member_location
	.byte	0                               @ End Of Children Mark
	.byte	11                              @ Abbrev [11] 0x4a1:0xc DW_TAG_array_type
	.long	649                             @ DW_AT_type
	.byte	12                              @ Abbrev [12] 0x4a6:0x6 DW_TAG_subrange_type
	.long	689                             @ DW_AT_type
	.byte	16                              @ DW_AT_count
	.byte	0                               @ End Of Children Mark
	.byte	11                              @ Abbrev [11] 0x4ad:0xc DW_TAG_array_type
	.long	654                             @ DW_AT_type
	.byte	12                              @ Abbrev [12] 0x4b2:0x6 DW_TAG_subrange_type
	.long	689                             @ DW_AT_type
	.byte	16                              @ DW_AT_count
	.byte	0                               @ End Of Children Mark
	.byte	11                              @ Abbrev [11] 0x4b9:0xc DW_TAG_array_type
	.long	649                             @ DW_AT_type
	.byte	12                              @ Abbrev [12] 0x4be:0x6 DW_TAG_subrange_type
	.long	689                             @ DW_AT_type
	.byte	124                             @ DW_AT_count
	.byte	0                               @ End Of Children Mark
	.byte	18                              @ Abbrev [18] 0x4c5:0x20 DW_TAG_subprogram
	.long	.Lfunc_begin0                   @ DW_AT_low_pc
	.long	.Lfunc_end0-.Lfunc_begin0       @ DW_AT_high_pc
	.byte	1                               @ DW_AT_frame_base
	.byte	93
	.long	.Linfo_string125                @ DW_AT_name
	.byte	6                               @ DW_AT_decl_file
	.byte	15                              @ DW_AT_decl_line
                                        @ DW_AT_external
	.byte	19                              @ Abbrev [19] 0x4d6:0xe DW_TAG_variable
	.byte	2                               @ DW_AT_location
	.byte	145
	.byte	0
	.long	.Linfo_string131                @ DW_AT_name
	.byte	6                               @ DW_AT_decl_file
	.byte	17                              @ DW_AT_decl_line
	.long	1355                            @ DW_AT_type
	.byte	0                               @ End Of Children Mark
	.byte	20                              @ Abbrev [20] 0x4e5:0x11 DW_TAG_subprogram
	.long	.Lfunc_begin1                   @ DW_AT_low_pc
	.long	.Lfunc_end1-.Lfunc_begin1       @ DW_AT_high_pc
	.byte	1                               @ DW_AT_frame_base
	.byte	93
	.long	.Linfo_string126                @ DW_AT_name
	.byte	6                               @ DW_AT_decl_file
	.byte	90                              @ DW_AT_decl_line
                                        @ DW_AT_external
	.byte	21                              @ Abbrev [21] 0x4f6:0x22 DW_TAG_subprogram
	.long	.Lfunc_begin2                   @ DW_AT_low_pc
	.long	.Lfunc_end2-.Lfunc_begin2       @ DW_AT_high_pc
	.byte	1                               @ DW_AT_frame_base
	.byte	93
	.long	.Linfo_string127                @ DW_AT_name
	.byte	5                               @ DW_AT_decl_file
	.short	1275                            @ DW_AT_decl_line
                                        @ DW_AT_prototyped
	.byte	22                              @ Abbrev [22] 0x508:0xf DW_TAG_formal_parameter
	.byte	2                               @ DW_AT_location
	.byte	145
	.byte	0
	.long	.Linfo_string73                 @ DW_AT_name
	.byte	5                               @ DW_AT_decl_file
	.short	1275                            @ DW_AT_decl_line
	.long	1360                            @ DW_AT_type
	.byte	0                               @ End Of Children Mark
	.byte	20                              @ Abbrev [20] 0x518:0x11 DW_TAG_subprogram
	.long	.Lfunc_begin3                   @ DW_AT_low_pc
	.long	.Lfunc_end3-.Lfunc_begin3       @ DW_AT_high_pc
	.byte	1                               @ DW_AT_frame_base
	.byte	93
	.long	.Linfo_string128                @ DW_AT_name
	.byte	6                               @ DW_AT_decl_file
	.byte	106                             @ DW_AT_decl_line
                                        @ DW_AT_external
	.byte	20                              @ Abbrev [20] 0x529:0x11 DW_TAG_subprogram
	.long	.Lfunc_begin4                   @ DW_AT_low_pc
	.long	.Lfunc_end4-.Lfunc_begin4       @ DW_AT_high_pc
	.byte	1                               @ DW_AT_frame_base
	.byte	93
	.long	.Linfo_string129                @ DW_AT_name
	.byte	6                               @ DW_AT_decl_file
	.byte	117                             @ DW_AT_decl_line
                                        @ DW_AT_external
	.byte	23                              @ Abbrev [23] 0x53a:0x11 DW_TAG_subprogram
	.long	.Lfunc_begin5                   @ DW_AT_low_pc
	.long	.Lfunc_end5-.Lfunc_begin5       @ DW_AT_high_pc
	.byte	1                               @ DW_AT_frame_base
	.byte	93
	.long	.Linfo_string130                @ DW_AT_name
	.byte	6                               @ DW_AT_decl_file
	.byte	133                             @ DW_AT_decl_line
                                        @ DW_AT_prototyped
                                        @ DW_AT_external
	.byte	10                              @ Abbrev [10] 0x54b:0x5 DW_TAG_const_type
	.long	654                             @ DW_AT_type
	.byte	6                               @ Abbrev [6] 0x550:0xb DW_TAG_typedef
	.long	38                              @ DW_AT_type
	.long	.Linfo_string132                @ DW_AT_name
	.byte	1                               @ DW_AT_decl_file
	.byte	150                             @ DW_AT_decl_line
	.byte	0                               @ End Of Children Mark
.Ldebug_info_end0:
	.section	.debug_ranges,"",%progbits
.Ldebug_ranges0:
	.long	.Lfunc_begin0
	.long	.Lfunc_end0
	.long	.Lfunc_begin1
	.long	.Lfunc_end1
	.long	.Lfunc_begin2
	.long	.Lfunc_end2
	.long	.Lfunc_begin3
	.long	.Lfunc_end3
	.long	.Lfunc_begin4
	.long	.Lfunc_end4
	.long	.Lfunc_begin5
	.long	.Lfunc_end5
	.long	0
	.long	0
	.section	.debug_str,"MS",%progbits,1
.Linfo_string0:
	.asciz	"Component: Arm Compiler for Embedded 6.19 Tool: armclang [5e73cb00]" @ string offset=0
.Linfo_string1:
	.asciz	"..\\periph_conf.c"             @ string offset=68
.Linfo_string2:
	.asciz	"E:\\ROBOCON2024\\01. Coding\\Nuvoton\\demo_robot_3wheel\\SampleCode\\NuCodeGen\\DemoCodeGen\\KEIL" @ string offset=85
.Linfo_string3:
	.asciz	"signed char"                   @ string offset=175
.Linfo_string4:
	.asciz	"NonMaskableInt_IRQn"           @ string offset=187
.Linfo_string5:
	.asciz	"HardFault_IRQn"                @ string offset=207
.Linfo_string6:
	.asciz	"SVCall_IRQn"                   @ string offset=222
.Linfo_string7:
	.asciz	"PendSV_IRQn"                   @ string offset=234
.Linfo_string8:
	.asciz	"SysTick_IRQn"                  @ string offset=246
.Linfo_string9:
	.asciz	"BOD_IRQn"                      @ string offset=259
.Linfo_string10:
	.asciz	"IRCTRIM_IRQn"                  @ string offset=268
.Linfo_string11:
	.asciz	"PWRWU_IRQn"                    @ string offset=281
.Linfo_string12:
	.asciz	"RESERVE0"                      @ string offset=292
.Linfo_string13:
	.asciz	"CLKFAIL_IRQn"                  @ string offset=301
.Linfo_string14:
	.asciz	"RESERVE1"                      @ string offset=314
.Linfo_string15:
	.asciz	"RTC_IRQn"                      @ string offset=323
.Linfo_string16:
	.asciz	"TAMPER_IRQn"                   @ string offset=332
.Linfo_string17:
	.asciz	"WDT_IRQn"                      @ string offset=344
.Linfo_string18:
	.asciz	"WWDT_IRQn"                     @ string offset=353
.Linfo_string19:
	.asciz	"EINT0_IRQn"                    @ string offset=363
.Linfo_string20:
	.asciz	"EINT1_IRQn"                    @ string offset=374
.Linfo_string21:
	.asciz	"EINT2_IRQn"                    @ string offset=385
.Linfo_string22:
	.asciz	"EINT3_IRQn"                    @ string offset=396
.Linfo_string23:
	.asciz	"EINT4_IRQn"                    @ string offset=407
.Linfo_string24:
	.asciz	"EINT5_IRQn"                    @ string offset=418
.Linfo_string25:
	.asciz	"GPA_IRQn"                      @ string offset=429
.Linfo_string26:
	.asciz	"GPB_IRQn"                      @ string offset=438
.Linfo_string27:
	.asciz	"GPC_IRQn"                      @ string offset=447
.Linfo_string28:
	.asciz	"GPD_IRQn"                      @ string offset=456
.Linfo_string29:
	.asciz	"GPE_IRQn"                      @ string offset=465
.Linfo_string30:
	.asciz	"GPF_IRQn"                      @ string offset=474
.Linfo_string31:
	.asciz	"QSPI0_IRQn"                    @ string offset=483
.Linfo_string32:
	.asciz	"SPI0_IRQn"                     @ string offset=494
.Linfo_string33:
	.asciz	"BRAKE0_IRQn"                   @ string offset=504
.Linfo_string34:
	.asciz	"PWM0_P0_IRQn"                  @ string offset=516
.Linfo_string35:
	.asciz	"PWM0_P1_IRQn"                  @ string offset=529
.Linfo_string36:
	.asciz	"PWM0_P2_IRQn"                  @ string offset=542
.Linfo_string37:
	.asciz	"BRAKE1_IRQn"                   @ string offset=555
.Linfo_string38:
	.asciz	"PWM1_P0_IRQn"                  @ string offset=567
.Linfo_string39:
	.asciz	"PWM1_P1_IRQn"                  @ string offset=580
.Linfo_string40:
	.asciz	"PWM1_P2_IRQn"                  @ string offset=593
.Linfo_string41:
	.asciz	"TMR0_IRQn"                     @ string offset=606
.Linfo_string42:
	.asciz	"TMR1_IRQn"                     @ string offset=616
.Linfo_string43:
	.asciz	"TMR2_IRQn"                     @ string offset=626
.Linfo_string44:
	.asciz	"TMR3_IRQn"                     @ string offset=636
.Linfo_string45:
	.asciz	"UART0_IRQn"                    @ string offset=646
.Linfo_string46:
	.asciz	"UART1_IRQn"                    @ string offset=657
.Linfo_string47:
	.asciz	"I2C0_IRQn"                     @ string offset=668
.Linfo_string48:
	.asciz	"I2C1_IRQn"                     @ string offset=678
.Linfo_string49:
	.asciz	"PDMA_IRQn"                     @ string offset=688
.Linfo_string50:
	.asciz	"DAC_IRQn"                      @ string offset=698
.Linfo_string51:
	.asciz	"EADC_INT0_IRQn"                @ string offset=707
.Linfo_string52:
	.asciz	"EADC_INT1_IRQn"                @ string offset=722
.Linfo_string53:
	.asciz	"ACMP01_IRQn"                   @ string offset=737
.Linfo_string54:
	.asciz	"BPWM0_IRQn"                    @ string offset=749
.Linfo_string55:
	.asciz	"EADC_INT2_IRQn"                @ string offset=760
.Linfo_string56:
	.asciz	"EADC_INT3_IRQn"                @ string offset=775
.Linfo_string57:
	.asciz	"UART2_IRQn"                    @ string offset=790
.Linfo_string58:
	.asciz	"UART3_IRQn"                    @ string offset=801
.Linfo_string59:
	.asciz	"USCI0_IRQn"                    @ string offset=812
.Linfo_string60:
	.asciz	"SPI1_IRQn"                     @ string offset=823
.Linfo_string61:
	.asciz	"USCI1_IRQn"                    @ string offset=833
.Linfo_string62:
	.asciz	"USBD_IRQn"                     @ string offset=844
.Linfo_string63:
	.asciz	"BPWM1_IRQn"                    @ string offset=854
.Linfo_string64:
	.asciz	"PSIO_IRQn"                     @ string offset=865
.Linfo_string65:
	.asciz	"RESERVE4"                      @ string offset=875
.Linfo_string66:
	.asciz	"CRPT_IRQn"                     @ string offset=884
.Linfo_string67:
	.asciz	"SC0_IRQn"                      @ string offset=894
.Linfo_string68:
	.asciz	"RESERVE5"                      @ string offset=903
.Linfo_string69:
	.asciz	"USCI2_IRQn"                    @ string offset=912
.Linfo_string70:
	.asciz	"LCD_IRQn"                      @ string offset=923
.Linfo_string71:
	.asciz	"OPA_IRQn"                      @ string offset=932
.Linfo_string72:
	.asciz	"TK_IRQn"                       @ string offset=941
.Linfo_string73:
	.asciz	"IRQn"                          @ string offset=949
.Linfo_string74:
	.asciz	"MODE"                          @ string offset=954
.Linfo_string75:
	.asciz	"unsigned int"                  @ string offset=959
.Linfo_string76:
	.asciz	"uint32_t"                      @ string offset=972
.Linfo_string77:
	.asciz	"DINOFF"                        @ string offset=981
.Linfo_string78:
	.asciz	"DOUT"                          @ string offset=988
.Linfo_string79:
	.asciz	"DATMSK"                        @ string offset=993
.Linfo_string80:
	.asciz	"PIN"                           @ string offset=1000
.Linfo_string81:
	.asciz	"DBEN"                          @ string offset=1004
.Linfo_string82:
	.asciz	"INTTYPE"                       @ string offset=1009
.Linfo_string83:
	.asciz	"INTEN"                         @ string offset=1017
.Linfo_string84:
	.asciz	"INTSRC"                        @ string offset=1023
.Linfo_string85:
	.asciz	"SMTEN"                         @ string offset=1030
.Linfo_string86:
	.asciz	"SLEWCTL"                       @ string offset=1036
.Linfo_string87:
	.asciz	"__ARRAY_SIZE_TYPE__"           @ string offset=1044
.Linfo_string88:
	.asciz	"PUSEL"                         @ string offset=1064
.Linfo_string89:
	.asciz	"GPIO_T"                        @ string offset=1070
.Linfo_string90:
	.asciz	"DAT"                           @ string offset=1077
.Linfo_string91:
	.asciz	"FIFO"                          @ string offset=1081
.Linfo_string92:
	.asciz	"LINE"                          @ string offset=1086
.Linfo_string93:
	.asciz	"MODEM"                         @ string offset=1091
.Linfo_string94:
	.asciz	"MODEMSTS"                      @ string offset=1097
.Linfo_string95:
	.asciz	"FIFOSTS"                       @ string offset=1106
.Linfo_string96:
	.asciz	"INTSTS"                        @ string offset=1114
.Linfo_string97:
	.asciz	"TOUT"                          @ string offset=1121
.Linfo_string98:
	.asciz	"BAUD"                          @ string offset=1126
.Linfo_string99:
	.asciz	"IRDA"                          @ string offset=1131
.Linfo_string100:
	.asciz	"ALTCTL"                        @ string offset=1136
.Linfo_string101:
	.asciz	"FUNCSEL"                       @ string offset=1143
.Linfo_string102:
	.asciz	"LINCTL"                        @ string offset=1151
.Linfo_string103:
	.asciz	"LINSTS"                        @ string offset=1158
.Linfo_string104:
	.asciz	"BRCOMP"                        @ string offset=1165
.Linfo_string105:
	.asciz	"WKCTL"                         @ string offset=1172
.Linfo_string106:
	.asciz	"WKSTS"                         @ string offset=1178
.Linfo_string107:
	.asciz	"DWKCOMP"                       @ string offset=1184
.Linfo_string108:
	.asciz	"UART_T"                        @ string offset=1192
.Linfo_string109:
	.asciz	"int"                           @ string offset=1199
.Linfo_string110:
	.asciz	"int32_t"                       @ string offset=1203
.Linfo_string111:
	.asciz	"ISER"                          @ string offset=1211
.Linfo_string112:
	.asciz	"RESERVED0"                     @ string offset=1216
.Linfo_string113:
	.asciz	"ICER"                          @ string offset=1226
.Linfo_string114:
	.asciz	"RSERVED1"                      @ string offset=1231
.Linfo_string115:
	.asciz	"ISPR"                          @ string offset=1240
.Linfo_string116:
	.asciz	"RESERVED2"                     @ string offset=1245
.Linfo_string117:
	.asciz	"ICPR"                          @ string offset=1255
.Linfo_string118:
	.asciz	"RESERVED3"                     @ string offset=1260
.Linfo_string119:
	.asciz	"IABR"                          @ string offset=1270
.Linfo_string120:
	.asciz	"RESERVED4"                     @ string offset=1275
.Linfo_string121:
	.asciz	"ITNS"                          @ string offset=1285
.Linfo_string122:
	.asciz	"RESERVED5"                     @ string offset=1290
.Linfo_string123:
	.asciz	"IPR"                           @ string offset=1300
.Linfo_string124:
	.asciz	"NVIC_Type"                     @ string offset=1304
.Linfo_string125:
	.asciz	"GPIO_Init"                     @ string offset=1314
.Linfo_string126:
	.asciz	"UART0_Init"                    @ string offset=1324
.Linfo_string127:
	.asciz	"__NVIC_EnableIRQ"              @ string offset=1335
.Linfo_string128:
	.asciz	"UART1_Init"                    @ string offset=1352
.Linfo_string129:
	.asciz	"UART2_Init"                    @ string offset=1363
.Linfo_string130:
	.asciz	"Periph_Init"                   @ string offset=1374
.Linfo_string131:
	.asciz	"u32RegDefault"                 @ string offset=1386
.Linfo_string132:
	.asciz	"IRQn_Type"                     @ string offset=1400
	.ident	"Component: Arm Compiler for Embedded 6.19 Tool: armclang [5e73cb00]"
	.section	".note.GNU-stack","",%progbits
	.eabi_attribute	30, 6	@ Tag_ABI_optimization_goals
	.ARM_attribute	16, 1	@ Tag_AV_eba
	.section	.debug_line,"",%progbits
.Lline_table_start0:
