


ARM Macro Assembler    Page 1 


    1 00000000         ;/******************************************************
                       ********************//**
    2 00000000         ; * @file     startup_M251.s
    3 00000000         ; * @version  V0.10
    4 00000000         ; * @brief    M251 Series Startup Source File
    5 00000000         ; *
    6 00000000         ; * SPDX-License-Identifier: Apache-2.0
    7 00000000         ; * @copyright (C) 2020 Nuvoton Technology Corp. All rig
                       hts reserved.
    8 00000000         ; ******************************************************
                       ************************/
    9 00000000         
   10 00000000         
   11 00000000         ;/*
   12 00000000         ;//-------- <<< Use Configuration Wizard in Context Menu
                        >>> ------------------
   13 00000000         ;*/
   14 00000000         ; <h> Stack Configuration
   15 00000000         ;   <o> Stack Size (in Bytes) <0x0-0xFFFFFFFF:8>
   16 00000000         ; </h>
   17 00000000         
   18 00000000                 IF               :LNOT: :DEF: Stack_Size
   20                          ENDIF
   21 00000000         
   22 00000000                 AREA             STACK, NOINIT, READWRITE, ALIGN
=3
   23 00000000         Stack_Mem
                               SPACE            Stack_Size
   24 00000800         __initial_sp
   25 00000800         
   26 00000800         
   27 00000800         ; <h> Heap Configuration
   28 00000800         ;   <o>  Heap Size (in Bytes) <0x0-0xFFFFFFFF:8>
   29 00000800         ; </h>
   30 00000800         
   31 00000800                 IF               :LNOT: :DEF: Heap_Size
   33                          ENDIF
   34 00000800         
   35 00000800                 AREA             HEAP, NOINIT, READWRITE, ALIGN=
3
   36 00000000         __heap_base
   37 00000000         Heap_Mem
                               SPACE            Heap_Size
   38 00000000         __heap_limit
   39 00000000         
   40 00000000         
   41 00000000                 PRESERVE8
   42 00000000                 THUMB
   43 00000000         
   44 00000000         
   45 00000000         ; Vector Table Mapped to Address 0 at Reset
   46 00000000         
   47 00000000                 AREA             RESET, DATA, READONLY
   48 00000000         
   49 00000000                 IMPORT           SendChar_ToUART
   50 00000000                 IMPORT           GetChar
   51 00000000         
   52 00000000                 EXPORT           __Vectors
   53 00000000                 EXPORT           __Vectors_End



ARM Macro Assembler    Page 2 


   54 00000000                 EXPORT           __Vectors_Size
   55 00000000         
   56 00000000 00000000 
                       __Vectors
                               DCD              __initial_sp ;     Top of Stack
                                                            
   57 00000004 00000000        DCD              Reset_Handler 
                                                            ;     Reset Handler
                                                            
   58 00000008 00000000        DCD              NMI_Handler ;     NMI Handler
   59 0000000C 00000000        DCD              HardFault_Handler ;     Hard Fa
                                                            ult Handler
   60 00000010 00000000        DCD              SendChar_ToUART ;     Addr: 0x1
                                                            0, sendchar in BL r
                                                            etarget.c
   61 00000014 00000000        DCD              GetChar     ;     Addr: 0x14, g
                                                            etchar in BL retarg
                                                            et.c
   62 00000018 00000000        DCD              0           ;     Reserved
   63 0000001C 00000000        DCD              0           ;     Reserved
   64 00000020 00000000        DCD              0           ;     Reserved
   65 00000024 00000000        DCD              0           ;     Reserved
   66 00000028 00000000        DCD              0           ;     Reserved
   67 0000002C 00000000        DCD              SVC_Handler ;     SVCall Handle
                                                            r
   68 00000030 00000000        DCD              0           ;     Reserved
   69 00000034 00000000        DCD              0           ;     Reserved
   70 00000038 00000000        DCD              PendSV_Handler ;     PendSV Han
                                                            dler
   71 0000003C 00000000        DCD              SysTick_Handler ;     SysTick H
                                                            andler
   72 00000040         
   73 00000040         ; External Interrupts
   74 00000040         ; maximum of 64 External Interrupts are possible
   75 00000040 00000000        DCD              BOD_IRQHandler ; 0
   76 00000044 00000000        DCD              IRCTRIM_IRQHandler ; 1
   77 00000048 00000000        DCD              PWRWU_IRQHandler ; 2
   78 0000004C 00000000        DCD              DEFAULT_IRQHandler ; 3
   79 00000050 00000000        DCD              CLKFAIL_IRQHandler ; 4
   80 00000054 00000000        DCD              DEFAULT_IRQHandler ; 5
   81 00000058 00000000        DCD              RTC_IRQHandler ; 6
   82 0000005C 00000000        DCD              TAMPER_IRQHandler ; 7
   83 00000060 00000000        DCD              WDT_IRQHandler ; 8
   84 00000064 00000000        DCD              WWDT_IRQHandler ; 9
   85 00000068 00000000        DCD              EINT0_IRQHandler ; 10
   86 0000006C 00000000        DCD              EINT1_IRQHandler ; 11
   87 00000070 00000000        DCD              EINT2_IRQHandler ; 12
   88 00000074 00000000        DCD              EINT3_IRQHandler ; 13
   89 00000078 00000000        DCD              EINT4_IRQHandler ; 14
   90 0000007C 00000000        DCD              EINT5_IRQHandler ; 15
   91 00000080 00000000        DCD              GPA_IRQHandler ; 16
   92 00000084 00000000        DCD              GPB_IRQHandler ; 17
   93 00000088 00000000        DCD              GPC_IRQHandler ; 18
   94 0000008C 00000000        DCD              GPD_IRQHandler ; 19
   95 00000090 00000000        DCD              GPE_IRQHandler ; 20
   96 00000094 00000000        DCD              GPF_IRQHandler ; 21
   97 00000098 00000000        DCD              QSPI0_IRQHandler ; 22
   98 0000009C 00000000        DCD              SPI0_IRQHandler ; 23
   99 000000A0 00000000        DCD              BRAKE0_IRQHandler ; 24



ARM Macro Assembler    Page 3 


  100 000000A4 00000000        DCD              PWM0_P0_IRQHandler ; 25
  101 000000A8 00000000        DCD              PWM0_P1_IRQHandler ; 26
  102 000000AC 00000000        DCD              PWM0_P2_IRQHandler ; 27
  103 000000B0 00000000        DCD              BRAKE1_IRQHandler ; 28
  104 000000B4 00000000        DCD              PWM1_P0_IRQHandler ; 29
  105 000000B8 00000000        DCD              PWM1_P1_IRQHandler ; 30
  106 000000BC 00000000        DCD              PWM1_P2_IRQHandler ; 31
  107 000000C0 00000000        DCD              TMR0_IRQHandler ; 32
  108 000000C4 00000000        DCD              TMR1_IRQHandler ; 33
  109 000000C8 00000000        DCD              TMR2_IRQHandler ; 34
  110 000000CC 00000000        DCD              TMR3_IRQHandler ; 35
  111 000000D0 00000000        DCD              UART0_IRQHandler ; 36
  112 000000D4 00000000        DCD              UART1_IRQHandler ; 37
  113 000000D8 00000000        DCD              I2C0_IRQHandler ; 38
  114 000000DC 00000000        DCD              I2C1_IRQHandler ; 39
  115 000000E0 00000000        DCD              PDMA_IRQHandler ; 40
  116 000000E4 00000000        DCD              DAC_IRQHandler ; 41
  117 000000E8 00000000        DCD              EADC_INT0_IRQHandler ; 42
  118 000000EC 00000000        DCD              EADC_INT1_IRQHandler ; 43
  119 000000F0 00000000        DCD              ACMP01_IRQHandler ; 44
  120 000000F4 00000000        DCD              BPWM0_IRQHandler ; 45
  121 000000F8 00000000        DCD              EADC_INT2_IRQHandler ; 46
  122 000000FC 00000000        DCD              EADC_INT3_IRQHandler ; 47
  123 00000100 00000000        DCD              UART2_IRQHandler ; 48
  124 00000104 00000000        DCD              UART3_IRQHandler ; 49
  125 00000108 00000000        DCD              USCI0_IRQHandler ; 50
  126 0000010C 00000000        DCD              SPI1_IRQHandler ; 51
  127 00000110 00000000        DCD              USCI1_IRQHandler ; 52
  128 00000114 00000000        DCD              USBD_IRQHandler ; 53
  129 00000118 00000000        DCD              BPWM1_IRQHandler ; 54
  130 0000011C 00000000        DCD              PSIO_IRQHandler ; 55
  131 00000120 00000000        DCD              DEFAULT_IRQHandler ; 56
  132 00000124 00000000        DCD              CRPT_IRQHandler ; 57
  133 00000128 00000000        DCD              SC0_IRQHandler ; 58
  134 0000012C 00000000        DCD              DEFAULT_IRQHandler ; 59
  135 00000130 00000000        DCD              USCI2_IRQHandler ; 60
  136 00000134 00000000        DCD              LCD_IRQHandler ; 61
  137 00000138 00000000        DCD              OPA_IRQHandler ; 62
  138 0000013C 00000000        DCD              TK_IRQHandler ; 63
  139 00000140         
  140 00000140         
  141 00000140         
  142 00000140         __Vectors_End
  143 00000140         
  144 00000140 00000140 
                       __Vectors_Size
                               EQU              __Vectors_End - __Vectors
  145 00000140         
  146 00000140                 AREA             |.text|, CODE, READONLY
  147 00000000         
  148 00000000         
  149 00000000         ; Reset Handler
  150 00000000         
  151 00000000         Reset_Handler
                               PROC
  152 00000000                 EXPORT           Reset_Handler             [WEAK
]
  153 00000000                 IMPORT           SystemInit
  154 00000000                 IMPORT           __main



ARM Macro Assembler    Page 4 


  155 00000000         
  156 00000000         ; Unlock register
  157 00000000         ;IF :DEF: __ARM_FEATURE_CMSE
  158 00000000         ;IF __ARM_FEATURE_CMSE = 3
  159 00000000 4818            LDR              R0, =0x40000100
  160 00000002 F240 0159       LDR              R1, =0x59
  161 00000006 6001            STR              R1, [R0]
  162 00000008 F240 0116       LDR              R1, =0x16
  163 0000000C 6001            STR              R1, [R0]
  164 0000000E F240 0188       LDR              R1, =0x88
  165 00000012 6001            STR              R1, [R0]
  166 00000014         
  167 00000014 4814            LDR              R0, =SystemInit
  168 00000016 4780            BLX              R0
  169 00000018         
  170 00000018         ; Disable internal function
  171 00000018 4814            LDR              R0, =0x40000180
  172 0000001A 6801            LDR              R1, [R0]
  173 0000001C 2280            MOVS             R2, #0x80
  174 0000001E 4391            BICS             R1, R1, R2
  175 00000020 6001            STR              R1, [R0]
  176 00000022         
  177 00000022         ; Init POR
  178 00000022 4A13            LDR              R2, =0x40000024
  179 00000024 F645 21A5       LDR              R1, =0x5AA5
  180 00000028 6011            STR              R1, [R2]
  181 0000002A         
  182 0000002A 4A12            LDR              R2, =0x400001EC
  183 0000002C 6011            STR              R1, [R2]
  184 0000002E         
  185 0000002E         ; Lock register
  186 0000002E 480D            LDR              R0, =0x40000100
  187 00000030 2100            MOVS             R1, #0
  188 00000032 6001            STR              R1, [R0]
  189 00000034         ;ENDIF
  190 00000034         ;ENDIF
  191 00000034         
  192 00000034 4810            LDR              R0, =__main
  193 00000036 4700            BX               R0
  194 00000038                 ENDP
  195 00000038         
  196 00000038         
  197 00000038         ; Dummy Exception Handlers (infinite loops which can be 
                       modified)
  198 00000038         
  199 00000038         NMI_Handler
                               PROC
  200 00000038                 EXPORT           NMI_Handler               [WEAK
]
  201 00000038 E7FE            B                .
  202 0000003A                 ENDP
  204 0000003A         HardFault_Handler
                               PROC
  205 0000003A                 IMPORT           ProcessHardFault
  206 0000003A                 EXPORT           HardFault_Handler         [WEAK
]
  207 0000003A 4670            MOV              R0, LR
  208 0000003C F3EF 8108       MRS              R1, MSP
  209 00000040 F3EF 8209       MRS              R2, PSP



ARM Macro Assembler    Page 5 


  210 00000044 4B0D            LDR              R3, =ProcessHardFault
  211 00000046 4798            BLX              R3
  212 00000048 4700            BX               R0
  213 0000004A                 ENDP
  214 0000004A         SVC_Handler
                               PROC
  215 0000004A                 EXPORT           SVC_Handler               [WEAK
]
  216 0000004A E7FE            B                .
  217 0000004C                 ENDP
  218 0000004C         PendSV_Handler
                               PROC
  219 0000004C                 EXPORT           PendSV_Handler            [WEAK
]
  220 0000004C E7FE            B                .
  221 0000004E                 ENDP
  222 0000004E         SysTick_Handler
                               PROC
  223 0000004E                 EXPORT           SysTick_Handler           [WEAK
]
  224 0000004E E7FE            B                .
  225 00000050                 ENDP
  226 00000050         
  227 00000050         Default_Handler
                               PROC
  228 00000050         
  229 00000050                 EXPORT           BOD_IRQHandler            [WEAK
] 
                                                            ; 0
  230 00000050                 EXPORT           IRCTRIM_IRQHandler        [WEAK
] 
                                                            ; 1
  231 00000050                 EXPORT           PWRWU_IRQHandler          [WEAK
] 
                                                            ; 2
  232 00000050         ;EXPORT  0                         [WEAK] ; 3
  233 00000050                 EXPORT           CLKFAIL_IRQHandler        [WEAK
] 
                                                            ; 4
  234 00000050         ;EXPORT  0                         [WEAK] ; 5
  235 00000050                 EXPORT           RTC_IRQHandler            [WEAK
] 
                                                            ; 6
  236 00000050                 EXPORT           TAMPER_IRQHandler         [WEAK
] 
                                                            ; 7
  237 00000050                 EXPORT           WDT_IRQHandler            [WEAK
] 
                                                            ; 8
  238 00000050                 EXPORT           WWDT_IRQHandler           [WEAK
] 
                                                            ; 9
  239 00000050                 EXPORT           EINT0_IRQHandler          [WEAK
] 
                                                            ; 10
  240 00000050                 EXPORT           EINT1_IRQHandler          [WEAK
] 
                                                            ; 11
  241 00000050                 EXPORT           EINT2_IRQHandler          [WEAK



ARM Macro Assembler    Page 6 


] 
                                                            ; 12
  242 00000050                 EXPORT           EINT3_IRQHandler          [WEAK
] 
                                                            ; 13
  243 00000050                 EXPORT           EINT4_IRQHandler          [WEAK
] 
                                                            ; 14
  244 00000050                 EXPORT           EINT5_IRQHandler          [WEAK
] 
                                                            ; 15
  245 00000050                 EXPORT           GPA_IRQHandler            [WEAK
] 
                                                            ; 16
  246 00000050                 EXPORT           GPB_IRQHandler            [WEAK
] 
                                                            ; 17
  247 00000050                 EXPORT           GPC_IRQHandler            [WEAK
] 
                                                            ; 18
  248 00000050                 EXPORT           GPD_IRQHandler            [WEAK
] 
                                                            ; 19
  249 00000050                 EXPORT           GPE_IRQHandler            [WEAK
] 
                                                            ; 20
  250 00000050                 EXPORT           GPF_IRQHandler            [WEAK
] 
                                                            ; 21
  251 00000050                 EXPORT           QSPI0_IRQHandler          [WEAK
] 
                                                            ; 22
  252 00000050                 EXPORT           SPI0_IRQHandler           [WEAK
] 
                                                            ; 23
  253 00000050                 EXPORT           BRAKE0_IRQHandler         [WEAK
] 
                                                            ; 24
  254 00000050                 EXPORT           PWM0_P0_IRQHandler        [WEAK
] 
                                                            ; 25
  255 00000050                 EXPORT           PWM0_P1_IRQHandler        [WEAK
] 
                                                            ; 26
  256 00000050                 EXPORT           PWM0_P2_IRQHandler        [WEAK
] 
                                                            ; 27
  257 00000050                 EXPORT           BRAKE1_IRQHandler         [WEAK
] 
                                                            ; 28
  258 00000050                 EXPORT           PWM1_P0_IRQHandler        [WEAK
] 
                                                            ; 29
  259 00000050                 EXPORT           PWM1_P1_IRQHandler        [WEAK
] 
                                                            ; 30
  260 00000050                 EXPORT           PWM1_P2_IRQHandler        [WEAK
] 
                                                            ; 31



ARM Macro Assembler    Page 7 


  261 00000050                 EXPORT           TMR0_IRQHandler           [WEAK
] 
                                                            ; 32
  262 00000050                 EXPORT           TMR1_IRQHandler           [WEAK
] 
                                                            ; 33
  263 00000050                 EXPORT           TMR2_IRQHandler           [WEAK
] 
                                                            ; 34
  264 00000050                 EXPORT           TMR3_IRQHandler           [WEAK
] 
                                                            ; 35
  265 00000050                 EXPORT           UART0_IRQHandler          [WEAK
] 
                                                            ; 36
  266 00000050                 EXPORT           UART1_IRQHandler          [WEAK
] 
                                                            ; 37
  267 00000050                 EXPORT           I2C0_IRQHandler           [WEAK
] 
                                                            ; 38
  268 00000050                 EXPORT           I2C1_IRQHandler           [WEAK
] 
                                                            ; 39
  269 00000050                 EXPORT           PDMA_IRQHandler           [WEAK
] 
                                                            ; 40
  270 00000050                 EXPORT           DAC_IRQHandler            [WEAK
] 
                                                            ; 41
  271 00000050                 EXPORT           EADC_INT0_IRQHandler      [WEAK
] 
                                                            ; 42
  272 00000050                 EXPORT           EADC_INT1_IRQHandler      [WEAK
] 
                                                            ; 43
  273 00000050                 EXPORT           ACMP01_IRQHandler         [WEAK
] 
                                                            ; 44
  274 00000050                 EXPORT           BPWM0_IRQHandler          [WEAK
] 
                                                            ; 45
  275 00000050                 EXPORT           EADC_INT2_IRQHandler      [WEAK
] 
                                                            ; 46
  276 00000050                 EXPORT           EADC_INT3_IRQHandler      [WEAK
] 
                                                            ; 47
  277 00000050                 EXPORT           UART2_IRQHandler          [WEAK
] 
                                                            ; 48
  278 00000050                 EXPORT           UART3_IRQHandler          [WEAK
] 
                                                            ; 49
  279 00000050                 EXPORT           USCI0_IRQHandler          [WEAK
] 
                                                            ; 50
  280 00000050                 EXPORT           SPI1_IRQHandler           [WEAK
] 



ARM Macro Assembler    Page 8 


                                                            ; 51
  281 00000050                 EXPORT           USCI1_IRQHandler          [WEAK
] 
                                                            ; 52
  282 00000050                 EXPORT           USBD_IRQHandler           [WEAK
] 
                                                            ; 53
  283 00000050                 EXPORT           BPWM1_IRQHandler          [WEAK
] 
                                                            ; 54
  284 00000050                 EXPORT           PSIO_IRQHandler           [WEAK
] 
                                                            ; 55
  285 00000050         ;EXPORT  0                         [WEAK] ; 56
  286 00000050                 EXPORT           CRPT_IRQHandler           [WEAK
] 
                                                            ; 57
  287 00000050                 EXPORT           SC0_IRQHandler            [WEAK
] 
                                                            ; 58
  288 00000050         ;EXPORT  0                         [WEAK] ; 59
  289 00000050                 EXPORT           USCI2_IRQHandler          [WEAK
] 
                                                            ; 60
  290 00000050                 EXPORT           LCD_IRQHandler            [WEAK
] 
                                                            ; 61
  291 00000050                 EXPORT           OPA_IRQHandler            [WEAK
] 
                                                            ; 62
  292 00000050                 EXPORT           TK_IRQHandler             [WEAK
] 
                                                            ; 63
  293 00000050         
  294 00000050         
  295 00000050         
  296 00000050                 EXPORT           DEFAULT_IRQHandler        [WEAK
]
  297 00000050         
  298 00000050         BOD_IRQHandler                       ; 0
  299 00000050         IRCTRIM_IRQHandler                   ; 1
  300 00000050         PWRWU_IRQHandler                     ; 2
  301 00000050         ;0                         ; 3
  302 00000050         CLKFAIL_IRQHandler                   ; 4
  303 00000050         ;0                         ; 5
  304 00000050         RTC_IRQHandler                       ; 6
  305 00000050         TAMPER_IRQHandler                    ; 7
  306 00000050         WDT_IRQHandler                       ; 8
  307 00000050         WWDT_IRQHandler                      ; 9
  308 00000050         EINT0_IRQHandler                     ; 10
  309 00000050         EINT1_IRQHandler                     ; 11
  310 00000050         EINT2_IRQHandler                     ; 12
  311 00000050         EINT3_IRQHandler                     ; 13
  312 00000050         EINT4_IRQHandler                     ; 14
  313 00000050         EINT5_IRQHandler                     ; 15
  314 00000050         GPA_IRQHandler                       ; 16
  315 00000050         GPB_IRQHandler                       ; 17
  316 00000050         GPC_IRQHandler                       ; 18
  317 00000050         GPD_IRQHandler                       ; 19



ARM Macro Assembler    Page 9 


  318 00000050         GPE_IRQHandler                       ; 20
  319 00000050         GPF_IRQHandler                       ; 21
  320 00000050         QSPI0_IRQHandler                     ; 22
  321 00000050         SPI0_IRQHandler                      ; 23
  322 00000050         BRAKE0_IRQHandler                    ; 24
  323 00000050         PWM0_P0_IRQHandler                   ; 25
  324 00000050         PWM0_P1_IRQHandler                   ; 26
  325 00000050         PWM0_P2_IRQHandler                   ; 27
  326 00000050         BRAKE1_IRQHandler                    ; 28
  327 00000050         PWM1_P0_IRQHandler                   ; 29
  328 00000050         PWM1_P1_IRQHandler                   ; 30
  329 00000050         PWM1_P2_IRQHandler                   ; 31
  330 00000050         TMR0_IRQHandler                      ; 32
  331 00000050         TMR1_IRQHandler                      ; 33
  332 00000050         TMR2_IRQHandler                      ; 34
  333 00000050         TMR3_IRQHandler                      ; 35
  334 00000050         UART0_IRQHandler                     ; 36
  335 00000050         UART1_IRQHandler                     ; 37
  336 00000050         I2C0_IRQHandler                      ; 38
  337 00000050         I2C1_IRQHandler                      ; 39
  338 00000050         PDMA_IRQHandler                      ; 40
  339 00000050         DAC_IRQHandler                       ; 41
  340 00000050         EADC_INT0_IRQHandler                 ; 42
  341 00000050         EADC_INT1_IRQHandler                 ; 43
  342 00000050         ACMP01_IRQHandler                    ; 44
  343 00000050         BPWM0_IRQHandler                     ; 45
  344 00000050         EADC_INT2_IRQHandler                 ; 46
  345 00000050         EADC_INT3_IRQHandler                 ; 47
  346 00000050         UART2_IRQHandler                     ; 48
  347 00000050         UART3_IRQHandler                     ; 49
  348 00000050         USCI0_IRQHandler                     ; 50
  349 00000050         SPI1_IRQHandler                      ; 51
  350 00000050         USCI1_IRQHandler                     ; 52
  351 00000050         USBD_IRQHandler                      ; 53
  352 00000050         BPWM1_IRQHandler                     ; 54
  353 00000050         PSIO_IRQHandler                      ; 55
  354 00000050         ;0                         ; 56
  355 00000050         CRPT_IRQHandler                      ; 57
  356 00000050         SC0_IRQHandler                       ; 58
  357 00000050         ;0                         ; 59
  358 00000050         USCI2_IRQHandler                     ; 60
  359 00000050         LCD_IRQHandler                       ; 61
  360 00000050         OPA_IRQHandler                       ; 62
  361 00000050         TK_IRQHandler                        ; 63
  362 00000050         
  363 00000050         DEFAULT_IRQHandler
  364 00000050 E7FE            B                .
  365 00000052                 ENDP
  366 00000052         
  367 00000052         
  368 00000052 00 00           ALIGN
  369 00000054         
  370 00000054         
  371 00000054         ; User Initial Stack & Heap
  372 00000054         
  373 00000054                 IF               :DEF:__MICROLIB
  374 00000054         
  375 00000054                 EXPORT           __initial_sp
  376 00000054                 EXPORT           __heap_base



ARM Macro Assembler    Page 10 


  377 00000054                 EXPORT           __heap_limit
  378 00000054         
  379 00000054                 ELSE
  394                          ENDIF
  395 00000054         
  396 00000054         ;int32_t SH_DoCommand(int32_t n32In_R0, int32_t n32In_R1
                       , int32_t *pn32Out_R0)
  397 00000054         SH_DoCommand
                               PROC
  398 00000054         
  399 00000054                 EXPORT           SH_DoCommand
  400 00000054                 IMPORT           SH_Return
  401 00000054         
  402 00000054 BEAB            BKPT             0xAB        ; Wait ICE or HardF
                                                            ault
  403 00000056 4B0A            LDR              R3, =SH_Return
  404 00000058 B508            PUSH             {R3 ,lr}
  405 0000005A 4798            BLX              R3          ; Call SH_Return. T
                                                            he return value is 
                                                            in R0
  406 0000005C BD08            POP              {R3 ,PC}    ; Return value = R0
                                                            
  407 0000005E         
  408 0000005E                 ENDP
  409 0000005E         
  410 0000005E         __PC    PROC
  411 0000005E                 EXPORT           __PC
  412 0000005E         
  413 0000005E 4670            MOV              r0, lr
  414 00000060 47F0            BLX              lr
  415 00000062 00 00           ALIGN
  416 00000064         
  417 00000064                 ENDP
  418 00000064         
  419 00000064                 END
              40000100 
              00000000 
              40000180 
              40000024 
              400001EC 
              00000000 
              00000000 
              00000000 
Command Line: --debug --xref --diag_suppress=9931,A1950W --cpu=Cortex-M23 --dep
end=.\obj\startup_m251.d -o.\obj\startup_m251.o -IC:\Keil_v5\ARM\Pack\Nuvoton\N
uMicro_DFP\1.3.22\Device\M251\Include -IC:\Keil_v5\ARM\CMSIS\Include --predefin
e="__MICROLIB SETA 1" --predefine="__UVISION_VERSION SETA 538" --list=.\lst\sta
rtup_m251.lst ..\..\..\..\Library\Device\Nuvoton\M251\Source\ARM\startup_M251.s



ARM Macro Assembler    Page 1 Alphabetic symbol ordering
Relocatable symbols

STACK 00000000

Symbol: STACK
   Definitions
      At line 22 in file ..\..\..\..\Library\Device\Nuvoton\M251\Source\ARM\sta
rtup_M251.s
   Uses
      None
Comment: STACK unused
Stack_Mem 00000000

Symbol: Stack_Mem
   Definitions
      At line 23 in file ..\..\..\..\Library\Device\Nuvoton\M251\Source\ARM\sta
rtup_M251.s
   Uses
      None
Comment: Stack_Mem unused
__initial_sp 00000800

Symbol: __initial_sp
   Definitions
      At line 24 in file ..\..\..\..\Library\Device\Nuvoton\M251\Source\ARM\sta
rtup_M251.s
   Uses
      At line 56 in file ..\..\..\..\Library\Device\Nuvoton\M251\Source\ARM\sta
rtup_M251.s
      At line 375 in file ..\..\..\..\Library\Device\Nuvoton\M251\Source\ARM\st
artup_M251.s

3 symbols



ARM Macro Assembler    Page 1 Alphabetic symbol ordering
Relocatable symbols

HEAP 00000000

Symbol: HEAP
   Definitions
      At line 35 in file ..\..\..\..\Library\Device\Nuvoton\M251\Source\ARM\sta
rtup_M251.s
   Uses
      None
Comment: HEAP unused
Heap_Mem 00000000

Symbol: Heap_Mem
   Definitions
      At line 37 in file ..\..\..\..\Library\Device\Nuvoton\M251\Source\ARM\sta
rtup_M251.s
   Uses
      None
Comment: Heap_Mem unused
__heap_base 00000000

Symbol: __heap_base
   Definitions
      At line 36 in file ..\..\..\..\Library\Device\Nuvoton\M251\Source\ARM\sta
rtup_M251.s
   Uses
      At line 376 in file ..\..\..\..\Library\Device\Nuvoton\M251\Source\ARM\st
artup_M251.s
Comment: __heap_base used once
__heap_limit 00000000

Symbol: __heap_limit
   Definitions
      At line 38 in file ..\..\..\..\Library\Device\Nuvoton\M251\Source\ARM\sta
rtup_M251.s
   Uses
      At line 377 in file ..\..\..\..\Library\Device\Nuvoton\M251\Source\ARM\st
artup_M251.s
Comment: __heap_limit used once
4 symbols



ARM Macro Assembler    Page 1 Alphabetic symbol ordering
Relocatable symbols

RESET 00000000

Symbol: RESET
   Definitions
      At line 47 in file ..\..\..\..\Library\Device\Nuvoton\M251\Source\ARM\sta
rtup_M251.s
   Uses
      None
Comment: RESET unused
__Vectors 00000000

Symbol: __Vectors
   Definitions
      At line 56 in file ..\..\..\..\Library\Device\Nuvoton\M251\Source\ARM\sta
rtup_M251.s
   Uses
      At line 52 in file ..\..\..\..\Library\Device\Nuvoton\M251\Source\ARM\sta
rtup_M251.s
      At line 144 in file ..\..\..\..\Library\Device\Nuvoton\M251\Source\ARM\st
artup_M251.s

__Vectors_End 00000140

Symbol: __Vectors_End
   Definitions
      At line 142 in file ..\..\..\..\Library\Device\Nuvoton\M251\Source\ARM\st
artup_M251.s
   Uses
      At line 53 in file ..\..\..\..\Library\Device\Nuvoton\M251\Source\ARM\sta
rtup_M251.s
      At line 144 in file ..\..\..\..\Library\Device\Nuvoton\M251\Source\ARM\st
artup_M251.s

3 symbols



ARM Macro Assembler    Page 1 Alphabetic symbol ordering
Relocatable symbols

.text 00000000

Symbol: .text
   Definitions
      At line 146 in file ..\..\..\..\Library\Device\Nuvoton\M251\Source\ARM\st
artup_M251.s
   Uses
      None
Comment: .text unused
ACMP01_IRQHandler 00000050

Symbol: ACMP01_IRQHandler
   Definitions
      At line 342 in file ..\..\..\..\Library\Device\Nuvoton\M251\Source\ARM\st
artup_M251.s
   Uses
      At line 119 in file ..\..\..\..\Library\Device\Nuvoton\M251\Source\ARM\st
artup_M251.s
      At line 273 in file ..\..\..\..\Library\Device\Nuvoton\M251\Source\ARM\st
artup_M251.s

BOD_IRQHandler 00000050

Symbol: BOD_IRQHandler
   Definitions
      At line 298 in file ..\..\..\..\Library\Device\Nuvoton\M251\Source\ARM\st
artup_M251.s
   Uses
      At line 75 in file ..\..\..\..\Library\Device\Nuvoton\M251\Source\ARM\sta
rtup_M251.s
      At line 229 in file ..\..\..\..\Library\Device\Nuvoton\M251\Source\ARM\st
artup_M251.s

BPWM0_IRQHandler 00000050

Symbol: BPWM0_IRQHandler
   Definitions
      At line 343 in file ..\..\..\..\Library\Device\Nuvoton\M251\Source\ARM\st
artup_M251.s
   Uses
      At line 120 in file ..\..\..\..\Library\Device\Nuvoton\M251\Source\ARM\st
artup_M251.s
      At line 274 in file ..\..\..\..\Library\Device\Nuvoton\M251\Source\ARM\st
artup_M251.s

BPWM1_IRQHandler 00000050

Symbol: BPWM1_IRQHandler
   Definitions
      At line 352 in file ..\..\..\..\Library\Device\Nuvoton\M251\Source\ARM\st
artup_M251.s
   Uses
      At line 129 in file ..\..\..\..\Library\Device\Nuvoton\M251\Source\ARM\st
artup_M251.s
      At line 283 in file ..\..\..\..\Library\Device\Nuvoton\M251\Source\ARM\st
artup_M251.s

BRAKE0_IRQHandler 00000050




ARM Macro Assembler    Page 2 Alphabetic symbol ordering
Relocatable symbols

Symbol: BRAKE0_IRQHandler
   Definitions
      At line 322 in file ..\..\..\..\Library\Device\Nuvoton\M251\Source\ARM\st
artup_M251.s
   Uses
      At line 99 in file ..\..\..\..\Library\Device\Nuvoton\M251\Source\ARM\sta
rtup_M251.s
      At line 253 in file ..\..\..\..\Library\Device\Nuvoton\M251\Source\ARM\st
artup_M251.s

BRAKE1_IRQHandler 00000050

Symbol: BRAKE1_IRQHandler
   Definitions
      At line 326 in file ..\..\..\..\Library\Device\Nuvoton\M251\Source\ARM\st
artup_M251.s
   Uses
      At line 103 in file ..\..\..\..\Library\Device\Nuvoton\M251\Source\ARM\st
artup_M251.s
      At line 257 in file ..\..\..\..\Library\Device\Nuvoton\M251\Source\ARM\st
artup_M251.s

CLKFAIL_IRQHandler 00000050

Symbol: CLKFAIL_IRQHandler
   Definitions
      At line 302 in file ..\..\..\..\Library\Device\Nuvoton\M251\Source\ARM\st
artup_M251.s
   Uses
      At line 79 in file ..\..\..\..\Library\Device\Nuvoton\M251\Source\ARM\sta
rtup_M251.s
      At line 233 in file ..\..\..\..\Library\Device\Nuvoton\M251\Source\ARM\st
artup_M251.s

CRPT_IRQHandler 00000050

Symbol: CRPT_IRQHandler
   Definitions
      At line 355 in file ..\..\..\..\Library\Device\Nuvoton\M251\Source\ARM\st
artup_M251.s
   Uses
      At line 132 in file ..\..\..\..\Library\Device\Nuvoton\M251\Source\ARM\st
artup_M251.s
      At line 286 in file ..\..\..\..\Library\Device\Nuvoton\M251\Source\ARM\st
artup_M251.s

DAC_IRQHandler 00000050

Symbol: DAC_IRQHandler
   Definitions
      At line 339 in file ..\..\..\..\Library\Device\Nuvoton\M251\Source\ARM\st
artup_M251.s
   Uses
      At line 116 in file ..\..\..\..\Library\Device\Nuvoton\M251\Source\ARM\st
artup_M251.s
      At line 270 in file ..\..\..\..\Library\Device\Nuvoton\M251\Source\ARM\st
artup_M251.s

DEFAULT_IRQHandler 00000050



ARM Macro Assembler    Page 3 Alphabetic symbol ordering
Relocatable symbols


Symbol: DEFAULT_IRQHandler
   Definitions
      At line 363 in file ..\..\..\..\Library\Device\Nuvoton\M251\Source\ARM\st
artup_M251.s
   Uses
      At line 78 in file ..\..\..\..\Library\Device\Nuvoton\M251\Source\ARM\sta
rtup_M251.s
      At line 80 in file ..\..\..\..\Library\Device\Nuvoton\M251\Source\ARM\sta
rtup_M251.s
      At line 131 in file ..\..\..\..\Library\Device\Nuvoton\M251\Source\ARM\st
artup_M251.s
      At line 134 in file ..\..\..\..\Library\Device\Nuvoton\M251\Source\ARM\st
artup_M251.s
      At line 296 in file ..\..\..\..\Library\Device\Nuvoton\M251\Source\ARM\st
artup_M251.s

Default_Handler 00000050

Symbol: Default_Handler
   Definitions
      At line 227 in file ..\..\..\..\Library\Device\Nuvoton\M251\Source\ARM\st
artup_M251.s
   Uses
      None
Comment: Default_Handler unused
EADC_INT0_IRQHandler 00000050

Symbol: EADC_INT0_IRQHandler
   Definitions
      At line 340 in file ..\..\..\..\Library\Device\Nuvoton\M251\Source\ARM\st
artup_M251.s
   Uses
      At line 117 in file ..\..\..\..\Library\Device\Nuvoton\M251\Source\ARM\st
artup_M251.s
      At line 271 in file ..\..\..\..\Library\Device\Nuvoton\M251\Source\ARM\st
artup_M251.s

EADC_INT1_IRQHandler 00000050

Symbol: EADC_INT1_IRQHandler
   Definitions
      At line 341 in file ..\..\..\..\Library\Device\Nuvoton\M251\Source\ARM\st
artup_M251.s
   Uses
      At line 118 in file ..\..\..\..\Library\Device\Nuvoton\M251\Source\ARM\st
artup_M251.s
      At line 272 in file ..\..\..\..\Library\Device\Nuvoton\M251\Source\ARM\st
artup_M251.s

EADC_INT2_IRQHandler 00000050

Symbol: EADC_INT2_IRQHandler
   Definitions
      At line 344 in file ..\..\..\..\Library\Device\Nuvoton\M251\Source\ARM\st
artup_M251.s
   Uses
      At line 121 in file ..\..\..\..\Library\Device\Nuvoton\M251\Source\ARM\st
artup_M251.s



ARM Macro Assembler    Page 4 Alphabetic symbol ordering
Relocatable symbols

      At line 275 in file ..\..\..\..\Library\Device\Nuvoton\M251\Source\ARM\st
artup_M251.s

EADC_INT3_IRQHandler 00000050

Symbol: EADC_INT3_IRQHandler
   Definitions
      At line 345 in file ..\..\..\..\Library\Device\Nuvoton\M251\Source\ARM\st
artup_M251.s
   Uses
      At line 122 in file ..\..\..\..\Library\Device\Nuvoton\M251\Source\ARM\st
artup_M251.s
      At line 276 in file ..\..\..\..\Library\Device\Nuvoton\M251\Source\ARM\st
artup_M251.s

EINT0_IRQHandler 00000050

Symbol: EINT0_IRQHandler
   Definitions
      At line 308 in file ..\..\..\..\Library\Device\Nuvoton\M251\Source\ARM\st
artup_M251.s
   Uses
      At line 85 in file ..\..\..\..\Library\Device\Nuvoton\M251\Source\ARM\sta
rtup_M251.s
      At line 239 in file ..\..\..\..\Library\Device\Nuvoton\M251\Source\ARM\st
artup_M251.s

EINT1_IRQHandler 00000050

Symbol: EINT1_IRQHandler
   Definitions
      At line 309 in file ..\..\..\..\Library\Device\Nuvoton\M251\Source\ARM\st
artup_M251.s
   Uses
      At line 86 in file ..\..\..\..\Library\Device\Nuvoton\M251\Source\ARM\sta
rtup_M251.s
      At line 240 in file ..\..\..\..\Library\Device\Nuvoton\M251\Source\ARM\st
artup_M251.s

EINT2_IRQHandler 00000050

Symbol: EINT2_IRQHandler
   Definitions
      At line 310 in file ..\..\..\..\Library\Device\Nuvoton\M251\Source\ARM\st
artup_M251.s
   Uses
      At line 87 in file ..\..\..\..\Library\Device\Nuvoton\M251\Source\ARM\sta
rtup_M251.s
      At line 241 in file ..\..\..\..\Library\Device\Nuvoton\M251\Source\ARM\st
artup_M251.s

EINT3_IRQHandler 00000050

Symbol: EINT3_IRQHandler
   Definitions
      At line 311 in file ..\..\..\..\Library\Device\Nuvoton\M251\Source\ARM\st
artup_M251.s
   Uses
      At line 88 in file ..\..\..\..\Library\Device\Nuvoton\M251\Source\ARM\sta



ARM Macro Assembler    Page 5 Alphabetic symbol ordering
Relocatable symbols

rtup_M251.s
      At line 242 in file ..\..\..\..\Library\Device\Nuvoton\M251\Source\ARM\st
artup_M251.s

EINT4_IRQHandler 00000050

Symbol: EINT4_IRQHandler
   Definitions
      At line 312 in file ..\..\..\..\Library\Device\Nuvoton\M251\Source\ARM\st
artup_M251.s
   Uses
      At line 89 in file ..\..\..\..\Library\Device\Nuvoton\M251\Source\ARM\sta
rtup_M251.s
      At line 243 in file ..\..\..\..\Library\Device\Nuvoton\M251\Source\ARM\st
artup_M251.s

EINT5_IRQHandler 00000050

Symbol: EINT5_IRQHandler
   Definitions
      At line 313 in file ..\..\..\..\Library\Device\Nuvoton\M251\Source\ARM\st
artup_M251.s
   Uses
      At line 90 in file ..\..\..\..\Library\Device\Nuvoton\M251\Source\ARM\sta
rtup_M251.s
      At line 244 in file ..\..\..\..\Library\Device\Nuvoton\M251\Source\ARM\st
artup_M251.s

GPA_IRQHandler 00000050

Symbol: GPA_IRQHandler
   Definitions
      At line 314 in file ..\..\..\..\Library\Device\Nuvoton\M251\Source\ARM\st
artup_M251.s
   Uses
      At line 91 in file ..\..\..\..\Library\Device\Nuvoton\M251\Source\ARM\sta
rtup_M251.s
      At line 245 in file ..\..\..\..\Library\Device\Nuvoton\M251\Source\ARM\st
artup_M251.s

GPB_IRQHandler 00000050

Symbol: GPB_IRQHandler
   Definitions
      At line 315 in file ..\..\..\..\Library\Device\Nuvoton\M251\Source\ARM\st
artup_M251.s
   Uses
      At line 92 in file ..\..\..\..\Library\Device\Nuvoton\M251\Source\ARM\sta
rtup_M251.s
      At line 246 in file ..\..\..\..\Library\Device\Nuvoton\M251\Source\ARM\st
artup_M251.s

GPC_IRQHandler 00000050

Symbol: GPC_IRQHandler
   Definitions
      At line 316 in file ..\..\..\..\Library\Device\Nuvoton\M251\Source\ARM\st
artup_M251.s
   Uses



ARM Macro Assembler    Page 6 Alphabetic symbol ordering
Relocatable symbols

      At line 93 in file ..\..\..\..\Library\Device\Nuvoton\M251\Source\ARM\sta
rtup_M251.s
      At line 247 in file ..\..\..\..\Library\Device\Nuvoton\M251\Source\ARM\st
artup_M251.s

GPD_IRQHandler 00000050

Symbol: GPD_IRQHandler
   Definitions
      At line 317 in file ..\..\..\..\Library\Device\Nuvoton\M251\Source\ARM\st
artup_M251.s
   Uses
      At line 94 in file ..\..\..\..\Library\Device\Nuvoton\M251\Source\ARM\sta
rtup_M251.s
      At line 248 in file ..\..\..\..\Library\Device\Nuvoton\M251\Source\ARM\st
artup_M251.s

GPE_IRQHandler 00000050

Symbol: GPE_IRQHandler
   Definitions
      At line 318 in file ..\..\..\..\Library\Device\Nuvoton\M251\Source\ARM\st
artup_M251.s
   Uses
      At line 95 in file ..\..\..\..\Library\Device\Nuvoton\M251\Source\ARM\sta
rtup_M251.s
      At line 249 in file ..\..\..\..\Library\Device\Nuvoton\M251\Source\ARM\st
artup_M251.s

GPF_IRQHandler 00000050

Symbol: GPF_IRQHandler
   Definitions
      At line 319 in file ..\..\..\..\Library\Device\Nuvoton\M251\Source\ARM\st
artup_M251.s
   Uses
      At line 96 in file ..\..\..\..\Library\Device\Nuvoton\M251\Source\ARM\sta
rtup_M251.s
      At line 250 in file ..\..\..\..\Library\Device\Nuvoton\M251\Source\ARM\st
artup_M251.s

HardFault_Handler 0000003A

Symbol: HardFault_Handler
   Definitions
      At line 204 in file ..\..\..\..\Library\Device\Nuvoton\M251\Source\ARM\st
artup_M251.s
   Uses
      At line 59 in file ..\..\..\..\Library\Device\Nuvoton\M251\Source\ARM\sta
rtup_M251.s
      At line 206 in file ..\..\..\..\Library\Device\Nuvoton\M251\Source\ARM\st
artup_M251.s

I2C0_IRQHandler 00000050

Symbol: I2C0_IRQHandler
   Definitions
      At line 336 in file ..\..\..\..\Library\Device\Nuvoton\M251\Source\ARM\st
artup_M251.s



ARM Macro Assembler    Page 7 Alphabetic symbol ordering
Relocatable symbols

   Uses
      At line 113 in file ..\..\..\..\Library\Device\Nuvoton\M251\Source\ARM\st
artup_M251.s
      At line 267 in file ..\..\..\..\Library\Device\Nuvoton\M251\Source\ARM\st
artup_M251.s

I2C1_IRQHandler 00000050

Symbol: I2C1_IRQHandler
   Definitions
      At line 337 in file ..\..\..\..\Library\Device\Nuvoton\M251\Source\ARM\st
artup_M251.s
   Uses
      At line 114 in file ..\..\..\..\Library\Device\Nuvoton\M251\Source\ARM\st
artup_M251.s
      At line 268 in file ..\..\..\..\Library\Device\Nuvoton\M251\Source\ARM\st
artup_M251.s

IRCTRIM_IRQHandler 00000050

Symbol: IRCTRIM_IRQHandler
   Definitions
      At line 299 in file ..\..\..\..\Library\Device\Nuvoton\M251\Source\ARM\st
artup_M251.s
   Uses
      At line 76 in file ..\..\..\..\Library\Device\Nuvoton\M251\Source\ARM\sta
rtup_M251.s
      At line 230 in file ..\..\..\..\Library\Device\Nuvoton\M251\Source\ARM\st
artup_M251.s

LCD_IRQHandler 00000050

Symbol: LCD_IRQHandler
   Definitions
      At line 359 in file ..\..\..\..\Library\Device\Nuvoton\M251\Source\ARM\st
artup_M251.s
   Uses
      At line 136 in file ..\..\..\..\Library\Device\Nuvoton\M251\Source\ARM\st
artup_M251.s
      At line 290 in file ..\..\..\..\Library\Device\Nuvoton\M251\Source\ARM\st
artup_M251.s

NMI_Handler 00000038

Symbol: NMI_Handler
   Definitions
      At line 199 in file ..\..\..\..\Library\Device\Nuvoton\M251\Source\ARM\st
artup_M251.s
   Uses
      At line 58 in file ..\..\..\..\Library\Device\Nuvoton\M251\Source\ARM\sta
rtup_M251.s
      At line 200 in file ..\..\..\..\Library\Device\Nuvoton\M251\Source\ARM\st
artup_M251.s

OPA_IRQHandler 00000050

Symbol: OPA_IRQHandler
   Definitions
      At line 360 in file ..\..\..\..\Library\Device\Nuvoton\M251\Source\ARM\st



ARM Macro Assembler    Page 8 Alphabetic symbol ordering
Relocatable symbols

artup_M251.s
   Uses
      At line 137 in file ..\..\..\..\Library\Device\Nuvoton\M251\Source\ARM\st
artup_M251.s
      At line 291 in file ..\..\..\..\Library\Device\Nuvoton\M251\Source\ARM\st
artup_M251.s

PDMA_IRQHandler 00000050

Symbol: PDMA_IRQHandler
   Definitions
      At line 338 in file ..\..\..\..\Library\Device\Nuvoton\M251\Source\ARM\st
artup_M251.s
   Uses
      At line 115 in file ..\..\..\..\Library\Device\Nuvoton\M251\Source\ARM\st
artup_M251.s
      At line 269 in file ..\..\..\..\Library\Device\Nuvoton\M251\Source\ARM\st
artup_M251.s

PSIO_IRQHandler 00000050

Symbol: PSIO_IRQHandler
   Definitions
      At line 353 in file ..\..\..\..\Library\Device\Nuvoton\M251\Source\ARM\st
artup_M251.s
   Uses
      At line 130 in file ..\..\..\..\Library\Device\Nuvoton\M251\Source\ARM\st
artup_M251.s
      At line 284 in file ..\..\..\..\Library\Device\Nuvoton\M251\Source\ARM\st
artup_M251.s

PWM0_P0_IRQHandler 00000050

Symbol: PWM0_P0_IRQHandler
   Definitions
      At line 323 in file ..\..\..\..\Library\Device\Nuvoton\M251\Source\ARM\st
artup_M251.s
   Uses
      At line 100 in file ..\..\..\..\Library\Device\Nuvoton\M251\Source\ARM\st
artup_M251.s
      At line 254 in file ..\..\..\..\Library\Device\Nuvoton\M251\Source\ARM\st
artup_M251.s

PWM0_P1_IRQHandler 00000050

Symbol: PWM0_P1_IRQHandler
   Definitions
      At line 324 in file ..\..\..\..\Library\Device\Nuvoton\M251\Source\ARM\st
artup_M251.s
   Uses
      At line 101 in file ..\..\..\..\Library\Device\Nuvoton\M251\Source\ARM\st
artup_M251.s
      At line 255 in file ..\..\..\..\Library\Device\Nuvoton\M251\Source\ARM\st
artup_M251.s

PWM0_P2_IRQHandler 00000050

Symbol: PWM0_P2_IRQHandler
   Definitions



ARM Macro Assembler    Page 9 Alphabetic symbol ordering
Relocatable symbols

      At line 325 in file ..\..\..\..\Library\Device\Nuvoton\M251\Source\ARM\st
artup_M251.s
   Uses
      At line 102 in file ..\..\..\..\Library\Device\Nuvoton\M251\Source\ARM\st
artup_M251.s
      At line 256 in file ..\..\..\..\Library\Device\Nuvoton\M251\Source\ARM\st
artup_M251.s

PWM1_P0_IRQHandler 00000050

Symbol: PWM1_P0_IRQHandler
   Definitions
      At line 327 in file ..\..\..\..\Library\Device\Nuvoton\M251\Source\ARM\st
artup_M251.s
   Uses
      At line 104 in file ..\..\..\..\Library\Device\Nuvoton\M251\Source\ARM\st
artup_M251.s
      At line 258 in file ..\..\..\..\Library\Device\Nuvoton\M251\Source\ARM\st
artup_M251.s

PWM1_P1_IRQHandler 00000050

Symbol: PWM1_P1_IRQHandler
   Definitions
      At line 328 in file ..\..\..\..\Library\Device\Nuvoton\M251\Source\ARM\st
artup_M251.s
   Uses
      At line 105 in file ..\..\..\..\Library\Device\Nuvoton\M251\Source\ARM\st
artup_M251.s
      At line 259 in file ..\..\..\..\Library\Device\Nuvoton\M251\Source\ARM\st
artup_M251.s

PWM1_P2_IRQHandler 00000050

Symbol: PWM1_P2_IRQHandler
   Definitions
      At line 329 in file ..\..\..\..\Library\Device\Nuvoton\M251\Source\ARM\st
artup_M251.s
   Uses
      At line 106 in file ..\..\..\..\Library\Device\Nuvoton\M251\Source\ARM\st
artup_M251.s
      At line 260 in file ..\..\..\..\Library\Device\Nuvoton\M251\Source\ARM\st
artup_M251.s

PWRWU_IRQHandler 00000050

Symbol: PWRWU_IRQHandler
   Definitions
      At line 300 in file ..\..\..\..\Library\Device\Nuvoton\M251\Source\ARM\st
artup_M251.s
   Uses
      At line 77 in file ..\..\..\..\Library\Device\Nuvoton\M251\Source\ARM\sta
rtup_M251.s
      At line 231 in file ..\..\..\..\Library\Device\Nuvoton\M251\Source\ARM\st
artup_M251.s

PendSV_Handler 0000004C

Symbol: PendSV_Handler



ARM Macro Assembler    Page 10 Alphabetic symbol ordering
Relocatable symbols

   Definitions
      At line 218 in file ..\..\..\..\Library\Device\Nuvoton\M251\Source\ARM\st
artup_M251.s
   Uses
      At line 70 in file ..\..\..\..\Library\Device\Nuvoton\M251\Source\ARM\sta
rtup_M251.s
      At line 219 in file ..\..\..\..\Library\Device\Nuvoton\M251\Source\ARM\st
artup_M251.s

QSPI0_IRQHandler 00000050

Symbol: QSPI0_IRQHandler
   Definitions
      At line 320 in file ..\..\..\..\Library\Device\Nuvoton\M251\Source\ARM\st
artup_M251.s
   Uses
      At line 97 in file ..\..\..\..\Library\Device\Nuvoton\M251\Source\ARM\sta
rtup_M251.s
      At line 251 in file ..\..\..\..\Library\Device\Nuvoton\M251\Source\ARM\st
artup_M251.s

RTC_IRQHandler 00000050

Symbol: RTC_IRQHandler
   Definitions
      At line 304 in file ..\..\..\..\Library\Device\Nuvoton\M251\Source\ARM\st
artup_M251.s
   Uses
      At line 81 in file ..\..\..\..\Library\Device\Nuvoton\M251\Source\ARM\sta
rtup_M251.s
      At line 235 in file ..\..\..\..\Library\Device\Nuvoton\M251\Source\ARM\st
artup_M251.s

Reset_Handler 00000000

Symbol: Reset_Handler
   Definitions
      At line 151 in file ..\..\..\..\Library\Device\Nuvoton\M251\Source\ARM\st
artup_M251.s
   Uses
      At line 57 in file ..\..\..\..\Library\Device\Nuvoton\M251\Source\ARM\sta
rtup_M251.s
      At line 152 in file ..\..\..\..\Library\Device\Nuvoton\M251\Source\ARM\st
artup_M251.s

SC0_IRQHandler 00000050

Symbol: SC0_IRQHandler
   Definitions
      At line 356 in file ..\..\..\..\Library\Device\Nuvoton\M251\Source\ARM\st
artup_M251.s
   Uses
      At line 133 in file ..\..\..\..\Library\Device\Nuvoton\M251\Source\ARM\st
artup_M251.s
      At line 287 in file ..\..\..\..\Library\Device\Nuvoton\M251\Source\ARM\st
artup_M251.s

SH_DoCommand 00000054




ARM Macro Assembler    Page 11 Alphabetic symbol ordering
Relocatable symbols

Symbol: SH_DoCommand
   Definitions
      At line 397 in file ..\..\..\..\Library\Device\Nuvoton\M251\Source\ARM\st
artup_M251.s
   Uses
      At line 399 in file ..\..\..\..\Library\Device\Nuvoton\M251\Source\ARM\st
artup_M251.s
Comment: SH_DoCommand used once
SPI0_IRQHandler 00000050

Symbol: SPI0_IRQHandler
   Definitions
      At line 321 in file ..\..\..\..\Library\Device\Nuvoton\M251\Source\ARM\st
artup_M251.s
   Uses
      At line 98 in file ..\..\..\..\Library\Device\Nuvoton\M251\Source\ARM\sta
rtup_M251.s
      At line 252 in file ..\..\..\..\Library\Device\Nuvoton\M251\Source\ARM\st
artup_M251.s

SPI1_IRQHandler 00000050

Symbol: SPI1_IRQHandler
   Definitions
      At line 349 in file ..\..\..\..\Library\Device\Nuvoton\M251\Source\ARM\st
artup_M251.s
   Uses
      At line 126 in file ..\..\..\..\Library\Device\Nuvoton\M251\Source\ARM\st
artup_M251.s
      At line 280 in file ..\..\..\..\Library\Device\Nuvoton\M251\Source\ARM\st
artup_M251.s

SVC_Handler 0000004A

Symbol: SVC_Handler
   Definitions
      At line 214 in file ..\..\..\..\Library\Device\Nuvoton\M251\Source\ARM\st
artup_M251.s
   Uses
      At line 67 in file ..\..\..\..\Library\Device\Nuvoton\M251\Source\ARM\sta
rtup_M251.s
      At line 215 in file ..\..\..\..\Library\Device\Nuvoton\M251\Source\ARM\st
artup_M251.s

SysTick_Handler 0000004E

Symbol: SysTick_Handler
   Definitions
      At line 222 in file ..\..\..\..\Library\Device\Nuvoton\M251\Source\ARM\st
artup_M251.s
   Uses
      At line 71 in file ..\..\..\..\Library\Device\Nuvoton\M251\Source\ARM\sta
rtup_M251.s
      At line 223 in file ..\..\..\..\Library\Device\Nuvoton\M251\Source\ARM\st
artup_M251.s

TAMPER_IRQHandler 00000050

Symbol: TAMPER_IRQHandler



ARM Macro Assembler    Page 12 Alphabetic symbol ordering
Relocatable symbols

   Definitions
      At line 305 in file ..\..\..\..\Library\Device\Nuvoton\M251\Source\ARM\st
artup_M251.s
   Uses
      At line 82 in file ..\..\..\..\Library\Device\Nuvoton\M251\Source\ARM\sta
rtup_M251.s
      At line 236 in file ..\..\..\..\Library\Device\Nuvoton\M251\Source\ARM\st
artup_M251.s

TK_IRQHandler 00000050

Symbol: TK_IRQHandler
   Definitions
      At line 361 in file ..\..\..\..\Library\Device\Nuvoton\M251\Source\ARM\st
artup_M251.s
   Uses
      At line 138 in file ..\..\..\..\Library\Device\Nuvoton\M251\Source\ARM\st
artup_M251.s
      At line 292 in file ..\..\..\..\Library\Device\Nuvoton\M251\Source\ARM\st
artup_M251.s

TMR0_IRQHandler 00000050

Symbol: TMR0_IRQHandler
   Definitions
      At line 330 in file ..\..\..\..\Library\Device\Nuvoton\M251\Source\ARM\st
artup_M251.s
   Uses
      At line 107 in file ..\..\..\..\Library\Device\Nuvoton\M251\Source\ARM\st
artup_M251.s
      At line 261 in file ..\..\..\..\Library\Device\Nuvoton\M251\Source\ARM\st
artup_M251.s

TMR1_IRQHandler 00000050

Symbol: TMR1_IRQHandler
   Definitions
      At line 331 in file ..\..\..\..\Library\Device\Nuvoton\M251\Source\ARM\st
artup_M251.s
   Uses
      At line 108 in file ..\..\..\..\Library\Device\Nuvoton\M251\Source\ARM\st
artup_M251.s
      At line 262 in file ..\..\..\..\Library\Device\Nuvoton\M251\Source\ARM\st
artup_M251.s

TMR2_IRQHandler 00000050

Symbol: TMR2_IRQHandler
   Definitions
      At line 332 in file ..\..\..\..\Library\Device\Nuvoton\M251\Source\ARM\st
artup_M251.s
   Uses
      At line 109 in file ..\..\..\..\Library\Device\Nuvoton\M251\Source\ARM\st
artup_M251.s
      At line 263 in file ..\..\..\..\Library\Device\Nuvoton\M251\Source\ARM\st
artup_M251.s

TMR3_IRQHandler 00000050




ARM Macro Assembler    Page 13 Alphabetic symbol ordering
Relocatable symbols

Symbol: TMR3_IRQHandler
   Definitions
      At line 333 in file ..\..\..\..\Library\Device\Nuvoton\M251\Source\ARM\st
artup_M251.s
   Uses
      At line 110 in file ..\..\..\..\Library\Device\Nuvoton\M251\Source\ARM\st
artup_M251.s
      At line 264 in file ..\..\..\..\Library\Device\Nuvoton\M251\Source\ARM\st
artup_M251.s

UART0_IRQHandler 00000050

Symbol: UART0_IRQHandler
   Definitions
      At line 334 in file ..\..\..\..\Library\Device\Nuvoton\M251\Source\ARM\st
artup_M251.s
   Uses
      At line 111 in file ..\..\..\..\Library\Device\Nuvoton\M251\Source\ARM\st
artup_M251.s
      At line 265 in file ..\..\..\..\Library\Device\Nuvoton\M251\Source\ARM\st
artup_M251.s

UART1_IRQHandler 00000050

Symbol: UART1_IRQHandler
   Definitions
      At line 335 in file ..\..\..\..\Library\Device\Nuvoton\M251\Source\ARM\st
artup_M251.s
   Uses
      At line 112 in file ..\..\..\..\Library\Device\Nuvoton\M251\Source\ARM\st
artup_M251.s
      At line 266 in file ..\..\..\..\Library\Device\Nuvoton\M251\Source\ARM\st
artup_M251.s

UART2_IRQHandler 00000050

Symbol: UART2_IRQHandler
   Definitions
      At line 346 in file ..\..\..\..\Library\Device\Nuvoton\M251\Source\ARM\st
artup_M251.s
   Uses
      At line 123 in file ..\..\..\..\Library\Device\Nuvoton\M251\Source\ARM\st
artup_M251.s
      At line 277 in file ..\..\..\..\Library\Device\Nuvoton\M251\Source\ARM\st
artup_M251.s

UART3_IRQHandler 00000050

Symbol: UART3_IRQHandler
   Definitions
      At line 347 in file ..\..\..\..\Library\Device\Nuvoton\M251\Source\ARM\st
artup_M251.s
   Uses
      At line 124 in file ..\..\..\..\Library\Device\Nuvoton\M251\Source\ARM\st
artup_M251.s
      At line 278 in file ..\..\..\..\Library\Device\Nuvoton\M251\Source\ARM\st
artup_M251.s

USBD_IRQHandler 00000050



ARM Macro Assembler    Page 14 Alphabetic symbol ordering
Relocatable symbols


Symbol: USBD_IRQHandler
   Definitions
      At line 351 in file ..\..\..\..\Library\Device\Nuvoton\M251\Source\ARM\st
artup_M251.s
   Uses
      At line 128 in file ..\..\..\..\Library\Device\Nuvoton\M251\Source\ARM\st
artup_M251.s
      At line 282 in file ..\..\..\..\Library\Device\Nuvoton\M251\Source\ARM\st
artup_M251.s

USCI0_IRQHandler 00000050

Symbol: USCI0_IRQHandler
   Definitions
      At line 348 in file ..\..\..\..\Library\Device\Nuvoton\M251\Source\ARM\st
artup_M251.s
   Uses
      At line 125 in file ..\..\..\..\Library\Device\Nuvoton\M251\Source\ARM\st
artup_M251.s
      At line 279 in file ..\..\..\..\Library\Device\Nuvoton\M251\Source\ARM\st
artup_M251.s

USCI1_IRQHandler 00000050

Symbol: USCI1_IRQHandler
   Definitions
      At line 350 in file ..\..\..\..\Library\Device\Nuvoton\M251\Source\ARM\st
artup_M251.s
   Uses
      At line 127 in file ..\..\..\..\Library\Device\Nuvoton\M251\Source\ARM\st
artup_M251.s
      At line 281 in file ..\..\..\..\Library\Device\Nuvoton\M251\Source\ARM\st
artup_M251.s

USCI2_IRQHandler 00000050

Symbol: USCI2_IRQHandler
   Definitions
      At line 358 in file ..\..\..\..\Library\Device\Nuvoton\M251\Source\ARM\st
artup_M251.s
   Uses
      At line 135 in file ..\..\..\..\Library\Device\Nuvoton\M251\Source\ARM\st
artup_M251.s
      At line 289 in file ..\..\..\..\Library\Device\Nuvoton\M251\Source\ARM\st
artup_M251.s

WDT_IRQHandler 00000050

Symbol: WDT_IRQHandler
   Definitions
      At line 306 in file ..\..\..\..\Library\Device\Nuvoton\M251\Source\ARM\st
artup_M251.s
   Uses
      At line 83 in file ..\..\..\..\Library\Device\Nuvoton\M251\Source\ARM\sta
rtup_M251.s
      At line 237 in file ..\..\..\..\Library\Device\Nuvoton\M251\Source\ARM\st
artup_M251.s




ARM Macro Assembler    Page 15 Alphabetic symbol ordering
Relocatable symbols

WWDT_IRQHandler 00000050

Symbol: WWDT_IRQHandler
   Definitions
      At line 307 in file ..\..\..\..\Library\Device\Nuvoton\M251\Source\ARM\st
artup_M251.s
   Uses
      At line 84 in file ..\..\..\..\Library\Device\Nuvoton\M251\Source\ARM\sta
rtup_M251.s
      At line 238 in file ..\..\..\..\Library\Device\Nuvoton\M251\Source\ARM\st
artup_M251.s

__PC 0000005E

Symbol: __PC
   Definitions
      At line 410 in file ..\..\..\..\Library\Device\Nuvoton\M251\Source\ARM\st
artup_M251.s
   Uses
      At line 411 in file ..\..\..\..\Library\Device\Nuvoton\M251\Source\ARM\st
artup_M251.s
Comment: __PC used once
71 symbols



ARM Macro Assembler    Page 1 Alphabetic symbol ordering
Absolute symbols

Heap_Size 00000000

Symbol: Heap_Size
   Definitions
      At line 32 in file ..\..\..\..\Library\Device\Nuvoton\M251\Source\ARM\sta
rtup_M251.s
   Uses
      At line 37 in file ..\..\..\..\Library\Device\Nuvoton\M251\Source\ARM\sta
rtup_M251.s
Comment: Heap_Size used once
Stack_Size 00000800

Symbol: Stack_Size
   Definitions
      At line 19 in file ..\..\..\..\Library\Device\Nuvoton\M251\Source\ARM\sta
rtup_M251.s
   Uses
      At line 23 in file ..\..\..\..\Library\Device\Nuvoton\M251\Source\ARM\sta
rtup_M251.s
Comment: Stack_Size used once
__Vectors_Size 00000140

Symbol: __Vectors_Size
   Definitions
      At line 144 in file ..\..\..\..\Library\Device\Nuvoton\M251\Source\ARM\st
artup_M251.s
   Uses
      At line 54 in file ..\..\..\..\Library\Device\Nuvoton\M251\Source\ARM\sta
rtup_M251.s
Comment: __Vectors_Size used once
3 symbols



ARM Macro Assembler    Page 1 Alphabetic symbol ordering
External symbols

GetChar 00000000

Symbol: GetChar
   Definitions
      At line 50 in file ..\..\..\..\Library\Device\Nuvoton\M251\Source\ARM\sta
rtup_M251.s
   Uses
      At line 61 in file ..\..\..\..\Library\Device\Nuvoton\M251\Source\ARM\sta
rtup_M251.s
Comment: GetChar used once
ProcessHardFault 00000000

Symbol: ProcessHardFault
   Definitions
      At line 205 in file ..\..\..\..\Library\Device\Nuvoton\M251\Source\ARM\st
artup_M251.s
   Uses
      At line 210 in file ..\..\..\..\Library\Device\Nuvoton\M251\Source\ARM\st
artup_M251.s
Comment: ProcessHardFault used once
SH_Return 00000000

Symbol: SH_Return
   Definitions
      At line 400 in file ..\..\..\..\Library\Device\Nuvoton\M251\Source\ARM\st
artup_M251.s
   Uses
      At line 403 in file ..\..\..\..\Library\Device\Nuvoton\M251\Source\ARM\st
artup_M251.s
Comment: SH_Return used once
SendChar_ToUART 00000000

Symbol: SendChar_ToUART
   Definitions
      At line 49 in file ..\..\..\..\Library\Device\Nuvoton\M251\Source\ARM\sta
rtup_M251.s
   Uses
      At line 60 in file ..\..\..\..\Library\Device\Nuvoton\M251\Source\ARM\sta
rtup_M251.s
Comment: SendChar_ToUART used once
SystemInit 00000000

Symbol: SystemInit
   Definitions
      At line 153 in file ..\..\..\..\Library\Device\Nuvoton\M251\Source\ARM\st
artup_M251.s
   Uses
      At line 167 in file ..\..\..\..\Library\Device\Nuvoton\M251\Source\ARM\st
artup_M251.s
Comment: SystemInit used once
__main 00000000

Symbol: __main
   Definitions
      At line 154 in file ..\..\..\..\Library\Device\Nuvoton\M251\Source\ARM\st
artup_M251.s
   Uses
      At line 192 in file ..\..\..\..\Library\Device\Nuvoton\M251\Source\ARM\st
artup_M251.s



ARM Macro Assembler    Page 2 Alphabetic symbol ordering
External symbols

Comment: __main used once
6 symbols
426 symbols in table
